# JRE version: OpenJDK Runtime Environment Temurin-21.0.10+7 (21.0.10+7) (build 21.0.10+7-LTS)
# Java VM: OpenJDK 64-Bit Server VM Temurin-21.0.10+7 (21.0.10+7-LTS, mixed mode, sharing, tiered, compressed oops, compressed class ptrs, parallel gc, windows-amd64)
GC Precious Log:
 CardTable entry size: 512
 CPUs: 16 total, 16 available
 Memory: 8010M
 Large Page Support: Disabled
 NUMA Support: Disabled
 Compressed Oops: Enabled (32-bit)
 Alignments: Space 512K, Generation 512K, Heap 2M
 Heap Min Capacity: 100M
 Heap Initial Capacity: 100M
 Heap Max Capacity: 2G
 Pre-touch: Disabled
 Parallel Workers: 13
Heap:
 PSYoungGen      total 3072K, used 3071K [0x00000000d5580000, 0x00000000d5a00000, 0x0000000100000000)
  eden space 2560K, 99% used [0x00000000d5580000,0x00000000d57ffff8,0x00000000d5800000)
  from space 512K, 100% used [0x00000000d5900000,0x00000000d5980000,0x00000000d5980000)
  to   space 1024K, 21% used [0x00000000d5800000,0x00000000d5838000,0x00000000d5900000)
 ParOldGen       total 930304K, used 930301K [0x0000000080000000, 0x00000000b8c80000, 0x00000000d5580000)
  object space 930304K, 99% used [0x0000000080000000,0x00000000b8c7f5a8,0x00000000b8c80000)
 Metaspace       used 87663K, committed 89536K, reserved 1179648K
  class space    used 8744K, committed 9600K, reserved 1048576K
GC Heap History (20 events):
Event: 873.552 GC heap after
{Heap after GC invocations=2562 (full 6):
 PSYoungGen      total 2560K, used 512K [0x00000000d5580000, 0x00000000d5980000, 0x0000000100000000)
  eden space 2048K, 0% used [0x00000000d5580000,0x00000000d5580000,0x00000000d5780000)
  from space 512K, 100% used [0x00000000d5900000,0x00000000d5980000,0x00000000d5980000)
  to   space 1024K, 0% used [0x00000000d5780000,0x00000000d5780000,0x00000000d5880000)
 ParOldGen       total 893952K, used 893668K [0x0000000080000000, 0x00000000b6900000, 0x00000000d5580000)
  object space 893952K, 99% used [0x0000000080000000,0x00000000b68b90c8,0x00000000b6900000)
 Metaspace       used 87647K, committed 89536K, reserved 1179648K
  class space    used 8742K, committed 9600K, reserved 1048576K
}
Event: 873.573 GC heap before
{Heap before GC invocations=2563 (full 6):
 PSYoungGen      total 2560K, used 2560K [0x00000000d5580000, 0x00000000d5980000, 0x0000000100000000)
  eden space 2048K, 100% used [0x00000000d5580000,0x00000000d5780000,0x00000000d5780000)
  from space 512K, 100% used [0x00000000d5900000,0x00000000d5980000,0x00000000d5980000)
  to   space 1024K, 0% used [0x00000000d5780000,0x00000000d5780000,0x00000000d5880000)
 ParOldGen       total 893952K, used 893668K [0x0000000080000000, 0x00000000b6900000, 0x00000000d5580000)
  object space 893952K, 99% used [0x0000000080000000,0x00000000b68b90c8,0x00000000b6900000)
 Metaspace       used 87647K, committed 89536K, reserved 1179648K
  class space    used 8742K, committed 9600K, reserved 1048576K
}
Event: 873.576 GC heap after
{Heap after GC invocations=2563 (full 6):
 PSYoungGen      total 3072K, used 705K [0x00000000d5580000, 0x00000000d5a00000, 0x0000000100000000)
  eden space 2048K, 0% used [0x00000000d5580000,0x00000000d5580000,0x00000000d5780000)
  from space 1024K, 68% used [0x00000000d5780000,0x00000000d5830570,0x00000000d5880000)
  to   space 1024K, 0% used [0x00000000d5900000,0x00000000d5900000,0x00000000d5a00000)
 ParOldGen       total 894976K, used 894942K [0x0000000080000000, 0x00000000b6a00000, 0x00000000d5580000)
  object space 894976K, 99% used [0x0000000080000000,0x00000000b69f78c0,0x00000000b6a00000)
 Metaspace       used 87647K, committed 89536K, reserved 1179648K
  class space    used 8742K, committed 9600K, reserved 1048576K
}
Event: 873.593 GC heap before
{Heap before GC invocations=2564 (full 6):
 PSYoungGen      total 3072K, used 2744K [0x00000000d5580000, 0x00000000d5a00000, 0x0000000100000000)
  eden space 2048K, 99% used [0x00000000d5580000,0x00000000d577dc58,0x00000000d5780000)
  from space 1024K, 68% used [0x00000000d5780000,0x00000000d5830570,0x00000000d5880000)
  to   space 1024K, 0% used [0x00000000d5900000,0x00000000d5900000,0x00000000d5a00000)
 ParOldGen       total 894976K, used 894942K [0x0000000080000000, 0x00000000b6a00000, 0x00000000d5580000)
  object space 894976K, 99% used [0x0000000080000000,0x00000000b69f78c0,0x00000000b6a00000)
 Metaspace       used 87647K, committed 89536K, reserved 1179648K
  class space    used 8742K, committed 9600K, reserved 1048576K
}
Event: 873.596 GC heap after
{Heap after GC invocations=2564 (full 6):
 PSYoungGen      total 3584K, used 908K [0x00000000d5580000, 0x00000000d5a00000, 0x0000000100000000)
  eden space 2560K, 0% used [0x00000000d5580000,0x00000000d5580000,0x00000000d5800000)
  from space 1024K, 88% used [0x00000000d5900000,0x00000000d59e31b8,0x00000000d5a00000)
  to   space 1024K, 0% used [0x00000000d5800000,0x00000000d5800000,0x00000000d5900000)
 ParOldGen       total 896000K, used 895497K [0x0000000080000000, 0x00000000b6b00000, 0x00000000d5580000)
  object space 896000K, 99% used [0x0000000080000000,0x00000000b6a82660,0x00000000b6b00000)
 Metaspace       used 87647K, committed 89536K, reserved 1179648K
  class space    used 8742K, committed 9600K, reserved 1048576K
}
Event: 873.637 GC heap before
{Heap before GC invocations=2565 (full 6):
 PSYoungGen      total 3584K, used 3468K [0x00000000d5580000, 0x00000000d5a00000, 0x0000000100000000)
  eden space 2560K, 100% used [0x00000000d5580000,0x00000000d5800000,0x00000000d5800000)
  from space 1024K, 88% used [0x00000000d5900000,0x00000000d59e31b8,0x00000000d5a00000)
  to   space 1024K, 0% used [0x00000000d5800000,0x00000000d5800000,0x00000000d5900000)
 ParOldGen       total 896000K, used 895497K [0x0000000080000000, 0x00000000b6b00000, 0x00000000d5580000)
  object space 896000K, 99% used [0x0000000080000000,0x00000000b6a82660,0x00000000b6b00000)
 Metaspace       used 87647K, committed 89536K, reserved 1179648K
  class space    used 8742K, committed 9600K, reserved 1048576K
}
Event: 873.642 GC heap after
{Heap after GC invocations=2565 (full 6):
 PSYoungGen      total 3584K, used 1023K [0x00000000d5580000, 0x00000000d5c00000, 0x0000000100000000)
  eden space 2560K, 0% used [0x00000000d5580000,0x00000000d5580000,0x00000000d5800000)
  from space 1024K, 99% used [0x00000000d5800000,0x00000000d58ffc88,0x00000000d5900000)
  to   space 2048K, 0% used [0x00000000d5a00000,0x00000000d5a00000,0x00000000d5c00000)
 ParOldGen       total 896512K, used 896247K [0x0000000080000000, 0x00000000b6b80000, 0x00000000d5580000)
  object space 896512K, 99% used [0x0000000080000000,0x00000000b6b3dd50,0x00000000b6b80000)
 Metaspace       used 87647K, committed 89536K, reserved 1179648K
  class space    used 8742K, committed 9600K, reserved 1048576K
}
Event: 873.655 GC heap before
{Heap before GC invocations=2566 (full 6):
 PSYoungGen      total 3584K, used 3583K [0x00000000d5580000, 0x00000000d5c00000, 0x0000000100000000)
  eden space 2560K, 100% used [0x00000000d5580000,0x00000000d5800000,0x00000000d5800000)
  from space 1024K, 99% used [0x00000000d5800000,0x00000000d58ffc88,0x00000000d5900000)
  to   space 2048K, 0% used [0x00000000d5a00000,0x00000000d5a00000,0x00000000d5c00000)
 ParOldGen       total 896512K, used 896247K [0x0000000080000000, 0x00000000b6b80000, 0x00000000d5580000)
  object space 896512K, 99% used [0x0000000080000000,0x00000000b6b3dd50,0x00000000b6b80000)
 Metaspace       used 87647K, committed 89536K, reserved 1179648K
  class space    used 8742K, committed 9600K, reserved 1048576K
}
Event: 873.659 GC heap after
{Heap after GC invocations=2566 (full 6):
 PSYoungGen      total 3584K, used 800K [0x00000000d5580000, 0x00000000d5b00000, 0x0000000100000000)
  eden space 2560K, 0% used [0x00000000d5580000,0x00000000d5580000,0x00000000d5800000)
  from space 1024K, 78% used [0x00000000d5a00000,0x00000000d5ac8000,0x00000000d5b00000)
  to   space 1536K, 0% used [0x00000000d5800000,0x00000000d5800000,0x00000000d5980000)
 ParOldGen       total 897536K, used 897259K [0x0000000080000000, 0x00000000b6c80000, 0x00000000d5580000)
  object space 897536K, 99% used [0x0000000080000000,0x00000000b6c3acc0,0x00000000b6c80000)
 Metaspace       used 87647K, committed 89536K, reserved 1179648K
  class space    used 8742K, committed 9600K, reserved 1048576K
}
Event: 873.683 GC heap before
{Heap before GC invocations=2567 (full 6):
 PSYoungGen      total 3584K, used 3359K [0x00000000d5580000, 0x00000000d5b00000, 0x0000000100000000)
  eden space 2560K, 99% used [0x00000000d5580000,0x00000000d57fffc0,0x00000000d5800000)
  from space 1024K, 78% used [0x00000000d5a00000,0x00000000d5ac8000,0x00000000d5b00000)
  to   space 1536K, 0% used [0x00000000d5800000,0x00000000d5800000,0x00000000d5980000)
 ParOldGen       total 897536K, used 897259K [0x0000000080000000, 0x00000000b6c80000, 0x00000000d5580000)
  object space 897536K, 99% used [0x0000000080000000,0x00000000b6c3acc0,0x00000000b6c80000)
 Metaspace       used 87657K, committed 89536K, reserved 1179648K
  class space    used 8742K, committed 9600K, reserved 1048576K
}
Event: 873.687 GC heap after
{Heap after GC invocations=2567 (full 6):
 PSYoungGen      total 4096K, used 448K [0x00000000d5580000, 0x00000000d5a80000, 0x0000000100000000)
  eden space 2560K, 0% used [0x00000000d5580000,0x00000000d5580000,0x00000000d5800000)
  from space 1536K, 29% used [0x00000000d5800000,0x00000000d5870000,0x00000000d5980000)
  to   space 1024K, 0% used [0x00000000d5980000,0x00000000d5980000,0x00000000d5a80000)
 ParOldGen       total 898048K, used 897894K [0x0000000080000000, 0x00000000b6d00000, 0x00000000d5580000)
  object space 898048K, 99% used [0x0000000080000000,0x00000000b6cd98d8,0x00000000b6d00000)
 Metaspace       used 87657K, committed 89536K, reserved 1179648K
  class space    used 8742K, committed 9600K, reserved 1048576K
}
Event: 873.708 GC heap before
{Heap before GC invocations=2568 (full 6):
 PSYoungGen      total 4096K, used 3008K [0x00000000d5580000, 0x00000000d5a80000, 0x0000000100000000)
  eden space 2560K, 100% used [0x00000000d5580000,0x00000000d5800000,0x00000000d5800000)
  from space 1536K, 29% used [0x00000000d5800000,0x00000000d5870000,0x00000000d5980000)
  to   space 1024K, 0% used [0x00000000d5980000,0x00000000d5980000,0x00000000d5a80000)
 ParOldGen       total 918016K, used 917094K [0x0000000080000000, 0x00000000b8080000, 0x00000000d5580000)
  object space 918016K, 99% used [0x0000000080000000,0x00000000b7f998f8,0x00000000b8080000)
 Metaspace       used 87657K, committed 89536K, reserved 1179648K
  class space    used 8742K, committed 9600K, reserved 1048576K
}
Event: 873.710 GC heap after
{Heap after GC invocations=2568 (full 6):
 PSYoungGen      total 3072K, used 512K [0x00000000d5580000, 0x00000000d5a00000, 0x0000000100000000)
  eden space 2560K, 0% used [0x00000000d5580000,0x00000000d5580000,0x00000000d5800000)
  from space 512K, 100% used [0x00000000d5980000,0x00000000d5a00000,0x00000000d5a00000)
  to   space 1024K, 0% used [0x00000000d5800000,0x00000000d5800000,0x00000000d5900000)
 ParOldGen       total 918016K, used 917378K [0x0000000080000000, 0x00000000b8080000, 0x00000000d5580000)
  object space 918016K, 99% used [0x0000000080000000,0x00000000b7fe0928,0x00000000b8080000)
 Metaspace       used 87657K, committed 89536K, reserved 1179648K
  class space    used 8742K, committed 9600K, reserved 1048576K
}
Event: 873.726 GC heap before
{Heap before GC invocations=2569 (full 6):
 PSYoungGen      total 3072K, used 3072K [0x00000000d5580000, 0x00000000d5a00000, 0x0000000100000000)
  eden space 2560K, 100% used [0x00000000d5580000,0x00000000d5800000,0x00000000d5800000)
  from space 512K, 100% used [0x00000000d5980000,0x00000000d5a00000,0x00000000d5a00000)
  to   space 1024K, 0% used [0x00000000d5800000,0x00000000d5800000,0x00000000d5900000)
 ParOldGen       total 929792K, used 928898K [0x0000000080000000, 0x00000000b8c00000, 0x00000000d5580000)
  object space 929792K, 99% used [0x0000000080000000,0x00000000b8b20938,0x00000000b8c00000)
 Metaspace       used 87657K, committed 89536K, reserved 1179648K
  class space    used 8742K, committed 9600K, reserved 1048576K
}
Event: 873.729 GC heap after
{Heap after GC invocations=2569 (full 6):
 PSYoungGen      total 3584K, used 608K [0x00000000d5580000, 0x00000000d5a00000, 0x0000000100000000)
  eden space 2560K, 0% used [0x00000000d5580000,0x00000000d5580000,0x00000000d5800000)
  from space 1024K, 59% used [0x00000000d5800000,0x00000000d5898020,0x00000000d5900000)
  to   space 1024K, 0% used [0x00000000d5900000,0x00000000d5900000,0x00000000d5a00000)
 ParOldGen       total 929792K, used 929098K [0x0000000080000000, 0x00000000b8c00000, 0x00000000d5580000)
  object space 929792K, 99% used [0x0000000080000000,0x00000000b8b52938,0x00000000b8c00000)
 Metaspace       used 87657K, committed 89536K, reserved 1179648K
  class space    used 8742K, committed 9600K, reserved 1048576K
}
Event: 873.763 GC heap before
{Heap before GC invocations=2570 (full 6):
 PSYoungGen      total 3584K, used 3168K [0x00000000d5580000, 0x00000000d5a00000, 0x0000000100000000)
  eden space 2560K, 100% used [0x00000000d5580000,0x00000000d5800000,0x00000000d5800000)
  from space 1024K, 59% used [0x00000000d5800000,0x00000000d5898020,0x00000000d5900000)
  to   space 1024K, 0% used [0x00000000d5900000,0x00000000d5900000,0x00000000d5a00000)
 ParOldGen       total 929792K, used 929098K [0x0000000080000000, 0x00000000b8c00000, 0x00000000d5580000)
  object space 929792K, 99% used [0x0000000080000000,0x00000000b8b52938,0x00000000b8c00000)
 Metaspace       used 87657K, committed 89536K, reserved 1179648K
  class space    used 8742K, committed 9600K, reserved 1048576K
}
Event: 873.765 GC heap after
{Heap after GC invocations=2570 (full 6):
 PSYoungGen      total 3584K, used 576K [0x00000000d5580000, 0x00000000d5a00000, 0x0000000100000000)
  eden space 2560K, 0% used [0x00000000d5580000,0x00000000d5580000,0x00000000d5800000)
  from space 1024K, 56% used [0x00000000d5900000,0x00000000d5990000,0x00000000d5a00000)
  to   space 1024K, 0% used [0x00000000d5800000,0x00000000d5800000,0x00000000d5900000)
 ParOldGen       total 929792K, used 929482K [0x0000000080000000, 0x00000000b8c00000, 0x00000000d5580000)
  object space 929792K, 99% used [0x0000000080000000,0x00000000b8bb2958,0x00000000b8c00000)
 Metaspace       used 87657K, committed 89536K, reserved 1179648K
  class space    used 8742K, committed 9600K, reserved 1048576K
}
Event: 873.819 GC heap before
{Heap before GC invocations=2571 (full 6):
 PSYoungGen      total 3584K, used 3135K [0x00000000d5580000, 0x00000000d5a00000, 0x0000000100000000)
  eden space 2560K, 99% used [0x00000000d5580000,0x00000000d57ffff8,0x00000000d5800000)
  from space 1024K, 56% used [0x00000000d5900000,0x00000000d5990000,0x00000000d5a00000)
  to   space 1024K, 0% used [0x00000000d5800000,0x00000000d5800000,0x00000000d5900000)
 ParOldGen       total 929792K, used 929482K [0x0000000080000000, 0x00000000b8c00000, 0x00000000d5580000)
  object space 929792K, 99% used [0x0000000080000000,0x00000000b8bb2958,0x00000000b8c00000)
 Metaspace       used 87657K, committed 89536K, reserved 1179648K
  class space    used 8742K, committed 9600K, reserved 1048576K
}
Event: 873.820 GC heap after
{Heap after GC invocations=2571 (full 6):
 PSYoungGen      total 3584K, used 404K [0x00000000d5580000, 0x00000000d5980000, 0x0000000100000000)
  eden space 2560K, 0% used [0x00000000d5580000,0x00000000d5580000,0x00000000d5800000)
  from space 1024K, 39% used [0x00000000d5800000,0x00000000d5865200,0x00000000d5900000)
  to   space 512K, 0% used [0x00000000d5900000,0x00000000d5900000,0x00000000d5980000)
 ParOldGen       total 930304K, used 929862K [0x0000000080000000, 0x00000000b8c80000, 0x00000000d5580000)
  object space 930304K, 99% used [0x0000000080000000,0x00000000b8c11968,0x00000000b8c80000)
 Metaspace       used 87657K, committed 89536K, reserved 1179648K
  class space    used 8742K, committed 9600K, reserved 1048576K
}
Event: 873.829 GC heap before
{Heap before GC invocations=2572 (full 6):
 PSYoungGen      total 3584K, used 2964K [0x00000000d5580000, 0x00000000d5980000, 0x0000000100000000)
  eden space 2560K, 100% used [0x00000000d5580000,0x00000000d5800000,0x00000000d5800000)
  from space 1024K, 39% used [0x00000000d5800000,0x00000000d5865200,0x00000000d5900000)
  to   space 512K, 0% used [0x00000000d5900000,0x00000000d5900000,0x00000000d5980000)
 ParOldGen       total 930304K, used 929862K [0x0000000080000000, 0x00000000b8c80000, 0x00000000d5580000)
  object space 930304K, 99% used [0x0000000080000000,0x00000000b8c11968,0x00000000b8c80000)
 Metaspace       used 87657K, committed 89536K, reserved 1179648K
  class space    used 8742K, committed 9600K, reserved 1048576K
}

