# JRE version: OpenJDK Runtime Environment Temurin-21.0.10+7 (21.0.10+7) (build 21.0.10+7-LTS)
# Java VM: OpenJDK 64-Bit Server VM Temurin-21.0.10+7 (21.0.10+7-LTS, mixed mode, sharing, tiered, compressed oops, compressed class ptrs, parallel gc, windows-amd64)
GC Precious Log:
 CardTable entry size: 512
 CPUs: 16 total, 16 available
 Memory: 8010M
 Large Page Support: Disabled
 NUMA Support: Disabled
 Compressed Oops: Enabled (32-bit)
 Alignments: Space 512K, Generation 512K, Heap 2M
 Heap Min Capacity: 100M
 Heap Initial Capacity: 100M
 Heap Max Capacity: 2G
 Pre-touch: Disabled
 Parallel Workers: 13
Heap:
 PSYoungGen      total 19456K, used 17022K [0x00000000d5580000, 0x00000000d6f00000, 0x0000000100000000)
  eden space 13312K, 85% used [0x00000000d5580000,0x00000000d6094f88,0x00000000d6280000)
  from space 6144K, 92% used [0x00000000d6900000,0x00000000d6e8aa28,0x00000000d6f00000)
  to   space 6144K, 0% used [0x00000000d6300000,0x00000000d6300000,0x00000000d6900000)
 ParOldGen       total 1018880K, used 1018484K [0x0000000080000000, 0x00000000be300000, 0x00000000d5580000)
  object space 1018880K, 99% used [0x0000000080000000,0x00000000be29d1b8,0x00000000be300000)
 Metaspace       used 100634K, committed 102720K, reserved 1179648K
  class space    used 10331K, committed 11264K, reserved 1048576K
GC Heap History (20 events):
Event: 1705.061 GC heap before
{Heap before GC invocations=4418 (full 9):
 PSYoungGen      total 20992K, used 20990K [0x00000000d5580000, 0x00000000d7480000, 0x0000000100000000)
  eden space 13312K, 100% used [0x00000000d5580000,0x00000000d6280000,0x00000000d6280000)
  from space 7680K, 99% used [0x00000000d6b00000,0x00000000d727fb80,0x00000000d7280000)
  to   space 8704K, 0% used [0x00000000d6280000,0x00000000d6280000,0x00000000d6b00000)
 ParOldGen       total 1008640K, used 1008141K [0x0000000080000000, 0x00000000bd900000, 0x00000000d5580000)
  object space 1008640K, 99% used [0x0000000080000000,0x00000000bd8836b0,0x00000000bd900000)
 Metaspace       used 97478K, committed 99584K, reserved 1179648K
  class space    used 9894K, committed 10880K, reserved 1048576K
}
Event: 1705.065 GC heap after
{Heap after GC invocations=4418 (full 9):
 PSYoungGen      total 22016K, used 7789K [0x00000000d5580000, 0x00000000d7400000, 0x0000000100000000)
  eden space 13312K, 0% used [0x00000000d5580000,0x00000000d5580000,0x00000000d6280000)
  from space 8704K, 89% used [0x00000000d6280000,0x00000000d6a1b680,0x00000000d6b00000)
  to   space 8192K, 0% used [0x00000000d6c00000,0x00000000d6c00000,0x00000000d7400000)
 ParOldGen       total 1010176K, used 1009898K [0x0000000080000000, 0x00000000bda80000, 0x00000000d5580000)
  object space 1010176K, 99% used [0x0000000080000000,0x00000000bda3a830,0x00000000bda80000)
 Metaspace       used 97478K, committed 99584K, reserved 1179648K
  class space    used 9894K, committed 10880K, reserved 1048576K
}
Event: 1705.089 GC heap before
{Heap before GC invocations=4419 (full 9):
 PSYoungGen      total 22016K, used 21101K [0x00000000d5580000, 0x00000000d7400000, 0x0000000100000000)
  eden space 13312K, 100% used [0x00000000d5580000,0x00000000d6280000,0x00000000d6280000)
  from space 8704K, 89% used [0x00000000d6280000,0x00000000d6a1b680,0x00000000d6b00000)
  to   space 8192K, 0% used [0x00000000d6c00000,0x00000000d6c00000,0x00000000d7400000)
 ParOldGen       total 1010176K, used 1009898K [0x0000000080000000, 0x00000000bda80000, 0x00000000d5580000)
  object space 1010176K, 99% used [0x0000000080000000,0x00000000bda3a830,0x00000000bda80000)
 Metaspace       used 97478K, committed 99584K, reserved 1179648K
  class space    used 9894K, committed 10880K, reserved 1048576K
}
Event: 1705.092 GC heap after
{Heap after GC invocations=4419 (full 9):
 PSYoungGen      total 21504K, used 8179K [0x00000000d5580000, 0x00000000d7700000, 0x0000000100000000)
  eden space 13312K, 0% used [0x00000000d5580000,0x00000000d5580000,0x00000000d6280000)
  from space 8192K, 99% used [0x00000000d6c00000,0x00000000d73fcd90,0x00000000d7400000)
  to   space 9728K, 0% used [0x00000000d6280000,0x00000000d6280000,0x00000000d6c00000)
 ParOldGen       total 1011200K, used 1010897K [0x0000000080000000, 0x00000000bdb80000, 0x00000000d5580000)
  object space 1011200K, 99% used [0x0000000080000000,0x00000000bdb346e8,0x00000000bdb80000)
 Metaspace       used 97478K, committed 99584K, reserved 1179648K
  class space    used 9894K, committed 10880K, reserved 1048576K
}
Event: 1705.694 GC heap before
{Heap before GC invocations=4420 (full 9):
 PSYoungGen      total 21504K, used 21491K [0x00000000d5580000, 0x00000000d7700000, 0x0000000100000000)
  eden space 13312K, 100% used [0x00000000d5580000,0x00000000d6280000,0x00000000d6280000)
  from space 8192K, 99% used [0x00000000d6c00000,0x00000000d73fcd90,0x00000000d7400000)
  to   space 9728K, 0% used [0x00000000d6280000,0x00000000d6280000,0x00000000d6c00000)
 ParOldGen       total 1011200K, used 1010897K [0x0000000080000000, 0x00000000bdb80000, 0x00000000d5580000)
  object space 1011200K, 99% used [0x0000000080000000,0x00000000bdb346e8,0x00000000bdb80000)
 Metaspace       used 97512K, committed 99648K, reserved 1179648K
  class space    used 9894K, committed 10880K, reserved 1048576K
}
Event: 1705.698 GC heap after
{Heap after GC invocations=4420 (full 9):
 PSYoungGen      total 23040K, used 7427K [0x00000000d5580000, 0x00000000d7400000, 0x0000000100000000)
  eden space 13312K, 0% used [0x00000000d5580000,0x00000000d5580000,0x00000000d6280000)
  from space 9728K, 76% used [0x00000000d6280000,0x00000000d69c0d50,0x00000000d6c00000)
  to   space 8192K, 0% used [0x00000000d6c00000,0x00000000d6c00000,0x00000000d7400000)
 ParOldGen       total 1012736K, used 1012663K [0x0000000080000000, 0x00000000bdd00000, 0x00000000d5580000)
  object space 1012736K, 99% used [0x0000000080000000,0x00000000bdcede40,0x00000000bdd00000)
 Metaspace       used 97512K, committed 99648K, reserved 1179648K
  class space    used 9894K, committed 10880K, reserved 1048576K
}
Event: 1706.076 GC heap before
{Heap before GC invocations=4421 (full 9):
 PSYoungGen      total 23040K, used 20739K [0x00000000d5580000, 0x00000000d7400000, 0x0000000100000000)
  eden space 13312K, 100% used [0x00000000d5580000,0x00000000d6280000,0x00000000d6280000)
  from space 9728K, 76% used [0x00000000d6280000,0x00000000d69c0d50,0x00000000d6c00000)
  to   space 8192K, 0% used [0x00000000d6c00000,0x00000000d6c00000,0x00000000d7400000)
 ParOldGen       total 1012736K, used 1012663K [0x0000000080000000, 0x00000000bdd00000, 0x00000000d5580000)
  object space 1012736K, 99% used [0x0000000080000000,0x00000000bdcede40,0x00000000bdd00000)
 Metaspace       used 97607K, committed 99712K, reserved 1179648K
  class space    used 9894K, committed 10880K, reserved 1048576K
}
Event: 1706.079 GC heap after
{Heap after GC invocations=4421 (full 9):
 PSYoungGen      total 21504K, used 8179K [0x00000000d5580000, 0x00000000d7480000, 0x0000000100000000)
  eden space 13312K, 0% used [0x00000000d5580000,0x00000000d5580000,0x00000000d6280000)
  from space 8192K, 99% used [0x00000000d6c00000,0x00000000d73fcd60,0x00000000d7400000)
  to   space 9216K, 0% used [0x00000000d6280000,0x00000000d6280000,0x00000000d6b80000)
 ParOldGen       total 1013248K, used 1013153K [0x0000000080000000, 0x00000000bdd80000, 0x00000000d5580000)
  object space 1013248K, 99% used [0x0000000080000000,0x00000000bdd68770,0x00000000bdd80000)
 Metaspace       used 97607K, committed 99712K, reserved 1179648K
  class space    used 9894K, committed 10880K, reserved 1048576K
}
Event: 1706.098 GC heap before
{Heap before GC invocations=4422 (full 9):
 PSYoungGen      total 21504K, used 21491K [0x00000000d5580000, 0x00000000d7480000, 0x0000000100000000)
  eden space 13312K, 100% used [0x00000000d5580000,0x00000000d6280000,0x00000000d6280000)
  from space 8192K, 99% used [0x00000000d6c00000,0x00000000d73fcd60,0x00000000d7400000)
  to   space 9216K, 0% used [0x00000000d6280000,0x00000000d6280000,0x00000000d6b80000)
 ParOldGen       total 1013248K, used 1013153K [0x0000000080000000, 0x00000000bdd80000, 0x00000000d5580000)
  object space 1013248K, 99% used [0x0000000080000000,0x00000000bdd68770,0x00000000bdd80000)
 Metaspace       used 97609K, committed 99712K, reserved 1179648K
  class space    used 9894K, committed 10880K, reserved 1048576K
}
Event: 1706.102 GC heap after
{Heap after GC invocations=4422 (full 9):
 PSYoungGen      total 22528K, used 7997K [0x00000000d5580000, 0x00000000d7500000, 0x0000000100000000)
  eden space 13312K, 0% used [0x00000000d5580000,0x00000000d5580000,0x00000000d6280000)
  from space 9216K, 86% used [0x00000000d6280000,0x00000000d6a4f6a0,0x00000000d6b80000)
  to   space 8704K, 0% used [0x00000000d6c80000,0x00000000d6c80000,0x00000000d7500000)
 ParOldGen       total 1015296K, used 1015197K [0x0000000080000000, 0x00000000bdf80000, 0x00000000d5580000)
  object space 1015296K, 99% used [0x0000000080000000,0x00000000bdf676b0,0x00000000bdf80000)
 Metaspace       used 97609K, committed 99712K, reserved 1179648K
  class space    used 9894K, committed 10880K, reserved 1048576K
}
Event: 1709.199 GC heap before
{Heap before GC invocations=4423 (full 9):
 PSYoungGen      total 22528K, used 21309K [0x00000000d5580000, 0x00000000d7500000, 0x0000000100000000)
  eden space 13312K, 100% used [0x00000000d5580000,0x00000000d6280000,0x00000000d6280000)
  from space 9216K, 86% used [0x00000000d6280000,0x00000000d6a4f6a0,0x00000000d6b80000)
  to   space 8704K, 0% used [0x00000000d6c80000,0x00000000d6c80000,0x00000000d7500000)
 ParOldGen       total 1015296K, used 1015197K [0x0000000080000000, 0x00000000bdf80000, 0x00000000d5580000)
  object space 1015296K, 99% used [0x0000000080000000,0x00000000bdf676b0,0x00000000bdf80000)
 Metaspace       used 97621K, committed 99712K, reserved 1179648K
  class space    used 9894K, committed 10880K, reserved 1048576K
}
Event: 1709.202 GC heap after
{Heap after GC invocations=4423 (full 9):
 PSYoungGen      total 20992K, used 7587K [0x00000000d5580000, 0x00000000d7400000, 0x0000000100000000)
  eden space 13312K, 0% used [0x00000000d5580000,0x00000000d5580000,0x00000000d6280000)
  from space 7680K, 98% used [0x00000000d6c80000,0x00000000d73e8d80,0x00000000d7400000)
  to   space 8192K, 0% used [0x00000000d6400000,0x00000000d6400000,0x00000000d6c00000)
 ParOldGen       total 1015296K, used 1015197K [0x0000000080000000, 0x00000000bdf80000, 0x00000000d5580000)
  object space 1015296K, 99% used [0x0000000080000000,0x00000000bdf676b0,0x00000000bdf80000)
 Metaspace       used 97621K, committed 99712K, reserved 1179648K
  class space    used 9894K, committed 10880K, reserved 1048576K
}
Event: 1753.660 GC heap before
{Heap before GC invocations=4424 (full 9):
 PSYoungGen      total 20992K, used 20899K [0x00000000d5580000, 0x00000000d7400000, 0x0000000100000000)
  eden space 13312K, 100% used [0x00000000d5580000,0x00000000d6280000,0x00000000d6280000)
  from space 7680K, 98% used [0x00000000d6c80000,0x00000000d73e8d80,0x00000000d7400000)
  to   space 8192K, 0% used [0x00000000d6400000,0x00000000d6400000,0x00000000d6c00000)
 ParOldGen       total 1015296K, used 1015197K [0x0000000080000000, 0x00000000bdf80000, 0x00000000d5580000)
  object space 1015296K, 99% used [0x0000000080000000,0x00000000bdf676b0,0x00000000bdf80000)
 Metaspace       used 97716K, committed 99840K, reserved 1179648K
  class space    used 9911K, committed 10880K, reserved 1048576K
}
Event: 1753.678 GC heap after
{Heap after GC invocations=4424 (full 9):
 PSYoungGen      total 21504K, used 7922K [0x00000000d5580000, 0x00000000d7280000, 0x0000000100000000)
  eden space 13312K, 0% used [0x00000000d5580000,0x00000000d5580000,0x00000000d6280000)
  from space 8192K, 96% used [0x00000000d6400000,0x00000000d6bbc8c0,0x00000000d6c00000)
  to   space 6656K, 0% used [0x00000000d6c00000,0x00000000d6c00000,0x00000000d7280000)
 ParOldGen       total 1015296K, used 1015197K [0x0000000080000000, 0x00000000bdf80000, 0x00000000d5580000)
  object space 1015296K, 99% used [0x0000000080000000,0x00000000bdf676b0,0x00000000bdf80000)
 Metaspace       used 97716K, committed 99840K, reserved 1179648K
  class space    used 9911K, committed 10880K, reserved 1048576K
}
Event: 1753.770 GC heap before
{Heap before GC invocations=4425 (full 9):
 PSYoungGen      total 21504K, used 21234K [0x00000000d5580000, 0x00000000d7280000, 0x0000000100000000)
  eden space 13312K, 100% used [0x00000000d5580000,0x00000000d6280000,0x00000000d6280000)
  from space 8192K, 96% used [0x00000000d6400000,0x00000000d6bbc8c0,0x00000000d6c00000)
  to   space 6656K, 0% used [0x00000000d6c00000,0x00000000d6c00000,0x00000000d7280000)
 ParOldGen       total 1015296K, used 1015197K [0x0000000080000000, 0x00000000bdf80000, 0x00000000d5580000)
  object space 1015296K, 99% used [0x0000000080000000,0x00000000bdf676b0,0x00000000bdf80000)
 Metaspace       used 97716K, committed 99840K, reserved 1179648K
  class space    used 9911K, committed 10880K, reserved 1048576K
}
Event: 1753.774 GC heap after
{Heap after GC invocations=4425 (full 9):
 PSYoungGen      total 19968K, used 6633K [0x00000000d5580000, 0x00000000d7380000, 0x0000000100000000)
  eden space 13312K, 0% used [0x00000000d5580000,0x00000000d5580000,0x00000000d6280000)
  from space 6656K, 99% used [0x00000000d6c00000,0x00000000d727a460,0x00000000d7280000)
  to   space 8704K, 0% used [0x00000000d6280000,0x00000000d6280000,0x00000000d6b00000)
 ParOldGen       total 1017344K, used 1016858K [0x0000000080000000, 0x00000000be180000, 0x00000000d5580000)
  object space 1017344K, 99% used [0x0000000080000000,0x00000000be106940,0x00000000be180000)
 Metaspace       used 97716K, committed 99840K, reserved 1179648K
  class space    used 9911K, committed 10880K, reserved 1048576K
}
Event: 1759.786 GC heap before
{Heap before GC invocations=4426 (full 9):
 PSYoungGen      total 19968K, used 19945K [0x00000000d5580000, 0x00000000d7380000, 0x0000000100000000)
  eden space 13312K, 100% used [0x00000000d5580000,0x00000000d6280000,0x00000000d6280000)
  from space 6656K, 99% used [0x00000000d6c00000,0x00000000d727a460,0x00000000d7280000)
  to   space 8704K, 0% used [0x00000000d6280000,0x00000000d6280000,0x00000000d6b00000)
 ParOldGen       total 1017344K, used 1016858K [0x0000000080000000, 0x00000000be180000, 0x00000000d5580000)
  object space 1017344K, 99% used [0x0000000080000000,0x00000000be106940,0x00000000be180000)
 Metaspace       used 97787K, committed 99904K, reserved 1179648K
  class space    used 9922K, committed 10880K, reserved 1048576K
}
Event: 1759.792 GC heap after
{Heap after GC invocations=4426 (full 9):
 PSYoungGen      total 18944K, used 5481K [0x00000000d5580000, 0x00000000d6f80000, 0x0000000100000000)
  eden space 13312K, 0% used [0x00000000d5580000,0x00000000d5580000,0x00000000d6280000)
  from space 5632K, 97% used [0x00000000d6280000,0x00000000d67da450,0x00000000d6800000)
  to   space 6656K, 0% used [0x00000000d6900000,0x00000000d6900000,0x00000000d6f80000)
 ParOldGen       total 1018880K, used 1018484K [0x0000000080000000, 0x00000000be300000, 0x00000000d5580000)
  object space 1018880K, 99% used [0x0000000080000000,0x00000000be29d1b8,0x00000000be300000)
 Metaspace       used 97787K, committed 99904K, reserved 1179648K
  class space    used 9922K, committed 10880K, reserved 1048576K
}
Event: 1760.147 GC heap before
{Heap before GC invocations=4427 (full 9):
 PSYoungGen      total 18944K, used 18793K [0x00000000d5580000, 0x00000000d6f80000, 0x0000000100000000)
  eden space 13312K, 100% used [0x00000000d5580000,0x00000000d6280000,0x00000000d6280000)
  from space 5632K, 97% used [0x00000000d6280000,0x00000000d67da450,0x00000000d6800000)
  to   space 6656K, 0% used [0x00000000d6900000,0x00000000d6900000,0x00000000d6f80000)
 ParOldGen       total 1018880K, used 1018484K [0x0000000080000000, 0x00000000be300000, 0x00000000d5580000)
  object space 1018880K, 99% used [0x0000000080000000,0x00000000be29d1b8,0x00000000be300000)
 Metaspace       used 99381K, committed 101440K, reserved 1179648K
  class space    used 10138K, committed 11072K, reserved 1048576K
}
Event: 1760.150 GC heap after
{Heap after GC invocations=4427 (full 9):
 PSYoungGen      total 19456K, used 5674K [0x00000000d5580000, 0x00000000d6f00000, 0x0000000100000000)
  eden space 13312K, 0% used [0x00000000d5580000,0x00000000d5580000,0x00000000d6280000)
  from space 6144K, 92% used [0x00000000d6900000,0x00000000d6e8aa28,0x00000000d6f00000)
  to   space 6144K, 0% used [0x00000000d6300000,0x00000000d6300000,0x00000000d6900000)
 ParOldGen       total 1018880K, used 1018484K [0x0000000080000000, 0x00000000be300000, 0x00000000d5580000)
  object space 1018880K, 99% used [0x0000000080000000,0x00000000be29d1b8,0x00000000be300000)
 Metaspace       used 99381K, committed 101440K, reserved 1179648K
  class space    used 10138K, committed 11072K, reserved 1048576K
}

