# JRE version: OpenJDK Runtime Environment Temurin-21.0.10+7 (21.0.10+7) (build 21.0.10+7-LTS)
# Java VM: OpenJDK 64-Bit Server VM Temurin-21.0.10+7 (21.0.10+7-LTS, mixed mode, sharing, tiered, compressed oops, compressed class ptrs, parallel gc, windows-amd64)
GC Precious Log:
 CardTable entry size: 512
 CPUs: 16 total, 16 available
 Memory: 8010M
 Large Page Support: Disabled
 NUMA Support: Disabled
 Compressed Oops: Enabled (32-bit)
 Alignments: Space 512K, Generation 512K, Heap 2M
 Heap Min Capacity: 100M
 Heap Initial Capacity: 100M
 Heap Max Capacity: 2G
 Pre-touch: Disabled
 Parallel Workers: 13
Heap:
 PSYoungGen      total 5632K, used 3852K [0x00000000d5580000, 0x00000000d5e00000, 0x0000000100000000)
  eden space 4608K, 61% used [0x00000000d5580000,0x00000000d5849220,0x00000000d5a00000)
  from space 1024K, 97% used [0x00000000d5c80000,0x00000000d5d7a010,0x00000000d5d80000)
  to   space 512K, 0% used [0x00000000d5d80000,0x00000000d5d80000,0x00000000d5e00000)
 ParOldGen       total 195584K, used 195210K [0x0000000080000000, 0x000000008bf00000, 0x00000000d5580000)
  object space 195584K, 99% used [0x0000000080000000,0x000000008bea28a8,0x000000008bf00000)
 Metaspace       used 73641K, committed 75328K, reserved 1179648K
  class space    used 7585K, committed 8320K, reserved 1048576K
GC Heap History (20 events):
Event: 83.966 GC heap before
{Heap before GC invocations=109 (full 3):
 PSYoungGen      total 8704K, used 8704K [0x00000000d5580000, 0x00000000d6100000, 0x0000000100000000)
  eden space 7680K, 100% used [0x00000000d5580000,0x00000000d5d00000,0x00000000d5d00000)
  from space 1024K, 100% used [0x00000000d5e00000,0x00000000d5f00000,0x00000000d5f00000)
  to   space 2048K, 0% used [0x00000000d5f00000,0x00000000d5f00000,0x00000000d6100000)
 ParOldGen       total 185856K, used 185427K [0x0000000080000000, 0x000000008b580000, 0x00000000d5580000)
  object space 185856K, 99% used [0x0000000080000000,0x000000008b514e78,0x000000008b580000)
 Metaspace       used 72898K, committed 74560K, reserved 1179648K
  class space    used 7514K, committed 8256K, reserved 1048576K
}
Event: 83.969 GC heap after
{Heap after GC invocations=109 (full 3):
 PSYoungGen      total 9216K, used 1258K [0x00000000d5580000, 0x00000000d6080000, 0x0000000100000000)
  eden space 7680K, 0% used [0x00000000d5580000,0x00000000d5580000,0x00000000d5d00000)
  from space 1536K, 81% used [0x00000000d5f00000,0x00000000d603a910,0x00000000d6080000)
  to   space 1536K, 0% used [0x00000000d5d80000,0x00000000d5d80000,0x00000000d5f00000)
 ParOldGen       total 186368K, used 186259K [0x0000000080000000, 0x000000008b600000, 0x00000000d5580000)
  object space 186368K, 99% used [0x0000000080000000,0x000000008b5e4f18,0x000000008b600000)
 Metaspace       used 72898K, committed 74560K, reserved 1179648K
  class space    used 7514K, committed 8256K, reserved 1048576K
}
Event: 84.056 GC heap before
{Heap before GC invocations=110 (full 3):
 PSYoungGen      total 9216K, used 8938K [0x00000000d5580000, 0x00000000d6080000, 0x0000000100000000)
  eden space 7680K, 100% used [0x00000000d5580000,0x00000000d5d00000,0x00000000d5d00000)
  from space 1536K, 81% used [0x00000000d5f00000,0x00000000d603a910,0x00000000d6080000)
  to   space 1536K, 0% used [0x00000000d5d80000,0x00000000d5d80000,0x00000000d5f00000)
 ParOldGen       total 186368K, used 186259K [0x0000000080000000, 0x000000008b600000, 0x00000000d5580000)
  object space 186368K, 99% used [0x0000000080000000,0x000000008b5e4f18,0x000000008b600000)
 Metaspace       used 72916K, committed 74560K, reserved 1179648K
  class space    used 7514K, committed 8256K, reserved 1048576K
}
Event: 84.059 GC heap after
{Heap after GC invocations=110 (full 3):
 PSYoungGen      total 9216K, used 1506K [0x00000000d5580000, 0x00000000d6300000, 0x0000000100000000)
  eden space 7680K, 0% used [0x00000000d5580000,0x00000000d5580000,0x00000000d5d00000)
  from space 1536K, 98% used [0x00000000d5d80000,0x00000000d5ef8970,0x00000000d5f00000)
  to   space 3072K, 0% used [0x00000000d6000000,0x00000000d6000000,0x00000000d6300000)
 ParOldGen       total 187904K, used 187402K [0x0000000080000000, 0x000000008b780000, 0x00000000d5580000)
  object space 187904K, 99% used [0x0000000080000000,0x000000008b702a58,0x000000008b780000)
 Metaspace       used 72916K, committed 74560K, reserved 1179648K
  class space    used 7514K, committed 8256K, reserved 1048576K
}
Event: 84.121 GC heap before
{Heap before GC invocations=111 (full 3):
 PSYoungGen      total 9216K, used 9186K [0x00000000d5580000, 0x00000000d6300000, 0x0000000100000000)
  eden space 7680K, 100% used [0x00000000d5580000,0x00000000d5d00000,0x00000000d5d00000)
  from space 1536K, 98% used [0x00000000d5d80000,0x00000000d5ef8970,0x00000000d5f00000)
  to   space 3072K, 0% used [0x00000000d6000000,0x00000000d6000000,0x00000000d6300000)
 ParOldGen       total 187904K, used 187402K [0x0000000080000000, 0x000000008b780000, 0x00000000d5580000)
  object space 187904K, 99% used [0x0000000080000000,0x000000008b702a58,0x000000008b780000)
 Metaspace       used 72917K, committed 74560K, reserved 1179648K
  class space    used 7514K, committed 8256K, reserved 1048576K
}
Event: 84.126 GC heap after
{Heap after GC invocations=111 (full 3):
 PSYoungGen      total 7680K, used 3072K [0x00000000d5580000, 0x00000000d6900000, 0x0000000100000000)
  eden space 4608K, 0% used [0x00000000d5580000,0x00000000d5580000,0x00000000d5a00000)
  from space 3072K, 100% used [0x00000000d6000000,0x00000000d6300000,0x00000000d6300000)
  to   space 6144K, 0% used [0x00000000d5a00000,0x00000000d5a00000,0x00000000d6000000)
 ParOldGen       total 189952K, used 189665K [0x0000000080000000, 0x000000008b980000, 0x00000000d5580000)
  object space 189952K, 99% used [0x0000000080000000,0x000000008b938408,0x000000008b980000)
 Metaspace       used 72917K, committed 74560K, reserved 1179648K
  class space    used 7514K, committed 8256K, reserved 1048576K
}
Event: 84.202 GC heap before
{Heap before GC invocations=112 (full 3):
 PSYoungGen      total 7680K, used 7680K [0x00000000d5580000, 0x00000000d6900000, 0x0000000100000000)
  eden space 4608K, 100% used [0x00000000d5580000,0x00000000d5a00000,0x00000000d5a00000)
  from space 3072K, 100% used [0x00000000d6000000,0x00000000d6300000,0x00000000d6300000)
  to   space 6144K, 0% used [0x00000000d5a00000,0x00000000d5a00000,0x00000000d6000000)
 ParOldGen       total 189952K, used 189665K [0x0000000080000000, 0x000000008b980000, 0x00000000d5580000)
  object space 189952K, 99% used [0x0000000080000000,0x000000008b938408,0x000000008b980000)
 Metaspace       used 72918K, committed 74560K, reserved 1179648K
  class space    used 7514K, committed 8256K, reserved 1048576K
}
Event: 84.207 GC heap after
{Heap after GC invocations=112 (full 3):
 PSYoungGen      total 5632K, used 777K [0x00000000d5580000, 0x00000000d6080000, 0x0000000100000000)
  eden space 4608K, 0% used [0x00000000d5580000,0x00000000d5580000,0x00000000d5a00000)
  from space 1024K, 75% used [0x00000000d5a00000,0x00000000d5ac2410,0x00000000d5b00000)
  to   space 2560K, 0% used [0x00000000d5e00000,0x00000000d5e00000,0x00000000d6080000)
 ParOldGen       total 193024K, used 192721K [0x0000000080000000, 0x000000008bc80000, 0x00000000d5580000)
  object space 193024K, 99% used [0x0000000080000000,0x000000008bc34408,0x000000008bc80000)
 Metaspace       used 72918K, committed 74560K, reserved 1179648K
  class space    used 7514K, committed 8256K, reserved 1048576K
}
Event: 84.520 GC heap before
{Heap before GC invocations=113 (full 3):
 PSYoungGen      total 5632K, used 5361K [0x00000000d5580000, 0x00000000d6080000, 0x0000000100000000)
  eden space 4608K, 99% used [0x00000000d5580000,0x00000000d59fa168,0x00000000d5a00000)
  from space 1024K, 75% used [0x00000000d5a00000,0x00000000d5ac2410,0x00000000d5b00000)
  to   space 2560K, 0% used [0x00000000d5e00000,0x00000000d5e00000,0x00000000d6080000)
 ParOldGen       total 193024K, used 192721K [0x0000000080000000, 0x000000008bc80000, 0x00000000d5580000)
  object space 193024K, 99% used [0x0000000080000000,0x000000008bc34408,0x000000008bc80000)
 Metaspace       used 73356K, committed 75008K, reserved 1179648K
  class space    used 7562K, committed 8256K, reserved 1048576K
}
Event: 84.522 GC heap after
{Heap after GC invocations=113 (full 3):
 PSYoungGen      total 5632K, used 617K [0x00000000d5580000, 0x00000000d5f00000, 0x0000000100000000)
  eden space 4608K, 0% used [0x00000000d5580000,0x00000000d5580000,0x00000000d5a00000)
  from space 1024K, 60% used [0x00000000d5e00000,0x00000000d5e9a4b0,0x00000000d5f00000)
  to   space 1024K, 0% used [0x00000000d5a00000,0x00000000d5a00000,0x00000000d5b00000)
 ParOldGen       total 193536K, used 193405K [0x0000000080000000, 0x000000008bd00000, 0x00000000d5580000)
  object space 193536K, 99% used [0x0000000080000000,0x000000008bcdf510,0x000000008bd00000)
 Metaspace       used 73356K, committed 75008K, reserved 1179648K
  class space    used 7562K, committed 8256K, reserved 1048576K
}
Event: 84.641 GC heap before
{Heap before GC invocations=114 (full 3):
 PSYoungGen      total 5632K, used 5225K [0x00000000d5580000, 0x00000000d5f00000, 0x0000000100000000)
  eden space 4608K, 99% used [0x00000000d5580000,0x00000000d59ffff8,0x00000000d5a00000)
  from space 1024K, 60% used [0x00000000d5e00000,0x00000000d5e9a4b0,0x00000000d5f00000)
  to   space 1024K, 0% used [0x00000000d5a00000,0x00000000d5a00000,0x00000000d5b00000)
 ParOldGen       total 193536K, used 193405K [0x0000000080000000, 0x000000008bd00000, 0x00000000d5580000)
  object space 193536K, 99% used [0x0000000080000000,0x000000008bcdf510,0x000000008bd00000)
 Metaspace       used 73368K, committed 75008K, reserved 1179648K
  class space    used 7563K, committed 8256K, reserved 1048576K
}
Event: 84.643 GC heap after
{Heap after GC invocations=114 (full 3):
 PSYoungGen      total 5632K, used 224K [0x00000000d5580000, 0x00000000d5e80000, 0x0000000100000000)
  eden space 4608K, 0% used [0x00000000d5580000,0x00000000d5580000,0x00000000d5a00000)
  from space 1024K, 21% used [0x00000000d5a00000,0x00000000d5a38000,0x00000000d5b00000)
  to   space 512K, 0% used [0x00000000d5e00000,0x00000000d5e00000,0x00000000d5e80000)
 ParOldGen       total 194048K, used 193661K [0x0000000080000000, 0x000000008bd80000, 0x00000000d5580000)
  object space 194048K, 99% used [0x0000000080000000,0x000000008bd1f510,0x000000008bd80000)
 Metaspace       used 73368K, committed 75008K, reserved 1179648K
  class space    used 7563K, committed 8256K, reserved 1048576K
}
Event: 84.711 GC heap before
{Heap before GC invocations=115 (full 3):
 PSYoungGen      total 5632K, used 4832K [0x00000000d5580000, 0x00000000d5e80000, 0x0000000100000000)
  eden space 4608K, 100% used [0x00000000d5580000,0x00000000d5a00000,0x00000000d5a00000)
  from space 1024K, 21% used [0x00000000d5a00000,0x00000000d5a38000,0x00000000d5b00000)
  to   space 512K, 0% used [0x00000000d5e00000,0x00000000d5e00000,0x00000000d5e80000)
 ParOldGen       total 194048K, used 193661K [0x0000000080000000, 0x000000008bd80000, 0x00000000d5580000)
  object space 194048K, 99% used [0x0000000080000000,0x000000008bd1f510,0x000000008bd80000)
 Metaspace       used 73397K, committed 75008K, reserved 1179648K
  class space    used 7567K, committed 8256K, reserved 1048576K
}
Event: 84.714 GC heap after
{Heap after GC invocations=115 (full 3):
 PSYoungGen      total 5120K, used 506K [0x00000000d5580000, 0x00000000d5e80000, 0x0000000100000000)
  eden space 4608K, 0% used [0x00000000d5580000,0x00000000d5580000,0x00000000d5a00000)
  from space 512K, 98% used [0x00000000d5e00000,0x00000000d5e7e900,0x00000000d5e80000)
  to   space 1024K, 0% used [0x00000000d5c80000,0x00000000d5c80000,0x00000000d5d80000)
 ParOldGen       total 194048K, used 193831K [0x0000000080000000, 0x000000008bd80000, 0x00000000d5580000)
  object space 194048K, 99% used [0x0000000080000000,0x000000008bd49e30,0x000000008bd80000)
 Metaspace       used 73397K, committed 75008K, reserved 1179648K
  class space    used 7567K, committed 8256K, reserved 1048576K
}
Event: 84.765 GC heap before
{Heap before GC invocations=116 (full 3):
 PSYoungGen      total 5120K, used 5114K [0x00000000d5580000, 0x00000000d5e80000, 0x0000000100000000)
  eden space 4608K, 100% used [0x00000000d5580000,0x00000000d5a00000,0x00000000d5a00000)
  from space 512K, 98% used [0x00000000d5e00000,0x00000000d5e7e900,0x00000000d5e80000)
  to   space 1024K, 0% used [0x00000000d5c80000,0x00000000d5c80000,0x00000000d5d80000)
 ParOldGen       total 194048K, used 193831K [0x0000000080000000, 0x000000008bd80000, 0x00000000d5580000)
  object space 194048K, 99% used [0x0000000080000000,0x000000008bd49e30,0x000000008bd80000)
 Metaspace       used 73397K, committed 75008K, reserved 1179648K
  class space    used 7567K, committed 8256K, reserved 1048576K
}
Event: 84.766 GC heap after
{Heap after GC invocations=116 (full 3):
 PSYoungGen      total 5632K, used 592K [0x00000000d5580000, 0x00000000d5e80000, 0x0000000100000000)
  eden space 4608K, 0% used [0x00000000d5580000,0x00000000d5580000,0x00000000d5a00000)
  from space 1024K, 57% used [0x00000000d5c80000,0x00000000d5d14030,0x00000000d5d80000)
  to   space 1024K, 0% used [0x00000000d5d80000,0x00000000d5d80000,0x00000000d5e80000)
 ParOldGen       total 194560K, used 194250K [0x0000000080000000, 0x000000008be00000, 0x00000000d5580000)
  object space 194560K, 99% used [0x0000000080000000,0x000000008bdb2808,0x000000008be00000)
 Metaspace       used 73397K, committed 75008K, reserved 1179648K
  class space    used 7567K, committed 8256K, reserved 1048576K
}
Event: 84.821 GC heap before
{Heap before GC invocations=117 (full 3):
 PSYoungGen      total 5632K, used 5200K [0x00000000d5580000, 0x00000000d5e80000, 0x0000000100000000)
  eden space 4608K, 100% used [0x00000000d5580000,0x00000000d5a00000,0x00000000d5a00000)
  from space 1024K, 57% used [0x00000000d5c80000,0x00000000d5d14030,0x00000000d5d80000)
  to   space 1024K, 0% used [0x00000000d5d80000,0x00000000d5d80000,0x00000000d5e80000)
 ParOldGen       total 194560K, used 194250K [0x0000000080000000, 0x000000008be00000, 0x00000000d5580000)
  object space 194560K, 99% used [0x0000000080000000,0x000000008bdb2808,0x000000008be00000)
 Metaspace       used 73399K, committed 75008K, reserved 1179648K
  class space    used 7567K, committed 8256K, reserved 1048576K
}
Event: 84.823 GC heap after
{Heap after GC invocations=117 (full 3):
 PSYoungGen      total 5632K, used 672K [0x00000000d5580000, 0x00000000d5e80000, 0x0000000100000000)
  eden space 4608K, 0% used [0x00000000d5580000,0x00000000d5580000,0x00000000d5a00000)
  from space 1024K, 65% used [0x00000000d5d80000,0x00000000d5e28000,0x00000000d5e80000)
  to   space 1024K, 0% used [0x00000000d5c80000,0x00000000d5c80000,0x00000000d5d80000)
 ParOldGen       total 195072K, used 194706K [0x0000000080000000, 0x000000008be80000, 0x00000000d5580000)
  object space 195072K, 99% used [0x0000000080000000,0x000000008be24848,0x000000008be80000)
 Metaspace       used 73399K, committed 75008K, reserved 1179648K
  class space    used 7567K, committed 8256K, reserved 1048576K
}
Event: 84.999 GC heap before
{Heap before GC invocations=118 (full 3):
 PSYoungGen      total 5632K, used 5280K [0x00000000d5580000, 0x00000000d5e80000, 0x0000000100000000)
  eden space 4608K, 100% used [0x00000000d5580000,0x00000000d5a00000,0x00000000d5a00000)
  from space 1024K, 65% used [0x00000000d5d80000,0x00000000d5e28000,0x00000000d5e80000)
  to   space 1024K, 0% used [0x00000000d5c80000,0x00000000d5c80000,0x00000000d5d80000)
 ParOldGen       total 195072K, used 194706K [0x0000000080000000, 0x000000008be80000, 0x00000000d5580000)
  object space 195072K, 99% used [0x0000000080000000,0x000000008be24848,0x000000008be80000)
 Metaspace       used 73470K, committed 75136K, reserved 1179648K
  class space    used 7578K, committed 8320K, reserved 1048576K
}
Event: 85.001 GC heap after
{Heap after GC invocations=118 (full 3):
 PSYoungGen      total 5632K, used 1000K [0x00000000d5580000, 0x00000000d5e00000, 0x0000000100000000)
  eden space 4608K, 0% used [0x00000000d5580000,0x00000000d5580000,0x00000000d5a00000)
  from space 1024K, 97% used [0x00000000d5c80000,0x00000000d5d7a010,0x00000000d5d80000)
  to   space 512K, 0% used [0x00000000d5d80000,0x00000000d5d80000,0x00000000d5e00000)
 ParOldGen       total 195584K, used 195210K [0x0000000080000000, 0x000000008bf00000, 0x00000000d5580000)
  object space 195584K, 99% used [0x0000000080000000,0x000000008bea28a8,0x000000008bf00000)
 Metaspace       used 73470K, committed 75136K, reserved 1179648K
  class space    used 7578K, committed 8320K, reserved 1048576K
}

