# JRE version: OpenJDK Runtime Environment Temurin-21.0.10+7 (21.0.10+7) (build 21.0.10+7-LTS)
# Java VM: OpenJDK 64-Bit Server VM Temurin-21.0.10+7 (21.0.10+7-LTS, mixed mode, sharing, tiered, compressed oops, compressed class ptrs, parallel gc, windows-amd64)
GC Precious Log:
 CardTable entry size: 512
 CPUs: 16 total, 16 available
 Memory: 8010M
 Large Page Support: Disabled
 NUMA Support: Disabled
 Compressed Oops: Enabled (32-bit)
 Alignments: Space 512K, Generation 512K, Heap 2M
 Heap Min Capacity: 100M
 Heap Initial Capacity: 100M
 Heap Max Capacity: 2G
 Pre-touch: Disabled
 Parallel Workers: 13
Heap:
 PSYoungGen      total 15872K, used 4617K [0x00000000d5580000, 0x00000000d6700000, 0x0000000100000000)
  eden space 13824K, 21% used [0x00000000d5580000,0x00000000d585d378,0x00000000d6300000)
  from space 2048K, 82% used [0x00000000d6500000,0x00000000d66a5200,0x00000000d6700000)
  to   space 2048K, 0% used [0x00000000d6300000,0x00000000d6300000,0x00000000d6500000)
 ParOldGen       total 198656K, used 198352K [0x0000000080000000, 0x000000008c200000, 0x00000000d5580000)
  object space 198656K, 99% used [0x0000000080000000,0x000000008c1b4368,0x000000008c200000)
 Metaspace       used 67803K, committed 69312K, reserved 1114112K
  class space    used 7065K, committed 7744K, reserved 1048576K
GC Heap History (20 events):
Event: 29.789 GC heap before
{Heap before GC invocations=224 (full 3):
 PSYoungGen      total 17920K, used 17610K [0x00000000d5580000, 0x00000000d6b00000, 0x0000000100000000)
  eden space 15360K, 100% used [0x00000000d5580000,0x00000000d6480000,0x00000000d6480000)
  from space 2560K, 87% used [0x00000000d6880000,0x00000000d6ab2940,0x00000000d6b00000)
  to   space 3072K, 0% used [0x00000000d6500000,0x00000000d6500000,0x00000000d6800000)
 ParOldGen       total 181760K, used 181536K [0x0000000080000000, 0x000000008b180000, 0x00000000d5580000)
  object space 181760K, 99% used [0x0000000080000000,0x000000008b148218,0x000000008b180000)
 Metaspace       used 64187K, committed 65792K, reserved 1114112K
  class space    used 6752K, committed 7424K, reserved 1048576K
}
Event: 29.794 GC heap after
{Heap after GC invocations=224 (full 3):
 PSYoungGen      total 16896K, used 1408K [0x00000000d5580000, 0x00000000d6900000, 0x0000000100000000)
  eden space 15360K, 0% used [0x00000000d5580000,0x00000000d5580000,0x00000000d6480000)
  from space 1536K, 91% used [0x00000000d6500000,0x00000000d6660020,0x00000000d6680000)
  to   space 2048K, 0% used [0x00000000d6700000,0x00000000d6700000,0x00000000d6900000)
 ParOldGen       total 183808K, used 183582K [0x0000000080000000, 0x000000008b380000, 0x00000000d5580000)
  object space 183808K, 99% used [0x0000000080000000,0x000000008b347810,0x000000008b380000)
 Metaspace       used 64187K, committed 65792K, reserved 1114112K
  class space    used 6752K, committed 7424K, reserved 1048576K
}
Event: 29.950 GC heap before
{Heap before GC invocations=225 (full 3):
 PSYoungGen      total 16896K, used 16768K [0x00000000d5580000, 0x00000000d6900000, 0x0000000100000000)
  eden space 15360K, 100% used [0x00000000d5580000,0x00000000d6480000,0x00000000d6480000)
  from space 1536K, 91% used [0x00000000d6500000,0x00000000d6660020,0x00000000d6680000)
  to   space 2048K, 0% used [0x00000000d6700000,0x00000000d6700000,0x00000000d6900000)
 ParOldGen       total 183808K, used 183582K [0x0000000080000000, 0x000000008b380000, 0x00000000d5580000)
  object space 183808K, 99% used [0x0000000080000000,0x000000008b347810,0x000000008b380000)
 Metaspace       used 64377K, committed 65920K, reserved 1114112K
  class space    used 6752K, committed 7424K, reserved 1048576K
}
Event: 29.955 GC heap after
{Heap after GC invocations=225 (full 3):
 PSYoungGen      total 17408K, used 1969K [0x00000000d5580000, 0x00000000d6980000, 0x0000000100000000)
  eden space 15360K, 0% used [0x00000000d5580000,0x00000000d5580000,0x00000000d6480000)
  from space 2048K, 96% used [0x00000000d6700000,0x00000000d68ec428,0x00000000d6900000)
  to   space 2560K, 0% used [0x00000000d6480000,0x00000000d6480000,0x00000000d6700000)
 ParOldGen       total 184832K, used 184790K [0x0000000080000000, 0x000000008b480000, 0x00000000d5580000)
  object space 184832K, 99% used [0x0000000080000000,0x000000008b475890,0x000000008b480000)
 Metaspace       used 64377K, committed 65920K, reserved 1114112K
  class space    used 6752K, committed 7424K, reserved 1048576K
}
Event: 30.108 GC heap before
{Heap before GC invocations=226 (full 3):
 PSYoungGen      total 17408K, used 17329K [0x00000000d5580000, 0x00000000d6980000, 0x0000000100000000)
  eden space 15360K, 100% used [0x00000000d5580000,0x00000000d6480000,0x00000000d6480000)
  from space 2048K, 96% used [0x00000000d6700000,0x00000000d68ec428,0x00000000d6900000)
  to   space 2560K, 0% used [0x00000000d6480000,0x00000000d6480000,0x00000000d6700000)
 ParOldGen       total 184832K, used 184790K [0x0000000080000000, 0x000000008b480000, 0x00000000d5580000)
  object space 184832K, 99% used [0x0000000080000000,0x000000008b475890,0x000000008b480000)
 Metaspace       used 64656K, committed 66176K, reserved 1114112K
  class space    used 6774K, committed 7424K, reserved 1048576K
}
Event: 30.112 GC heap after
{Heap after GC invocations=226 (full 3):
 PSYoungGen      total 16896K, used 1532K [0x00000000d5580000, 0x00000000d6880000, 0x0000000100000000)
  eden space 15360K, 0% used [0x00000000d5580000,0x00000000d5580000,0x00000000d6480000)
  from space 1536K, 99% used [0x00000000d6480000,0x00000000d65ff3b0,0x00000000d6600000)
  to   space 2048K, 0% used [0x00000000d6680000,0x00000000d6680000,0x00000000d6880000)
 ParOldGen       total 186880K, used 186527K [0x0000000080000000, 0x000000008b680000, 0x00000000d5580000)
  object space 186880K, 99% used [0x0000000080000000,0x000000008b627df0,0x000000008b680000)
 Metaspace       used 64656K, committed 66176K, reserved 1114112K
  class space    used 6774K, committed 7424K, reserved 1048576K
}
Event: 30.328 GC heap before
{Heap before GC invocations=227 (full 3):
 PSYoungGen      total 16896K, used 16892K [0x00000000d5580000, 0x00000000d6880000, 0x0000000100000000)
  eden space 15360K, 100% used [0x00000000d5580000,0x00000000d6480000,0x00000000d6480000)
  from space 1536K, 99% used [0x00000000d6480000,0x00000000d65ff3b0,0x00000000d6600000)
  to   space 2048K, 0% used [0x00000000d6680000,0x00000000d6680000,0x00000000d6880000)
 ParOldGen       total 186880K, used 186527K [0x0000000080000000, 0x000000008b680000, 0x00000000d5580000)
  object space 186880K, 99% used [0x0000000080000000,0x000000008b627e50,0x000000008b680000)
 Metaspace       used 65508K, committed 67072K, reserved 1114112K
  class space    used 6856K, committed 7552K, reserved 1048576K
}
Event: 30.332 GC heap after
{Heap after GC invocations=227 (full 3):
 PSYoungGen      total 16896K, used 1408K [0x00000000d5580000, 0x00000000d6800000, 0x0000000100000000)
  eden space 15360K, 0% used [0x00000000d5580000,0x00000000d5580000,0x00000000d6480000)
  from space 1536K, 91% used [0x00000000d6680000,0x00000000d67e0000,0x00000000d6800000)
  to   space 1536K, 0% used [0x00000000d6480000,0x00000000d6480000,0x00000000d6600000)
 ParOldGen       total 187904K, used 187710K [0x0000000080000000, 0x000000008b780000, 0x00000000d5580000)
  object space 187904K, 99% used [0x0000000080000000,0x000000008b74f8b8,0x000000008b780000)
 Metaspace       used 65508K, committed 67072K, reserved 1114112K
  class space    used 6856K, committed 7552K, reserved 1048576K
}
Event: 30.472 GC heap before
{Heap before GC invocations=228 (full 3):
 PSYoungGen      total 16896K, used 16768K [0x00000000d5580000, 0x00000000d6800000, 0x0000000100000000)
  eden space 15360K, 100% used [0x00000000d5580000,0x00000000d6480000,0x00000000d6480000)
  from space 1536K, 91% used [0x00000000d6680000,0x00000000d67e0000,0x00000000d6800000)
  to   space 1536K, 0% used [0x00000000d6480000,0x00000000d6480000,0x00000000d6600000)
 ParOldGen       total 187904K, used 187712K [0x0000000080000000, 0x000000008b780000, 0x00000000d5580000)
  object space 187904K, 99% used [0x0000000080000000,0x000000008b750180,0x000000008b780000)
 Metaspace       used 66031K, committed 67584K, reserved 1114112K
  class space    used 6898K, committed 7616K, reserved 1048576K
}
Event: 30.476 GC heap after
{Heap after GC invocations=228 (full 3):
 PSYoungGen      total 16896K, used 1520K [0x00000000d5580000, 0x00000000d6b80000, 0x0000000100000000)
  eden space 15360K, 0% used [0x00000000d5580000,0x00000000d5580000,0x00000000d6480000)
  from space 1536K, 98% used [0x00000000d6480000,0x00000000d65fc010,0x00000000d6600000)
  to   space 3584K, 0% used [0x00000000d6800000,0x00000000d6800000,0x00000000d6b80000)
 ParOldGen       total 189440K, used 189348K [0x0000000080000000, 0x000000008b900000, 0x00000000d5580000)
  object space 189440K, 99% used [0x0000000080000000,0x000000008b8e9200,0x000000008b900000)
 Metaspace       used 66031K, committed 67584K, reserved 1114112K
  class space    used 6898K, committed 7616K, reserved 1048576K
}
Event: 30.605 GC heap before
{Heap before GC invocations=229 (full 3):
 PSYoungGen      total 16896K, used 16880K [0x00000000d5580000, 0x00000000d6b80000, 0x0000000100000000)
  eden space 15360K, 100% used [0x00000000d5580000,0x00000000d6480000,0x00000000d6480000)
  from space 1536K, 98% used [0x00000000d6480000,0x00000000d65fc010,0x00000000d6600000)
  to   space 3584K, 0% used [0x00000000d6800000,0x00000000d6800000,0x00000000d6b80000)
 ParOldGen       total 189440K, used 189348K [0x0000000080000000, 0x000000008b900000, 0x00000000d5580000)
  object space 189440K, 99% used [0x0000000080000000,0x000000008b8e9200,0x000000008b900000)
 Metaspace       used 66385K, committed 67968K, reserved 1114112K
  class space    used 6946K, committed 7616K, reserved 1048576K
}
Event: 30.614 GC heap after
{Heap after GC invocations=229 (full 3):
 PSYoungGen      total 17408K, used 1876K [0x00000000d5580000, 0x00000000d6a00000, 0x0000000100000000)
  eden space 15360K, 0% used [0x00000000d5580000,0x00000000d5580000,0x00000000d6480000)
  from space 2048K, 91% used [0x00000000d6800000,0x00000000d69d5220,0x00000000d6a00000)
  to   space 2560K, 0% used [0x00000000d6500000,0x00000000d6500000,0x00000000d6780000)
 ParOldGen       total 190464K, used 190416K [0x0000000080000000, 0x000000008ba00000, 0x00000000d5580000)
  object space 190464K, 99% used [0x0000000080000000,0x000000008b9f42b0,0x000000008ba00000)
 Metaspace       used 66385K, committed 67968K, reserved 1114112K
  class space    used 6946K, committed 7616K, reserved 1048576K
}
Event: 30.726 GC heap before
{Heap before GC invocations=230 (full 3):
 PSYoungGen      total 17408K, used 17236K [0x00000000d5580000, 0x00000000d6a00000, 0x0000000100000000)
  eden space 15360K, 100% used [0x00000000d5580000,0x00000000d6480000,0x00000000d6480000)
  from space 2048K, 91% used [0x00000000d6800000,0x00000000d69d5220,0x00000000d6a00000)
  to   space 2560K, 0% used [0x00000000d6500000,0x00000000d6500000,0x00000000d6780000)
 ParOldGen       total 190464K, used 190416K [0x0000000080000000, 0x000000008ba00000, 0x00000000d5580000)
  object space 190464K, 99% used [0x0000000080000000,0x000000008b9f42b0,0x000000008ba00000)
 Metaspace       used 66830K, committed 68416K, reserved 1114112K
  class space    used 6981K, committed 7680K, reserved 1048576K
}
Event: 30.731 GC heap after
{Heap after GC invocations=230 (full 3):
 PSYoungGen      total 17408K, used 1764K [0x00000000d5580000, 0x00000000d6880000, 0x0000000100000000)
  eden space 15360K, 0% used [0x00000000d5580000,0x00000000d5580000,0x00000000d6480000)
  from space 2048K, 86% used [0x00000000d6500000,0x00000000d66b9250,0x00000000d6700000)
  to   space 1536K, 0% used [0x00000000d6700000,0x00000000d6700000,0x00000000d6880000)
 ParOldGen       total 192000K, used 191946K [0x0000000080000000, 0x000000008bb80000, 0x00000000d5580000)
  object space 192000K, 99% used [0x0000000080000000,0x000000008bb72ac8,0x000000008bb80000)
 Metaspace       used 66830K, committed 68416K, reserved 1114112K
  class space    used 6981K, committed 7680K, reserved 1048576K
}
Event: 30.795 GC heap before
{Heap before GC invocations=231 (full 3):
 PSYoungGen      total 17408K, used 17124K [0x00000000d5580000, 0x00000000d6880000, 0x0000000100000000)
  eden space 15360K, 100% used [0x00000000d5580000,0x00000000d6480000,0x00000000d6480000)
  from space 2048K, 86% used [0x00000000d6500000,0x00000000d66b9250,0x00000000d6700000)
  to   space 1536K, 0% used [0x00000000d6700000,0x00000000d6700000,0x00000000d6880000)
 ParOldGen       total 192000K, used 191946K [0x0000000080000000, 0x000000008bb80000, 0x00000000d5580000)
  object space 192000K, 99% used [0x0000000080000000,0x000000008bb72ac8,0x000000008bb80000)
 Metaspace       used 67005K, committed 68544K, reserved 1114112K
  class space    used 6997K, committed 7680K, reserved 1048576K
}
Event: 30.799 GC heap after
{Heap after GC invocations=231 (full 3):
 PSYoungGen      total 16896K, used 1376K [0x00000000d5580000, 0x00000000d6880000, 0x0000000100000000)
  eden space 15360K, 0% used [0x00000000d5580000,0x00000000d5580000,0x00000000d6480000)
  from space 1536K, 89% used [0x00000000d6700000,0x00000000d6858040,0x00000000d6880000)
  to   space 2048K, 0% used [0x00000000d6480000,0x00000000d6480000,0x00000000d6680000)
 ParOldGen       total 193536K, used 193440K [0x0000000080000000, 0x000000008bd00000, 0x00000000d5580000)
  object space 193536K, 99% used [0x0000000080000000,0x000000008bce8038,0x000000008bd00000)
 Metaspace       used 67005K, committed 68544K, reserved 1114112K
  class space    used 6997K, committed 7680K, reserved 1048576K
}
Event: 30.848 GC heap before
{Heap before GC invocations=232 (full 3):
 PSYoungGen      total 16896K, used 16736K [0x00000000d5580000, 0x00000000d6880000, 0x0000000100000000)
  eden space 15360K, 100% used [0x00000000d5580000,0x00000000d6480000,0x00000000d6480000)
  from space 1536K, 89% used [0x00000000d6700000,0x00000000d6858040,0x00000000d6880000)
  to   space 2048K, 0% used [0x00000000d6480000,0x00000000d6480000,0x00000000d6680000)
 ParOldGen       total 193536K, used 193440K [0x0000000080000000, 0x000000008bd00000, 0x00000000d5580000)
  object space 193536K, 99% used [0x0000000080000000,0x000000008bce8038,0x000000008bd00000)
 Metaspace       used 67212K, committed 68736K, reserved 1114112K
  class space    used 7012K, committed 7680K, reserved 1048576K
}
Event: 30.852 GC heap after
{Heap after GC invocations=232 (full 3):
 PSYoungGen      total 16896K, used 1248K [0x00000000d5580000, 0x00000000d6780000, 0x0000000100000000)
  eden space 15360K, 0% used [0x00000000d5580000,0x00000000d5580000,0x00000000d6480000)
  from space 1536K, 81% used [0x00000000d6480000,0x00000000d65b8040,0x00000000d6600000)
  to   space 1536K, 0% used [0x00000000d6600000,0x00000000d6600000,0x00000000d6780000)
 ParOldGen       total 195072K, used 194664K [0x0000000080000000, 0x000000008be80000, 0x00000000d5580000)
  object space 195072K, 99% used [0x0000000080000000,0x000000008be1a088,0x000000008be80000)
 Metaspace       used 67212K, committed 68736K, reserved 1114112K
  class space    used 7012K, committed 7680K, reserved 1048576K
}
Event: 30.957 GC heap before
{Heap before GC invocations=233 (full 3):
 PSYoungGen      total 16896K, used 16608K [0x00000000d5580000, 0x00000000d6780000, 0x0000000100000000)
  eden space 15360K, 100% used [0x00000000d5580000,0x00000000d6480000,0x00000000d6480000)
  from space 1536K, 81% used [0x00000000d6480000,0x00000000d65b8040,0x00000000d6600000)
  to   space 1536K, 0% used [0x00000000d6600000,0x00000000d6600000,0x00000000d6780000)
 ParOldGen       total 195072K, used 194664K [0x0000000080000000, 0x000000008be80000, 0x00000000d5580000)
  object space 195072K, 99% used [0x0000000080000000,0x000000008be1a088,0x000000008be80000)
 Metaspace       used 67469K, committed 68992K, reserved 1114112K
  class space    used 7033K, committed 7680K, reserved 1048576K
}
Event: 30.961 GC heap after
{Heap after GC invocations=233 (full 3):
 PSYoungGen      total 15360K, used 1536K [0x00000000d5580000, 0x00000000d6a80000, 0x0000000100000000)
  eden space 13824K, 0% used [0x00000000d5580000,0x00000000d5580000,0x00000000d6300000)
  from space 1536K, 100% used [0x00000000d6600000,0x00000000d6780000,0x00000000d6780000)
  to   space 3072K, 0% used [0x00000000d6300000,0x00000000d6300000,0x00000000d6600000)
 ParOldGen       total 196096K, used 195712K [0x0000000080000000, 0x000000008bf80000, 0x00000000d5580000)
  object space 196096K, 99% used [0x0000000080000000,0x000000008bf200c8,0x000000008bf80000)
 Metaspace       used 67469K, committed 68992K, reserved 1114112K
  class space    used 7033K, committed 7680K, reserved 1048576K
}

