# JRE version: OpenJDK Runtime Environment Temurin-21.0.10+7 (21.0.10+7) (build 21.0.10+7-LTS)
# Java VM: OpenJDK 64-Bit Server VM Temurin-21.0.10+7 (21.0.10+7-LTS, mixed mode, sharing, tiered, compressed oops, compressed class ptrs, parallel gc, windows-amd64)
GC Precious Log:
 CardTable entry size: 512
 CPUs: 16 total, 16 available
 Memory: 8010M
 Large Page Support: Disabled
 NUMA Support: Disabled
 Compressed Oops: Enabled (32-bit)
 Alignments: Space 512K, Generation 512K, Heap 2M
 Heap Min Capacity: 100M
 Heap Initial Capacity: 100M
 Heap Max Capacity: 2G
 Pre-touch: Disabled
 Parallel Workers: 13
Heap:
 PSYoungGen      total 11264K, used 9030K [0x00000000d5580000, 0x00000000d6380000, 0x0000000100000000)
  eden space 10752K, 80% used [0x00000000d5580000,0x00000000d5de9a00,0x00000000d6000000)
  from space 512K, 81% used [0x00000000d6300000,0x00000000d6368000,0x00000000d6380000)
  to   space 512K, 0% used [0x00000000d6280000,0x00000000d6280000,0x00000000d6300000)
 ParOldGen       total 143872K, used 143782K [0x0000000080000000, 0x0000000088c80000, 0x00000000d5580000)
  object space 143872K, 99% used [0x0000000080000000,0x0000000088c69850,0x0000000088c80000)
 Metaspace       used 68621K, committed 70336K, reserved 1114112K
  class space    used 7033K, committed 7744K, reserved 1048576K
GC Heap History (20 events):
Event: 1042.198 GC heap before
{Heap before GC invocations=132 (full 3):
 PSYoungGen      total 13312K, used 13024K [0x00000000d5580000, 0x00000000d6480000, 0x0000000100000000)
  eden space 12800K, 100% used [0x00000000d5580000,0x00000000d6200000,0x00000000d6200000)
  from space 512K, 43% used [0x00000000d6400000,0x00000000d6438000,0x00000000d6480000)
  to   space 512K, 0% used [0x00000000d6380000,0x00000000d6380000,0x00000000d6400000)
 ParOldGen       total 134656K, used 134427K [0x0000000080000000, 0x0000000088380000, 0x00000000d5580000)
  object space 134656K, 99% used [0x0000000080000000,0x0000000088346ff8,0x0000000088380000)
 Metaspace       used 67744K, committed 69376K, reserved 1114112K
  class space    used 6950K, committed 7616K, reserved 1048576K
}
Event: 1042.199 GC heap after
{Heap after GC invocations=132 (full 3):
 PSYoungGen      total 13312K, used 160K [0x00000000d5580000, 0x00000000d6480000, 0x0000000100000000)
  eden space 12800K, 0% used [0x00000000d5580000,0x00000000d5580000,0x00000000d6200000)
  from space 512K, 31% used [0x00000000d6380000,0x00000000d63a8000,0x00000000d6400000)
  to   space 512K, 0% used [0x00000000d6400000,0x00000000d6400000,0x00000000d6480000)
 ParOldGen       total 134656K, used 134523K [0x0000000080000000, 0x0000000088380000, 0x00000000d5580000)
  object space 134656K, 99% used [0x0000000080000000,0x000000008835eff8,0x0000000088380000)
 Metaspace       used 67744K, committed 69376K, reserved 1114112K
  class space    used 6950K, committed 7616K, reserved 1048576K
}
Event: 1042.597 GC heap before
{Heap before GC invocations=133 (full 3):
 PSYoungGen      total 13312K, used 12960K [0x00000000d5580000, 0x00000000d6480000, 0x0000000100000000)
  eden space 12800K, 100% used [0x00000000d5580000,0x00000000d6200000,0x00000000d6200000)
  from space 512K, 31% used [0x00000000d6380000,0x00000000d63a8000,0x00000000d6400000)
  to   space 512K, 0% used [0x00000000d6400000,0x00000000d6400000,0x00000000d6480000)
 ParOldGen       total 134656K, used 134523K [0x0000000080000000, 0x0000000088380000, 0x00000000d5580000)
  object space 134656K, 99% used [0x0000000080000000,0x000000008835eff8,0x0000000088380000)
 Metaspace       used 67744K, committed 69376K, reserved 1114112K
  class space    used 6950K, committed 7616K, reserved 1048576K
}
Event: 1042.598 GC heap after
{Heap after GC invocations=133 (full 3):
 PSYoungGen      total 13312K, used 192K [0x00000000d5580000, 0x00000000d6480000, 0x0000000100000000)
  eden space 12800K, 0% used [0x00000000d5580000,0x00000000d5580000,0x00000000d6200000)
  from space 512K, 37% used [0x00000000d6400000,0x00000000d6430000,0x00000000d6480000)
  to   space 512K, 0% used [0x00000000d6380000,0x00000000d6380000,0x00000000d6400000)
 ParOldGen       total 134656K, used 134523K [0x0000000080000000, 0x0000000088380000, 0x00000000d5580000)
  object space 134656K, 99% used [0x0000000080000000,0x000000008835eff8,0x0000000088380000)
 Metaspace       used 67744K, committed 69376K, reserved 1114112K
  class space    used 6950K, committed 7616K, reserved 1048576K
}
Event: 1088.279 GC heap before
{Heap before GC invocations=134 (full 3):
 PSYoungGen      total 13312K, used 12992K [0x00000000d5580000, 0x00000000d6480000, 0x0000000100000000)
  eden space 12800K, 100% used [0x00000000d5580000,0x00000000d6200000,0x00000000d6200000)
  from space 512K, 37% used [0x00000000d6400000,0x00000000d6430000,0x00000000d6480000)
  to   space 512K, 0% used [0x00000000d6380000,0x00000000d6380000,0x00000000d6400000)
 ParOldGen       total 134656K, used 134523K [0x0000000080000000, 0x0000000088380000, 0x00000000d5580000)
  object space 134656K, 99% used [0x0000000080000000,0x000000008835eff8,0x0000000088380000)
 Metaspace       used 67759K, committed 69376K, reserved 1114112K
  class space    used 6954K, committed 7616K, reserved 1048576K
}
Event: 1088.286 GC heap after
{Heap after GC invocations=134 (full 3):
 PSYoungGen      total 13312K, used 448K [0x00000000d5580000, 0x00000000d6480000, 0x0000000100000000)
  eden space 12800K, 0% used [0x00000000d5580000,0x00000000d5580000,0x00000000d6200000)
  from space 512K, 87% used [0x00000000d6380000,0x00000000d63f0020,0x00000000d6400000)
  to   space 512K, 0% used [0x00000000d6400000,0x00000000d6400000,0x00000000d6480000)
 ParOldGen       total 134656K, used 134523K [0x0000000080000000, 0x0000000088380000, 0x00000000d5580000)
  object space 134656K, 99% used [0x0000000080000000,0x000000008835eff8,0x0000000088380000)
 Metaspace       used 67759K, committed 69376K, reserved 1114112K
  class space    used 6954K, committed 7616K, reserved 1048576K
}
Event: 1088.801 GC heap before
{Heap before GC invocations=135 (full 3):
 PSYoungGen      total 13312K, used 13248K [0x00000000d5580000, 0x00000000d6480000, 0x0000000100000000)
  eden space 12800K, 100% used [0x00000000d5580000,0x00000000d6200000,0x00000000d6200000)
  from space 512K, 87% used [0x00000000d6380000,0x00000000d63f0020,0x00000000d6400000)
  to   space 512K, 0% used [0x00000000d6400000,0x00000000d6400000,0x00000000d6480000)
 ParOldGen       total 134656K, used 134523K [0x0000000080000000, 0x0000000088380000, 0x00000000d5580000)
  object space 134656K, 99% used [0x0000000080000000,0x000000008835eff8,0x0000000088380000)
 Metaspace       used 68089K, committed 69696K, reserved 1114112K
  class space    used 6987K, committed 7680K, reserved 1048576K
}
Event: 1088.803 GC heap after
{Heap after GC invocations=135 (full 3):
 PSYoungGen      total 11264K, used 505K [0x00000000d5580000, 0x00000000d6a00000, 0x0000000100000000)
  eden space 10752K, 0% used [0x00000000d5580000,0x00000000d5580000,0x00000000d6000000)
  from space 512K, 98% used [0x00000000d6400000,0x00000000d647e460,0x00000000d6480000)
  to   space 4096K, 0% used [0x00000000d6000000,0x00000000d6000000,0x00000000d6400000)
 ParOldGen       total 137728K, used 137379K [0x0000000080000000, 0x0000000088680000, 0x00000000d5580000)
  object space 137728K, 99% used [0x0000000080000000,0x0000000088628c18,0x0000000088680000)
 Metaspace       used 68089K, committed 69696K, reserved 1114112K
  class space    used 6987K, committed 7680K, reserved 1048576K
}
Event: 1088.995 GC heap before
{Heap before GC invocations=136 (full 3):
 PSYoungGen      total 11264K, used 11215K [0x00000000d5580000, 0x00000000d6a00000, 0x0000000100000000)
  eden space 10752K, 99% used [0x00000000d5580000,0x00000000d5ff57f0,0x00000000d6000000)
  from space 512K, 98% used [0x00000000d6400000,0x00000000d647e460,0x00000000d6480000)
  to   space 4096K, 0% used [0x00000000d6000000,0x00000000d6000000,0x00000000d6400000)
 ParOldGen       total 137728K, used 137379K [0x0000000080000000, 0x0000000088680000, 0x00000000d5580000)
  object space 137728K, 99% used [0x0000000080000000,0x0000000088628c18,0x0000000088680000)
 Metaspace       used 68093K, committed 69760K, reserved 1114112K
  class space    used 6987K, committed 7680K, reserved 1048576K
}
Event: 1088.997 GC heap after
{Heap after GC invocations=136 (full 3):
 PSYoungGen      total 14848K, used 3716K [0x00000000d5580000, 0x00000000d6800000, 0x0000000100000000)
  eden space 10752K, 0% used [0x00000000d5580000,0x00000000d5580000,0x00000000d6000000)
  from space 4096K, 90% used [0x00000000d6000000,0x00000000d63a1168,0x00000000d6400000)
  to   space 4096K, 0% used [0x00000000d6400000,0x00000000d6400000,0x00000000d6800000)
 ParOldGen       total 138240K, used 137846K [0x0000000080000000, 0x0000000088700000, 0x00000000d5580000)
  object space 138240K, 99% used [0x0000000080000000,0x000000008869d970,0x0000000088700000)
 Metaspace       used 68093K, committed 69760K, reserved 1114112K
  class space    used 6987K, committed 7680K, reserved 1048576K
}
Event: 1089.313 GC heap before
{Heap before GC invocations=137 (full 3):
 PSYoungGen      total 14848K, used 14468K [0x00000000d5580000, 0x00000000d6800000, 0x0000000100000000)
  eden space 10752K, 99% used [0x00000000d5580000,0x00000000d5fffff0,0x00000000d6000000)
  from space 4096K, 90% used [0x00000000d6000000,0x00000000d63a1168,0x00000000d6400000)
  to   space 4096K, 0% used [0x00000000d6400000,0x00000000d6400000,0x00000000d6800000)
 ParOldGen       total 138240K, used 137846K [0x0000000080000000, 0x0000000088700000, 0x00000000d5580000)
  object space 138240K, 99% used [0x0000000080000000,0x000000008869d970,0x0000000088700000)
 Metaspace       used 68284K, committed 69952K, reserved 1114112K
  class space    used 7030K, committed 7744K, reserved 1048576K
}
Event: 1089.316 GC heap after
{Heap after GC invocations=137 (full 3):
 PSYoungGen      total 13312K, used 2351K [0x00000000d5580000, 0x00000000d6680000, 0x0000000100000000)
  eden space 10752K, 0% used [0x00000000d5580000,0x00000000d5580000,0x00000000d6000000)
  from space 2560K, 91% used [0x00000000d6400000,0x00000000d664bd30,0x00000000d6680000)
  to   space 3072K, 0% used [0x00000000d6080000,0x00000000d6080000,0x00000000d6380000)
 ParOldGen       total 141824K, used 141350K [0x0000000080000000, 0x0000000088a80000, 0x00000000d5580000)
  object space 141824K, 99% used [0x0000000080000000,0x0000000088a09900,0x0000000088a80000)
 Metaspace       used 68284K, committed 69952K, reserved 1114112K
  class space    used 7030K, committed 7744K, reserved 1048576K
}
Event: 1227.443 GC heap before
{Heap before GC invocations=138 (full 3):
 PSYoungGen      total 13312K, used 13103K [0x00000000d5580000, 0x00000000d6680000, 0x0000000100000000)
  eden space 10752K, 100% used [0x00000000d5580000,0x00000000d6000000,0x00000000d6000000)
  from space 2560K, 91% used [0x00000000d6400000,0x00000000d664bd30,0x00000000d6680000)
  to   space 3072K, 0% used [0x00000000d6080000,0x00000000d6080000,0x00000000d6380000)
 ParOldGen       total 141824K, used 141350K [0x0000000080000000, 0x0000000088a80000, 0x00000000d5580000)
  object space 141824K, 99% used [0x0000000080000000,0x0000000088a09900,0x0000000088a80000)
 Metaspace       used 68383K, committed 70080K, reserved 1114112K
  class space    used 7033K, committed 7744K, reserved 1048576K
}
Event: 1227.449 GC heap after
{Heap after GC invocations=138 (full 3):
 PSYoungGen      total 11776K, used 800K [0x00000000d5580000, 0x00000000d6480000, 0x0000000100000000)
  eden space 10752K, 0% used [0x00000000d5580000,0x00000000d5580000,0x00000000d6000000)
  from space 1024K, 78% used [0x00000000d6080000,0x00000000d6148020,0x00000000d6180000)
  to   space 1536K, 0% used [0x00000000d6300000,0x00000000d6300000,0x00000000d6480000)
 ParOldGen       total 143360K, used 143013K [0x0000000080000000, 0x0000000088c00000, 0x00000000d5580000)
  object space 143360K, 99% used [0x0000000080000000,0x0000000088ba97f0,0x0000000088c00000)
 Metaspace       used 68383K, committed 70080K, reserved 1114112K
  class space    used 7033K, committed 7744K, reserved 1048576K
}
Event: 1263.204 GC heap before
{Heap before GC invocations=139 (full 3):
 PSYoungGen      total 11776K, used 11552K [0x00000000d5580000, 0x00000000d6480000, 0x0000000100000000)
  eden space 10752K, 100% used [0x00000000d5580000,0x00000000d6000000,0x00000000d6000000)
  from space 1024K, 78% used [0x00000000d6080000,0x00000000d6148020,0x00000000d6180000)
  to   space 1536K, 0% used [0x00000000d6300000,0x00000000d6300000,0x00000000d6480000)
 ParOldGen       total 143360K, used 143013K [0x0000000080000000, 0x0000000088c00000, 0x00000000d5580000)
  object space 143360K, 99% used [0x0000000080000000,0x0000000088ba97f0,0x0000000088c00000)
 Metaspace       used 68457K, committed 70144K, reserved 1114112K
  class space    used 7033K, committed 7744K, reserved 1048576K
}
Event: 1263.206 GC heap after
{Heap after GC invocations=139 (full 3):
 PSYoungGen      total 11264K, used 480K [0x00000000d5580000, 0x00000000d6380000, 0x0000000100000000)
  eden space 10752K, 0% used [0x00000000d5580000,0x00000000d5580000,0x00000000d6000000)
  from space 512K, 93% used [0x00000000d6300000,0x00000000d6378020,0x00000000d6380000)
  to   space 1024K, 0% used [0x00000000d6180000,0x00000000d6180000,0x00000000d6280000)
 ParOldGen       total 143872K, used 143558K [0x0000000080000000, 0x0000000088c80000, 0x00000000d5580000)
  object space 143872K, 99% used [0x0000000080000000,0x0000000088c31820,0x0000000088c80000)
 Metaspace       used 68457K, committed 70144K, reserved 1114112K
  class space    used 7033K, committed 7744K, reserved 1048576K
}
Event: 1289.626 GC heap before
{Heap before GC invocations=140 (full 3):
 PSYoungGen      total 11264K, used 11232K [0x00000000d5580000, 0x00000000d6380000, 0x0000000100000000)
  eden space 10752K, 100% used [0x00000000d5580000,0x00000000d6000000,0x00000000d6000000)
  from space 512K, 93% used [0x00000000d6300000,0x00000000d6378020,0x00000000d6380000)
  to   space 1024K, 0% used [0x00000000d6180000,0x00000000d6180000,0x00000000d6280000)
 ParOldGen       total 143872K, used 143558K [0x0000000080000000, 0x0000000088c80000, 0x00000000d5580000)
  object space 143872K, 99% used [0x0000000080000000,0x0000000088c31820,0x0000000088c80000)
 Metaspace       used 68525K, committed 70208K, reserved 1114112K
  class space    used 7033K, committed 7744K, reserved 1048576K
}
Event: 1289.628 GC heap after
{Heap after GC invocations=140 (full 3):
 PSYoungGen      total 11776K, used 416K [0x00000000d5580000, 0x00000000d6380000, 0x0000000100000000)
  eden space 10752K, 0% used [0x00000000d5580000,0x00000000d5580000,0x00000000d6000000)
  from space 1024K, 40% used [0x00000000d6180000,0x00000000d61e8000,0x00000000d6280000)
  to   space 512K, 0% used [0x00000000d6300000,0x00000000d6300000,0x00000000d6380000)
 ParOldGen       total 143872K, used 143718K [0x0000000080000000, 0x0000000088c80000, 0x00000000d5580000)
  object space 143872K, 99% used [0x0000000080000000,0x0000000088c59850,0x0000000088c80000)
 Metaspace       used 68525K, committed 70208K, reserved 1114112K
  class space    used 7033K, committed 7744K, reserved 1048576K
}
Event: 1342.394 GC heap before
{Heap before GC invocations=141 (full 3):
 PSYoungGen      total 11776K, used 11168K [0x00000000d5580000, 0x00000000d6380000, 0x0000000100000000)
  eden space 10752K, 100% used [0x00000000d5580000,0x00000000d6000000,0x00000000d6000000)
  from space 1024K, 40% used [0x00000000d6180000,0x00000000d61e8000,0x00000000d6280000)
  to   space 512K, 0% used [0x00000000d6300000,0x00000000d6300000,0x00000000d6380000)
 ParOldGen       total 143872K, used 143718K [0x0000000080000000, 0x0000000088c80000, 0x00000000d5580000)
  object space 143872K, 99% used [0x0000000080000000,0x0000000088c59850,0x0000000088c80000)
 Metaspace       used 68590K, committed 70272K, reserved 1114112K
  class space    used 7033K, committed 7744K, reserved 1048576K
}
Event: 1342.396 GC heap after
{Heap after GC invocations=141 (full 3):
 PSYoungGen      total 11264K, used 416K [0x00000000d5580000, 0x00000000d6380000, 0x0000000100000000)
  eden space 10752K, 0% used [0x00000000d5580000,0x00000000d5580000,0x00000000d6000000)
  from space 512K, 81% used [0x00000000d6300000,0x00000000d6368000,0x00000000d6380000)
  to   space 512K, 0% used [0x00000000d6280000,0x00000000d6280000,0x00000000d6300000)
 ParOldGen       total 143872K, used 143782K [0x0000000080000000, 0x0000000088c80000, 0x00000000d5580000)
  object space 143872K, 99% used [0x0000000080000000,0x0000000088c69850,0x0000000088c80000)
 Metaspace       used 68590K, committed 70272K, reserved 1114112K
  class space    used 7033K, committed 7744K, reserved 1048576K
}

