# JRE version: OpenJDK Runtime Environment Temurin-21.0.10+7 (21.0.10+7) (build 21.0.10+7-LTS)
# Java VM: OpenJDK 64-Bit Server VM Temurin-21.0.10+7 (21.0.10+7-LTS, mixed mode, emulated-client, sharing, tiered, compressed oops, compressed class ptrs, g1 gc, windows-amd64)
GC Precious Log:
 CardTable entry size: 512
 Card Set container configuration: InlinePtr #cards 5 size 8 Array Of Cards #cards 12 size 40 Howl #buckets 4 coarsen threshold 1843 Howl Bitmap #cards 512 size 80 coarsen threshold 460 Card regions per heap region 1 cards per card region 2048
 CPUs: 16 total, 16 available
 Memory: 8010M
 Large Page Support: Disabled
 NUMA Support: Disabled
 Compressed Oops: Enabled (32-bit)
 Heap Region Size: 1M
 Heap Min Capacity: 8M
 Heap Initial Capacity: 126M
 Heap Max Capacity: 2004M
 Pre-touch: Disabled
 Parallel Workers: 13
 Concurrent Workers: 3
 Concurrent Refinement Workers: 13
 Periodic GC: Disabled
Heap:
 garbage-first heap   total 59392K, used 48452K [0x0000000082c00000, 0x0000000100000000)
  region size 1024K, 23 young (23552K), 4 survivors (4096K)
 Metaspace       used 62521K, committed 63168K, reserved 1114112K
  class space    used 9178K, committed 9472K, reserved 1048576K
GC Heap History (20 events):
Event: 5.561 GC heap before
{Heap before GC invocations=7 (full 0):
 garbage-first heap   total 49152K, used 37382K [0x0000000082c00000, 0x0000000100000000)
  region size 1024K, 24 young (24576K), 3 survivors (3072K)
 Metaspace       used 25819K, committed 26240K, reserved 1114112K
  class space    used 3638K, committed 3840K, reserved 1048576K
}
Event: 5.564 GC heap after
{Heap after GC invocations=8 (full 0):
 garbage-first heap   total 49152K, used 19456K [0x0000000082c00000, 0x0000000100000000)
  region size 1024K, 3 young (3072K), 3 survivors (3072K)
 Metaspace       used 25819K, committed 26240K, reserved 1114112K
  class space    used 3638K, committed 3840K, reserved 1048576K
}
Event: 6.945 GC heap before
{Heap before GC invocations=9 (full 0):
 garbage-first heap   total 49152K, used 40960K [0x0000000082c00000, 0x0000000100000000)
  region size 1024K, 24 young (24576K), 3 survivors (3072K)
 Metaspace       used 28800K, committed 29312K, reserved 1114112K
  class space    used 4125K, committed 4352K, reserved 1048576K
}
Event: 6.949 GC heap after
{Heap after GC invocations=10 (full 0):
 garbage-first heap   total 49152K, used 21258K [0x0000000082c00000, 0x0000000100000000)
  region size 1024K, 3 young (3072K), 3 survivors (3072K)
 Metaspace       used 28800K, committed 29312K, reserved 1114112K
  class space    used 4125K, committed 4352K, reserved 1048576K
}
Event: 7.401 GC heap before
{Heap before GC invocations=10 (full 0):
 garbage-first heap   total 49152K, used 41738K [0x0000000082c00000, 0x0000000100000000)
  region size 1024K, 23 young (23552K), 3 survivors (3072K)
 Metaspace       used 31972K, committed 32448K, reserved 1114112K
  class space    used 4525K, committed 4736K, reserved 1048576K
}
Event: 7.404 GC heap after
{Heap after GC invocations=11 (full 0):
 garbage-first heap   total 49152K, used 22705K [0x0000000082c00000, 0x0000000100000000)
  region size 1024K, 2 young (2048K), 2 survivors (2048K)
 Metaspace       used 31972K, committed 32448K, reserved 1114112K
  class space    used 4525K, committed 4736K, reserved 1048576K
}
Event: 7.825 GC heap before
{Heap before GC invocations=11 (full 0):
 garbage-first heap   total 49152K, used 42161K [0x0000000082c00000, 0x0000000100000000)
  region size 1024K, 21 young (21504K), 2 survivors (2048K)
 Metaspace       used 35732K, committed 36224K, reserved 1114112K
  class space    used 5087K, committed 5312K, reserved 1048576K
}
Event: 7.827 GC heap after
{Heap after GC invocations=12 (full 0):
 garbage-first heap   total 49152K, used 23508K [0x0000000082c00000, 0x0000000100000000)
  region size 1024K, 3 young (3072K), 3 survivors (3072K)
 Metaspace       used 35732K, committed 36224K, reserved 1114112K
  class space    used 5087K, committed 5312K, reserved 1048576K
}
Event: 8.241 GC heap before
{Heap before GC invocations=12 (full 0):
 garbage-first heap   total 49152K, used 42964K [0x0000000082c00000, 0x0000000100000000)
  region size 1024K, 22 young (22528K), 3 survivors (3072K)
 Metaspace       used 40929K, committed 41536K, reserved 1114112K
  class space    used 5838K, committed 6080K, reserved 1048576K
}
Event: 8.244 GC heap after
{Heap after GC invocations=13 (full 0):
 garbage-first heap   total 49152K, used 25052K [0x0000000082c00000, 0x0000000100000000)
  region size 1024K, 3 young (3072K), 3 survivors (3072K)
 Metaspace       used 40929K, committed 41536K, reserved 1114112K
  class space    used 5838K, committed 6080K, reserved 1048576K
}
Event: 8.451 GC heap before
{Heap before GC invocations=13 (full 0):
 garbage-first heap   total 49152K, used 32220K [0x0000000082c00000, 0x0000000100000000)
  region size 1024K, 11 young (11264K), 3 survivors (3072K)
 Metaspace       used 43208K, committed 43840K, reserved 1114112K
  class space    used 6143K, committed 6400K, reserved 1048576K
}
Event: 8.454 GC heap after
{Heap after GC invocations=14 (full 0):
 garbage-first heap   total 49152K, used 26068K [0x0000000082c00000, 0x0000000100000000)
  region size 1024K, 3 young (3072K), 3 survivors (3072K)
 Metaspace       used 43208K, committed 43840K, reserved 1114112K
  class space    used 6143K, committed 6400K, reserved 1048576K
}
Event: 8.818 GC heap before
{Heap before GC invocations=15 (full 0):
 garbage-first heap   total 49152K, used 43476K [0x0000000082c00000, 0x0000000100000000)
  region size 1024K, 20 young (20480K), 3 survivors (3072K)
 Metaspace       used 46520K, committed 47104K, reserved 1114112K
  class space    used 6595K, committed 6912K, reserved 1048576K
}
Event: 8.821 GC heap after
{Heap after GC invocations=16 (full 0):
 garbage-first heap   total 59392K, used 27674K [0x0000000082c00000, 0x0000000100000000)
  region size 1024K, 3 young (3072K), 3 survivors (3072K)
 Metaspace       used 46520K, committed 47104K, reserved 1114112K
  class space    used 6595K, committed 6912K, reserved 1048576K
}
Event: 9.428 GC heap before
{Heap before GC invocations=16 (full 0):
 garbage-first heap   total 59392K, used 51226K [0x0000000082c00000, 0x0000000100000000)
  region size 1024K, 27 young (27648K), 3 survivors (3072K)
 Metaspace       used 53182K, committed 53824K, reserved 1114112K
  class space    used 7664K, committed 7936K, reserved 1048576K
}
Event: 9.430 GC heap after
{Heap after GC invocations=17 (full 0):
 garbage-first heap   total 59392K, used 28560K [0x0000000082c00000, 0x0000000100000000)
  region size 1024K, 3 young (3072K), 3 survivors (3072K)
 Metaspace       used 53182K, committed 53824K, reserved 1114112K
  class space    used 7664K, committed 7936K, reserved 1048576K
}
Event: 10.658 GC heap before
{Heap before GC invocations=17 (full 0):
 garbage-first heap   total 59392K, used 51088K [0x0000000082c00000, 0x0000000100000000)
  region size 1024K, 26 young (26624K), 3 survivors (3072K)
 Metaspace       used 54110K, committed 54784K, reserved 1114112K
  class space    used 7814K, committed 8128K, reserved 1048576K
}
Event: 10.660 GC heap after
{Heap after GC invocations=18 (full 0):
 garbage-first heap   total 59392K, used 29130K [0x0000000082c00000, 0x0000000100000000)
  region size 1024K, 2 young (2048K), 2 survivors (2048K)
 Metaspace       used 54110K, committed 54784K, reserved 1114112K
  class space    used 7814K, committed 8128K, reserved 1048576K
}
Event: 12.323 GC heap before
{Heap before GC invocations=18 (full 0):
 garbage-first heap   total 59392K, used 53706K [0x0000000082c00000, 0x0000000100000000)
  region size 1024K, 26 young (26624K), 2 survivors (2048K)
 Metaspace       used 58959K, committed 59648K, reserved 1114112K
  class space    used 8436K, committed 8704K, reserved 1048576K
}
Event: 12.326 GC heap after
{Heap after GC invocations=19 (full 0):
 garbage-first heap   total 59392K, used 31044K [0x0000000082c00000, 0x0000000100000000)
  region size 1024K, 4 young (4096K), 4 survivors (4096K)
 Metaspace       used 58959K, committed 59648K, reserved 1114112K
  class space    used 8436K, committed 8704K, reserved 1048576K
}

