# JRE version: OpenJDK Runtime Environment Temurin-21.0.10+7 (21.0.10+7) (build 21.0.10+7-LTS)
# Java VM: OpenJDK 64-Bit Server VM Temurin-21.0.10+7 (21.0.10+7-LTS, mixed mode, emulated-client, sharing, tiered, compressed oops, compressed class ptrs, g1 gc, windows-amd64)
GC Precious Log:
 CardTable entry size: 512
 Card Set container configuration: InlinePtr #cards 5 size 8 Array Of Cards #cards 12 size 40 Howl #buckets 4 coarsen threshold 1843 Howl Bitmap #cards 512 size 80 coarsen threshold 460 Card regions per heap region 1 cards per card region 2048
 CPUs: 16 total, 16 available
 Memory: 8010M
 Large Page Support: Disabled
 NUMA Support: Disabled
 Compressed Oops: Enabled (32-bit)
 Heap Region Size: 1M
 Heap Min Capacity: 8M
 Heap Initial Capacity: 126M
 Heap Max Capacity: 2004M
 Pre-touch: Disabled
 Parallel Workers: 13
 Concurrent Workers: 3
 Concurrent Refinement Workers: 13
 Periodic GC: Disabled
Heap:
 garbage-first heap   total 70656K, used 62888K [0x0000000082c00000, 0x0000000100000000)
  region size 1024K, 24 young (24576K), 3 survivors (3072K)
 Metaspace       used 77708K, committed 78592K, reserved 1179648K
  class space    used 11471K, committed 11840K, reserved 1048576K
GC Heap History (20 events):
Event: 4.914 GC heap after
{Heap after GC invocations=11 (full 0):
 garbage-first heap   total 65536K, used 27686K [0x0000000082c00000, 0x0000000100000000)
  region size 1024K, 5 young (5120K), 5 survivors (5120K)
 Metaspace       used 49688K, committed 50304K, reserved 1114112K
  class space    used 7109K, committed 7360K, reserved 1048576K
}
Event: 5.319 GC heap before
{Heap before GC invocations=11 (full 0):
 garbage-first heap   total 65536K, used 56358K [0x0000000082c00000, 0x0000000100000000)
  region size 1024K, 33 young (33792K), 5 survivors (5120K)
 Metaspace       used 53783K, committed 54400K, reserved 1114112K
  class space    used 7749K, committed 8000K, reserved 1048576K
}
Event: 5.323 GC heap after
{Heap after GC invocations=12 (full 0):
 garbage-first heap   total 65536K, used 28806K [0x0000000082c00000, 0x0000000100000000)
  region size 1024K, 4 young (4096K), 4 survivors (4096K)
 Metaspace       used 53783K, committed 54400K, reserved 1114112K
  class space    used 7749K, committed 8000K, reserved 1048576K
}
Event: 5.869 GC heap before
{Heap before GC invocations=12 (full 0):
 garbage-first heap   total 65536K, used 54406K [0x0000000082c00000, 0x0000000100000000)
  region size 1024K, 30 young (30720K), 4 survivors (4096K)
 Metaspace       used 57542K, committed 58176K, reserved 1114112K
  class space    used 8257K, committed 8512K, reserved 1048576K
}
Event: 5.874 GC heap after
{Heap after GC invocations=13 (full 0):
 garbage-first heap   total 65536K, used 30367K [0x0000000082c00000, 0x0000000100000000)
  region size 1024K, 3 young (3072K), 3 survivors (3072K)
 Metaspace       used 57542K, committed 58176K, reserved 1114112K
  class space    used 8257K, committed 8512K, reserved 1048576K
}
Event: 6.471 GC heap before
{Heap before GC invocations=14 (full 0):
 garbage-first heap   total 65536K, used 58015K [0x0000000082c00000, 0x0000000100000000)
  region size 1024K, 30 young (30720K), 3 survivors (3072K)
 Metaspace       used 62117K, committed 62784K, reserved 1114112K
  class space    used 9106K, committed 9408K, reserved 1048576K
}
Event: 6.474 GC heap after
{Heap after GC invocations=15 (full 0):
 garbage-first heap   total 65536K, used 32646K [0x0000000082c00000, 0x0000000100000000)
  region size 1024K, 4 young (4096K), 4 survivors (4096K)
 Metaspace       used 62117K, committed 62784K, reserved 1114112K
  class space    used 9106K, committed 9408K, reserved 1048576K
}
Event: 6.664 GC heap before
{Heap before GC invocations=15 (full 0):
 garbage-first heap   total 65536K, used 59270K [0x0000000082c00000, 0x0000000100000000)
  region size 1024K, 30 young (30720K), 4 survivors (4096K)
 Metaspace       used 63944K, committed 64640K, reserved 1114112K
  class space    used 9488K, committed 9792K, reserved 1048576K
}
Event: 6.667 GC heap after
{Heap after GC invocations=16 (full 0):
 garbage-first heap   total 66560K, used 33589K [0x0000000082c00000, 0x0000000100000000)
  region size 1024K, 4 young (4096K), 4 survivors (4096K)
 Metaspace       used 63944K, committed 64640K, reserved 1114112K
  class space    used 9488K, committed 9792K, reserved 1048576K
}
Event: 6.882 GC heap before
{Heap before GC invocations=16 (full 0):
 garbage-first heap   total 66560K, used 59189K [0x0000000082c00000, 0x0000000100000000)
  region size 1024K, 29 young (29696K), 4 survivors (4096K)
 Metaspace       used 65543K, committed 66240K, reserved 1114112K
  class space    used 9678K, committed 9984K, reserved 1048576K
}
Event: 6.885 GC heap after
{Heap after GC invocations=17 (full 0):
 garbage-first heap   total 66560K, used 34431K [0x0000000082c00000, 0x0000000100000000)
  region size 1024K, 3 young (3072K), 3 survivors (3072K)
 Metaspace       used 65543K, committed 66240K, reserved 1114112K
  class space    used 9678K, committed 9984K, reserved 1048576K
}
Event: 7.183 GC heap before
{Heap before GC invocations=18 (full 0):
 garbage-first heap   total 66560K, used 60031K [0x0000000082c00000, 0x0000000100000000)
  region size 1024K, 28 young (28672K), 3 survivors (3072K)
 Metaspace       used 66560K, committed 67264K, reserved 1114112K
  class space    used 9810K, committed 10112K, reserved 1048576K
}
Event: 7.186 GC heap after
{Heap after GC invocations=19 (full 0):
 garbage-first heap   total 66560K, used 36074K [0x0000000082c00000, 0x0000000100000000)
  region size 1024K, 4 young (4096K), 4 survivors (4096K)
 Metaspace       used 66560K, committed 67264K, reserved 1114112K
  class space    used 9810K, committed 10112K, reserved 1048576K
}
Event: 7.562 GC heap before
{Heap before GC invocations=19 (full 0):
 garbage-first heap   total 66560K, used 59626K [0x0000000082c00000, 0x0000000100000000)
  region size 1024K, 28 young (28672K), 4 survivors (4096K)
 Metaspace       used 69482K, committed 70272K, reserved 1114112K
  class space    used 10237K, committed 10560K, reserved 1048576K
}
Event: 7.566 GC heap after
{Heap after GC invocations=20 (full 0):
 garbage-first heap   total 68608K, used 37921K [0x0000000082c00000, 0x0000000100000000)
  region size 1024K, 4 young (4096K), 4 survivors (4096K)
 Metaspace       used 69482K, committed 70272K, reserved 1114112K
  class space    used 10237K, committed 10560K, reserved 1048576K
}
Event: 8.106 GC heap before
{Heap before GC invocations=20 (full 0):
 garbage-first heap   total 68608K, used 62497K [0x0000000082c00000, 0x0000000100000000)
  region size 1024K, 28 young (28672K), 4 survivors (4096K)
 Metaspace       used 72037K, committed 72896K, reserved 1114112K
  class space    used 10624K, committed 11008K, reserved 1048576K
}
Event: 8.110 GC heap after
{Heap after GC invocations=21 (full 0):
 garbage-first heap   total 69632K, used 40344K [0x0000000082c00000, 0x0000000100000000)
  region size 1024K, 4 young (4096K), 4 survivors (4096K)
 Metaspace       used 72037K, committed 72896K, reserved 1114112K
  class space    used 10624K, committed 11008K, reserved 1048576K
}
Event: 21.560 GC heap before
{Heap before GC invocations=22 (full 0):
 garbage-first heap   total 69632K, used 61848K [0x0000000082c00000, 0x0000000100000000)
  region size 1024K, 26 young (26624K), 4 survivors (4096K)
 Metaspace       used 77004K, committed 77888K, reserved 1179648K
  class space    used 11303K, committed 11712K, reserved 1048576K
}
Event: 21.564 GC heap after
{Heap after GC invocations=23 (full 0):
 garbage-first heap   total 70656K, used 42408K [0x0000000082c00000, 0x0000000100000000)
  region size 1024K, 3 young (3072K), 3 survivors (3072K)
 Metaspace       used 77004K, committed 77888K, reserved 1179648K
  class space    used 11303K, committed 11712K, reserved 1048576K
}
Event: 82.085 GC heap before
{Heap before GC invocations=23 (full 0):
 garbage-first heap   total 70656K, used 62888K [0x0000000082c00000, 0x0000000100000000)
  region size 1024K, 24 young (24576K), 3 survivors (3072K)
 Metaspace       used 77708K, committed 78592K, reserved 1179648K
  class space    used 11471K, committed 11840K, reserved 1048576K
}

