# JRE version: OpenJDK Runtime Environment Temurin-21.0.10+7 (21.0.10+7) (build 21.0.10+7-LTS)
# Java VM: OpenJDK 64-Bit Server VM Temurin-21.0.10+7 (21.0.10+7-LTS, mixed mode, sharing, tiered, compressed oops, compressed class ptrs, parallel gc, windows-amd64)
GC Precious Log:
 CardTable entry size: 512
 CPUs: 16 total, 16 available
 Memory: 8010M
 Large Page Support: Disabled
 NUMA Support: Disabled
 Compressed Oops: Enabled (32-bit)
 Alignments: Space 512K, Generation 512K, Heap 2M
 Heap Min Capacity: 100M
 Heap Initial Capacity: 100M
 Heap Max Capacity: 2G
 Pre-touch: Disabled
 Parallel Workers: 13
Heap:
 PSYoungGen      total 4608K, used 989K [0x00000000d5580000, 0x00000000d5a80000, 0x0000000100000000)
  eden space 3584K, 15% used [0x00000000d5580000,0x00000000d560f550,0x00000000d5900000)
  from space 1024K, 40% used [0x00000000d5900000,0x00000000d5968000,0x00000000d5a00000)
  to   space 512K, 0% used [0x00000000d5a00000,0x00000000d5a00000,0x00000000d5a80000)
 ParOldGen       total 437760K, used 437384K [0x0000000080000000, 0x000000009ab80000, 0x00000000d5580000)
  object space 437760K, 99% used [0x0000000080000000,0x000000009ab220a8,0x000000009ab80000)
 Metaspace       used 79715K, committed 81536K, reserved 1179648K
  class space    used 7989K, committed 8832K, reserved 1048576K
GC Heap History (20 events):
Event: 514.723 GC heap before
{Heap before GC invocations=524 (full 4):
 PSYoungGen      total 5632K, used 5491K [0x00000000d5580000, 0x00000000d5c00000, 0x0000000100000000)
  eden space 4608K, 100% used [0x00000000d5580000,0x00000000d5a00000,0x00000000d5a00000)
  from space 1024K, 86% used [0x00000000d5a00000,0x00000000d5adcc10,0x00000000d5b00000)
  to   space 1024K, 0% used [0x00000000d5b00000,0x00000000d5b00000,0x00000000d5c00000)
 ParOldGen       total 432640K, used 432523K [0x0000000080000000, 0x000000009a680000, 0x00000000d5580000)
  object space 432640K, 99% used [0x0000000080000000,0x000000009a662c00,0x000000009a680000)
 Metaspace       used 79541K, committed 81344K, reserved 1179648K
  class space    used 7972K, committed 8768K, reserved 1048576K
}
Event: 514.725 GC heap after
{Heap after GC invocations=524 (full 4):
 PSYoungGen      total 4608K, used 996K [0x00000000d5580000, 0x00000000d5e00000, 0x0000000100000000)
  eden space 3584K, 0% used [0x00000000d5580000,0x00000000d5580000,0x00000000d5900000)
  from space 1024K, 97% used [0x00000000d5b00000,0x00000000d5bf9210,0x00000000d5c00000)
  to   space 2048K, 0% used [0x00000000d5900000,0x00000000d5900000,0x00000000d5b00000)
 ParOldGen       total 433664K, used 433231K [0x0000000080000000, 0x000000009a780000, 0x00000000d5580000)
  object space 433664K, 99% used [0x0000000080000000,0x000000009a713ee0,0x000000009a780000)
 Metaspace       used 79541K, committed 81344K, reserved 1179648K
  class space    used 7972K, committed 8768K, reserved 1048576K
}
Event: 514.738 GC heap before
{Heap before GC invocations=525 (full 4):
 PSYoungGen      total 4608K, used 4580K [0x00000000d5580000, 0x00000000d5e00000, 0x0000000100000000)
  eden space 3584K, 100% used [0x00000000d5580000,0x00000000d5900000,0x00000000d5900000)
  from space 1024K, 97% used [0x00000000d5b00000,0x00000000d5bf9210,0x00000000d5c00000)
  to   space 2048K, 0% used [0x00000000d5900000,0x00000000d5900000,0x00000000d5b00000)
 ParOldGen       total 433664K, used 433231K [0x0000000080000000, 0x000000009a780000, 0x00000000d5580000)
  object space 433664K, 99% used [0x0000000080000000,0x000000009a713ee0,0x000000009a780000)
 Metaspace       used 79543K, committed 81344K, reserved 1179648K
  class space    used 7972K, committed 8768K, reserved 1048576K
}
Event: 514.740 GC heap after
{Heap after GC invocations=525 (full 4):
 PSYoungGen      total 4608K, used 672K [0x00000000d5580000, 0x00000000d5c00000, 0x0000000100000000)
  eden space 3584K, 0% used [0x00000000d5580000,0x00000000d5580000,0x00000000d5900000)
  from space 1024K, 65% used [0x00000000d5900000,0x00000000d59a8000,0x00000000d5a00000)
  to   space 1536K, 0% used [0x00000000d5a80000,0x00000000d5a80000,0x00000000d5c00000)
 ParOldGen       total 434176K, used 434032K [0x0000000080000000, 0x000000009a800000, 0x00000000d5580000)
  object space 434176K, 99% used [0x0000000080000000,0x000000009a7dc1f8,0x000000009a800000)
 Metaspace       used 79543K, committed 81344K, reserved 1179648K
  class space    used 7972K, committed 8768K, reserved 1048576K
}
Event: 514.750 GC heap before
{Heap before GC invocations=526 (full 4):
 PSYoungGen      total 4608K, used 4256K [0x00000000d5580000, 0x00000000d5c00000, 0x0000000100000000)
  eden space 3584K, 100% used [0x00000000d5580000,0x00000000d5900000,0x00000000d5900000)
  from space 1024K, 65% used [0x00000000d5900000,0x00000000d59a8000,0x00000000d5a00000)
  to   space 1536K, 0% used [0x00000000d5a80000,0x00000000d5a80000,0x00000000d5c00000)
 ParOldGen       total 434176K, used 434032K [0x0000000080000000, 0x000000009a800000, 0x00000000d5580000)
  object space 434176K, 99% used [0x0000000080000000,0x000000009a7dc1f8,0x000000009a800000)
 Metaspace       used 79543K, committed 81344K, reserved 1179648K
  class space    used 7972K, committed 8768K, reserved 1048576K
}
Event: 514.752 GC heap after
{Heap after GC invocations=526 (full 4):
 PSYoungGen      total 4608K, used 640K [0x00000000d5580000, 0x00000000d5b80000, 0x0000000100000000)
  eden space 3584K, 0% used [0x00000000d5580000,0x00000000d5580000,0x00000000d5900000)
  from space 1024K, 62% used [0x00000000d5a80000,0x00000000d5b20020,0x00000000d5b80000)
  to   space 1024K, 0% used [0x00000000d5900000,0x00000000d5900000,0x00000000d5a00000)
 ParOldGen       total 434688K, used 434512K [0x0000000080000000, 0x000000009a880000, 0x00000000d5580000)
  object space 434688K, 99% used [0x0000000080000000,0x000000009a854218,0x000000009a880000)
 Metaspace       used 79543K, committed 81344K, reserved 1179648K
  class space    used 7972K, committed 8768K, reserved 1048576K
}
Event: 514.760 GC heap before
{Heap before GC invocations=527 (full 4):
 PSYoungGen      total 4608K, used 4224K [0x00000000d5580000, 0x00000000d5b80000, 0x0000000100000000)
  eden space 3584K, 100% used [0x00000000d5580000,0x00000000d5900000,0x00000000d5900000)
  from space 1024K, 62% used [0x00000000d5a80000,0x00000000d5b20020,0x00000000d5b80000)
  to   space 1024K, 0% used [0x00000000d5900000,0x00000000d5900000,0x00000000d5a00000)
 ParOldGen       total 434688K, used 434512K [0x0000000080000000, 0x000000009a880000, 0x00000000d5580000)
  object space 434688K, 99% used [0x0000000080000000,0x000000009a854218,0x000000009a880000)
 Metaspace       used 79543K, committed 81344K, reserved 1179648K
  class space    used 7972K, committed 8768K, reserved 1048576K
}
Event: 514.765 GC heap after
{Heap after GC invocations=527 (full 4):
 PSYoungGen      total 4608K, used 544K [0x00000000d5580000, 0x00000000d5c00000, 0x0000000100000000)
  eden space 3584K, 0% used [0x00000000d5580000,0x00000000d5580000,0x00000000d5900000)
  from space 1024K, 53% used [0x00000000d5900000,0x00000000d5988000,0x00000000d5a00000)
  to   space 1024K, 0% used [0x00000000d5b00000,0x00000000d5b00000,0x00000000d5c00000)
 ParOldGen       total 435200K, used 434976K [0x0000000080000000, 0x000000009a900000, 0x00000000d5580000)
  object space 435200K, 99% used [0x0000000080000000,0x000000009a8c8238,0x000000009a900000)
 Metaspace       used 79543K, committed 81344K, reserved 1179648K
  class space    used 7972K, committed 8768K, reserved 1048576K
}
Event: 514.775 GC heap before
{Heap before GC invocations=528 (full 4):
 PSYoungGen      total 4608K, used 4128K [0x00000000d5580000, 0x00000000d5c00000, 0x0000000100000000)
  eden space 3584K, 100% used [0x00000000d5580000,0x00000000d5900000,0x00000000d5900000)
  from space 1024K, 53% used [0x00000000d5900000,0x00000000d5988000,0x00000000d5a00000)
  to   space 1024K, 0% used [0x00000000d5b00000,0x00000000d5b00000,0x00000000d5c00000)
 ParOldGen       total 435200K, used 434976K [0x0000000080000000, 0x000000009a900000, 0x00000000d5580000)
  object space 435200K, 99% used [0x0000000080000000,0x000000009a8c8238,0x000000009a900000)
 Metaspace       used 79544K, committed 81344K, reserved 1179648K
  class space    used 7972K, committed 8768K, reserved 1048576K
}
Event: 514.777 GC heap after
{Heap after GC invocations=528 (full 4):
 PSYoungGen      total 4608K, used 736K [0x00000000d5580000, 0x00000000d5c00000, 0x0000000100000000)
  eden space 3584K, 0% used [0x00000000d5580000,0x00000000d5580000,0x00000000d5900000)
  from space 1024K, 71% used [0x00000000d5b00000,0x00000000d5bb8020,0x00000000d5c00000)
  to   space 1024K, 0% used [0x00000000d5900000,0x00000000d5900000,0x00000000d5a00000)
 ParOldGen       total 435712K, used 435256K [0x0000000080000000, 0x000000009a980000, 0x00000000d5580000)
  object space 435712K, 99% used [0x0000000080000000,0x000000009a90e238,0x000000009a980000)
 Metaspace       used 79544K, committed 81344K, reserved 1179648K
  class space    used 7972K, committed 8768K, reserved 1048576K
}
Event: 514.792 GC heap before
{Heap before GC invocations=529 (full 4):
 PSYoungGen      total 4608K, used 4320K [0x00000000d5580000, 0x00000000d5c00000, 0x0000000100000000)
  eden space 3584K, 100% used [0x00000000d5580000,0x00000000d5900000,0x00000000d5900000)
  from space 1024K, 71% used [0x00000000d5b00000,0x00000000d5bb8020,0x00000000d5c00000)
  to   space 1024K, 0% used [0x00000000d5900000,0x00000000d5900000,0x00000000d5a00000)
 ParOldGen       total 435712K, used 435256K [0x0000000080000000, 0x000000009a980000, 0x00000000d5580000)
  object space 435712K, 99% used [0x0000000080000000,0x000000009a90e238,0x000000009a980000)
 Metaspace       used 79550K, committed 81344K, reserved 1179648K
  class space    used 7972K, committed 8768K, reserved 1048576K
}
Event: 514.796 GC heap after
{Heap after GC invocations=529 (full 4):
 PSYoungGen      total 4608K, used 640K [0x00000000d5580000, 0x00000000d5b80000, 0x0000000100000000)
  eden space 3584K, 0% used [0x00000000d5580000,0x00000000d5580000,0x00000000d5900000)
  from space 1024K, 62% used [0x00000000d5900000,0x00000000d59a0000,0x00000000d5a00000)
  to   space 1024K, 0% used [0x00000000d5a80000,0x00000000d5a80000,0x00000000d5b80000)
 ParOldGen       total 436224K, used 435860K [0x0000000080000000, 0x000000009aa00000, 0x00000000d5580000)
  object space 436224K, 99% used [0x0000000080000000,0x000000009a9a5118,0x000000009aa00000)
 Metaspace       used 79550K, committed 81344K, reserved 1179648K
  class space    used 7972K, committed 8768K, reserved 1048576K
}
Event: 514.826 GC heap before
{Heap before GC invocations=530 (full 4):
 PSYoungGen      total 4608K, used 4223K [0x00000000d5580000, 0x00000000d5b80000, 0x0000000100000000)
  eden space 3584K, 99% used [0x00000000d5580000,0x00000000d58ffff8,0x00000000d5900000)
  from space 1024K, 62% used [0x00000000d5900000,0x00000000d59a0000,0x00000000d5a00000)
  to   space 1024K, 0% used [0x00000000d5a80000,0x00000000d5a80000,0x00000000d5b80000)
 ParOldGen       total 436224K, used 435860K [0x0000000080000000, 0x000000009aa00000, 0x00000000d5580000)
  object space 436224K, 99% used [0x0000000080000000,0x000000009a9a5118,0x000000009aa00000)
 Metaspace       used 79554K, committed 81344K, reserved 1179648K
  class space    used 7972K, committed 8768K, reserved 1048576K
}
Event: 514.831 GC heap after
{Heap after GC invocations=530 (full 4):
 PSYoungGen      total 4608K, used 1024K [0x00000000d5580000, 0x00000000d5c00000, 0x0000000100000000)
  eden space 3584K, 0% used [0x00000000d5580000,0x00000000d5580000,0x00000000d5900000)
  from space 1024K, 100% used [0x00000000d5a80000,0x00000000d5b80000,0x00000000d5b80000)
  to   space 1536K, 0% used [0x00000000d5900000,0x00000000d5900000,0x00000000d5a80000)
 ParOldGen       total 436736K, used 436260K [0x0000000080000000, 0x000000009aa80000, 0x00000000d5580000)
  object space 436736K, 99% used [0x0000000080000000,0x000000009aa09158,0x000000009aa80000)
 Metaspace       used 79554K, committed 81344K, reserved 1179648K
  class space    used 7972K, committed 8768K, reserved 1048576K
}
Event: 514.871 GC heap before
{Heap before GC invocations=531 (full 4):
 PSYoungGen      total 4608K, used 4608K [0x00000000d5580000, 0x00000000d5c00000, 0x0000000100000000)
  eden space 3584K, 100% used [0x00000000d5580000,0x00000000d5900000,0x00000000d5900000)
  from space 1024K, 100% used [0x00000000d5a80000,0x00000000d5b80000,0x00000000d5b80000)
  to   space 1536K, 0% used [0x00000000d5900000,0x00000000d5900000,0x00000000d5a80000)
 ParOldGen       total 436736K, used 436260K [0x0000000080000000, 0x000000009aa80000, 0x00000000d5580000)
  object space 436736K, 99% used [0x0000000080000000,0x000000009aa09158,0x000000009aa80000)
 Metaspace       used 79564K, committed 81344K, reserved 1179648K
  class space    used 7972K, committed 8768K, reserved 1048576K
}
Event: 514.875 GC heap after
{Heap after GC invocations=531 (full 4):
 PSYoungGen      total 4096K, used 480K [0x00000000d5580000, 0x00000000d5b00000, 0x0000000100000000)
  eden space 3584K, 0% used [0x00000000d5580000,0x00000000d5580000,0x00000000d5900000)
  from space 512K, 93% used [0x00000000d5900000,0x00000000d5978000,0x00000000d5980000)
  to   space 1024K, 0% used [0x00000000d5a00000,0x00000000d5a00000,0x00000000d5b00000)
 ParOldGen       total 437248K, used 436977K [0x0000000080000000, 0x000000009ab00000, 0x00000000d5580000)
  object space 437248K, 99% used [0x0000000080000000,0x000000009aabc408,0x000000009ab00000)
 Metaspace       used 79564K, committed 81344K, reserved 1179648K
  class space    used 7972K, committed 8768K, reserved 1048576K
}
Event: 515.174 GC heap before
{Heap before GC invocations=532 (full 4):
 PSYoungGen      total 4096K, used 4063K [0x00000000d5580000, 0x00000000d5b00000, 0x0000000100000000)
  eden space 3584K, 99% used [0x00000000d5580000,0x00000000d58ffff0,0x00000000d5900000)
  from space 512K, 93% used [0x00000000d5900000,0x00000000d5978000,0x00000000d5980000)
  to   space 1024K, 0% used [0x00000000d5a00000,0x00000000d5a00000,0x00000000d5b00000)
 ParOldGen       total 437248K, used 436977K [0x0000000080000000, 0x000000009ab00000, 0x00000000d5580000)
  object space 437248K, 99% used [0x0000000080000000,0x000000009aabc408,0x000000009ab00000)
 Metaspace       used 79678K, committed 81408K, reserved 1179648K
  class space    used 7984K, committed 8768K, reserved 1048576K
}
Event: 515.179 GC heap after
{Heap after GC invocations=532 (full 4):
 PSYoungGen      total 4608K, used 480K [0x00000000d5580000, 0x00000000d5b00000, 0x0000000100000000)
  eden space 3584K, 0% used [0x00000000d5580000,0x00000000d5580000,0x00000000d5900000)
  from space 1024K, 46% used [0x00000000d5a00000,0x00000000d5a78000,0x00000000d5b00000)
  to   space 1024K, 0% used [0x00000000d5900000,0x00000000d5900000,0x00000000d5a00000)
 ParOldGen       total 437248K, used 437224K [0x0000000080000000, 0x000000009ab00000, 0x00000000d5580000)
  object space 437248K, 99% used [0x0000000080000000,0x000000009aafa0a8,0x000000009ab00000)
 Metaspace       used 79678K, committed 81408K, reserved 1179648K
  class space    used 7984K, committed 8768K, reserved 1048576K
}
Event: 515.302 GC heap before
{Heap before GC invocations=533 (full 4):
 PSYoungGen      total 4608K, used 4064K [0x00000000d5580000, 0x00000000d5b00000, 0x0000000100000000)
  eden space 3584K, 100% used [0x00000000d5580000,0x00000000d5900000,0x00000000d5900000)
  from space 1024K, 46% used [0x00000000d5a00000,0x00000000d5a78000,0x00000000d5b00000)
  to   space 1024K, 0% used [0x00000000d5900000,0x00000000d5900000,0x00000000d5a00000)
 ParOldGen       total 437248K, used 437224K [0x0000000080000000, 0x000000009ab00000, 0x00000000d5580000)
  object space 437248K, 99% used [0x0000000080000000,0x000000009aafa0a8,0x000000009ab00000)
 Metaspace       used 79696K, committed 81472K, reserved 1179648K
  class space    used 7984K, committed 8768K, reserved 1048576K
}
Event: 515.303 GC heap after
{Heap after GC invocations=533 (full 4):
 PSYoungGen      total 4608K, used 416K [0x00000000d5580000, 0x00000000d5a80000, 0x0000000100000000)
  eden space 3584K, 0% used [0x00000000d5580000,0x00000000d5580000,0x00000000d5900000)
  from space 1024K, 40% used [0x00000000d5900000,0x00000000d5968000,0x00000000d5a00000)
  to   space 512K, 0% used [0x00000000d5a00000,0x00000000d5a00000,0x00000000d5a80000)
 ParOldGen       total 437760K, used 437384K [0x0000000080000000, 0x000000009ab80000, 0x00000000d5580000)
  object space 437760K, 99% used [0x0000000080000000,0x000000009ab220a8,0x000000009ab80000)
 Metaspace       used 79696K, committed 81472K, reserved 1179648K
  class space    used 7984K, committed 8768K, reserved 1048576K
}

