# JRE version: OpenJDK Runtime Environment Temurin-21.0.10+7 (21.0.10+7) (build 21.0.10+7-LTS)
# Java VM: OpenJDK 64-Bit Server VM Temurin-21.0.10+7 (21.0.10+7-LTS, mixed mode, sharing, tiered, compressed oops, compressed class ptrs, parallel gc, windows-amd64)
GC Precious Log:
 CardTable entry size: 512
 CPUs: 16 total, 16 available
 Memory: 8010M
 Large Page Support: Disabled
 NUMA Support: Disabled
 Compressed Oops: Enabled (32-bit)
 Alignments: Space 512K, Generation 512K, Heap 2M
 Heap Min Capacity: 100M
 Heap Initial Capacity: 100M
 Heap Max Capacity: 2G
 Pre-touch: Disabled
 Parallel Workers: 13
Heap:
 PSYoungGen      total 13312K, used 3082K [0x00000000d5580000, 0x00000000d6380000, 0x0000000100000000)
  eden space 12800K, 20% used [0x00000000d5580000,0x00000000d580aa70,0x00000000d6200000)
  from space 512K, 93% used [0x00000000d6280000,0x00000000d62f8000,0x00000000d6300000)
  to   space 512K, 0% used [0x00000000d6300000,0x00000000d6300000,0x00000000d6380000)
 ParOldGen       total 101888K, used 93731K [0x0000000080000000, 0x0000000086380000, 0x00000000d5580000)
  object space 101888K, 91% used [0x0000000080000000,0x0000000085b88f50,0x0000000086380000)
 Metaspace       used 65512K, committed 67136K, reserved 1114112K
  class space    used 6920K, committed 7616K, reserved 1048576K
GC Heap History (20 events):
Event: 1587.534 GC heap before
{Heap before GC invocations=97 (full 3):
 PSYoungGen      total 13312K, used 12960K [0x00000000d5580000, 0x00000000d6380000, 0x0000000100000000)
  eden space 12800K, 100% used [0x00000000d5580000,0x00000000d6200000,0x00000000d6200000)
  from space 512K, 31% used [0x00000000d6280000,0x00000000d62a8000,0x00000000d6300000)
  to   space 512K, 0% used [0x00000000d6300000,0x00000000d6300000,0x00000000d6380000)
 ParOldGen       total 101888K, used 92787K [0x0000000080000000, 0x0000000086380000, 0x00000000d5580000)
  object space 101888K, 91% used [0x0000000080000000,0x0000000085a9ce30,0x0000000086380000)
 Metaspace       used 65208K, committed 66816K, reserved 1114112K
  class space    used 6917K, committed 7616K, reserved 1048576K
}
Event: 1587.535 GC heap after
{Heap after GC invocations=97 (full 3):
 PSYoungGen      total 13312K, used 320K [0x00000000d5580000, 0x00000000d6380000, 0x0000000100000000)
  eden space 12800K, 0% used [0x00000000d5580000,0x00000000d5580000,0x00000000d6200000)
  from space 512K, 62% used [0x00000000d6300000,0x00000000d6350000,0x00000000d6380000)
  to   space 512K, 0% used [0x00000000d6280000,0x00000000d6280000,0x00000000d6300000)
 ParOldGen       total 101888K, used 92787K [0x0000000080000000, 0x0000000086380000, 0x00000000d5580000)
  object space 101888K, 91% used [0x0000000080000000,0x0000000085a9ce30,0x0000000086380000)
 Metaspace       used 65208K, committed 66816K, reserved 1114112K
  class space    used 6917K, committed 7616K, reserved 1048576K
}
Event: 1587.930 GC heap before
{Heap before GC invocations=98 (full 3):
 PSYoungGen      total 13312K, used 13120K [0x00000000d5580000, 0x00000000d6380000, 0x0000000100000000)
  eden space 12800K, 100% used [0x00000000d5580000,0x00000000d6200000,0x00000000d6200000)
  from space 512K, 62% used [0x00000000d6300000,0x00000000d6350000,0x00000000d6380000)
  to   space 512K, 0% used [0x00000000d6280000,0x00000000d6280000,0x00000000d6300000)
 ParOldGen       total 101888K, used 92787K [0x0000000080000000, 0x0000000086380000, 0x00000000d5580000)
  object space 101888K, 91% used [0x0000000080000000,0x0000000085a9ce30,0x0000000086380000)
 Metaspace       used 65208K, committed 66816K, reserved 1114112K
  class space    used 6917K, committed 7616K, reserved 1048576K
}
Event: 1587.931 GC heap after
{Heap after GC invocations=98 (full 3):
 PSYoungGen      total 13312K, used 192K [0x00000000d5580000, 0x00000000d6380000, 0x0000000100000000)
  eden space 12800K, 0% used [0x00000000d5580000,0x00000000d5580000,0x00000000d6200000)
  from space 512K, 37% used [0x00000000d6280000,0x00000000d62b0000,0x00000000d6300000)
  to   space 512K, 0% used [0x00000000d6300000,0x00000000d6300000,0x00000000d6380000)
 ParOldGen       total 101888K, used 92867K [0x0000000080000000, 0x0000000086380000, 0x00000000d5580000)
  object space 101888K, 91% used [0x0000000080000000,0x0000000085ab0e30,0x0000000086380000)
 Metaspace       used 65208K, committed 66816K, reserved 1114112K
  class space    used 6917K, committed 7616K, reserved 1048576K
}
Event: 1588.299 GC heap before
{Heap before GC invocations=99 (full 3):
 PSYoungGen      total 13312K, used 12992K [0x00000000d5580000, 0x00000000d6380000, 0x0000000100000000)
  eden space 12800K, 100% used [0x00000000d5580000,0x00000000d6200000,0x00000000d6200000)
  from space 512K, 37% used [0x00000000d6280000,0x00000000d62b0000,0x00000000d6300000)
  to   space 512K, 0% used [0x00000000d6300000,0x00000000d6300000,0x00000000d6380000)
 ParOldGen       total 101888K, used 92867K [0x0000000080000000, 0x0000000086380000, 0x00000000d5580000)
  object space 101888K, 91% used [0x0000000080000000,0x0000000085ab0e30,0x0000000086380000)
 Metaspace       used 65208K, committed 66816K, reserved 1114112K
  class space    used 6917K, committed 7616K, reserved 1048576K
}
Event: 1588.299 GC heap after
{Heap after GC invocations=99 (full 3):
 PSYoungGen      total 13312K, used 160K [0x00000000d5580000, 0x00000000d6380000, 0x0000000100000000)
  eden space 12800K, 0% used [0x00000000d5580000,0x00000000d5580000,0x00000000d6200000)
  from space 512K, 31% used [0x00000000d6300000,0x00000000d6328000,0x00000000d6380000)
  to   space 512K, 0% used [0x00000000d6280000,0x00000000d6280000,0x00000000d6300000)
 ParOldGen       total 101888K, used 92867K [0x0000000080000000, 0x0000000086380000, 0x00000000d5580000)
  object space 101888K, 91% used [0x0000000080000000,0x0000000085ab0e30,0x0000000086380000)
 Metaspace       used 65208K, committed 66816K, reserved 1114112K
  class space    used 6917K, committed 7616K, reserved 1048576K
}
Event: 1588.807 GC heap before
{Heap before GC invocations=100 (full 3):
 PSYoungGen      total 13312K, used 12960K [0x00000000d5580000, 0x00000000d6380000, 0x0000000100000000)
  eden space 12800K, 100% used [0x00000000d5580000,0x00000000d6200000,0x00000000d6200000)
  from space 512K, 31% used [0x00000000d6300000,0x00000000d6328000,0x00000000d6380000)
  to   space 512K, 0% used [0x00000000d6280000,0x00000000d6280000,0x00000000d6300000)
 ParOldGen       total 101888K, used 92867K [0x0000000080000000, 0x0000000086380000, 0x00000000d5580000)
  object space 101888K, 91% used [0x0000000080000000,0x0000000085ab0e30,0x0000000086380000)
 Metaspace       used 65214K, committed 66880K, reserved 1114112K
  class space    used 6917K, committed 7616K, reserved 1048576K
}
Event: 1588.808 GC heap after
{Heap after GC invocations=100 (full 3):
 PSYoungGen      total 13312K, used 288K [0x00000000d5580000, 0x00000000d6380000, 0x0000000100000000)
  eden space 12800K, 0% used [0x00000000d5580000,0x00000000d5580000,0x00000000d6200000)
  from space 512K, 56% used [0x00000000d6280000,0x00000000d62c8000,0x00000000d6300000)
  to   space 512K, 0% used [0x00000000d6300000,0x00000000d6300000,0x00000000d6380000)
 ParOldGen       total 101888K, used 92891K [0x0000000080000000, 0x0000000086380000, 0x00000000d5580000)
  object space 101888K, 91% used [0x0000000080000000,0x0000000085ab6e30,0x0000000086380000)
 Metaspace       used 65214K, committed 66880K, reserved 1114112K
  class space    used 6917K, committed 7616K, reserved 1048576K
}
Event: 1589.262 GC heap before
{Heap before GC invocations=101 (full 3):
 PSYoungGen      total 13312K, used 13088K [0x00000000d5580000, 0x00000000d6380000, 0x0000000100000000)
  eden space 12800K, 100% used [0x00000000d5580000,0x00000000d6200000,0x00000000d6200000)
  from space 512K, 56% used [0x00000000d6280000,0x00000000d62c8000,0x00000000d6300000)
  to   space 512K, 0% used [0x00000000d6300000,0x00000000d6300000,0x00000000d6380000)
 ParOldGen       total 101888K, used 92891K [0x0000000080000000, 0x0000000086380000, 0x00000000d5580000)
  object space 101888K, 91% used [0x0000000080000000,0x0000000085ab6e30,0x0000000086380000)
 Metaspace       used 65214K, committed 66880K, reserved 1114112K
  class space    used 6917K, committed 7616K, reserved 1048576K
}
Event: 1589.263 GC heap after
{Heap after GC invocations=101 (full 3):
 PSYoungGen      total 13312K, used 224K [0x00000000d5580000, 0x00000000d6380000, 0x0000000100000000)
  eden space 12800K, 0% used [0x00000000d5580000,0x00000000d5580000,0x00000000d6200000)
  from space 512K, 43% used [0x00000000d6300000,0x00000000d6338000,0x00000000d6380000)
  to   space 512K, 0% used [0x00000000d6280000,0x00000000d6280000,0x00000000d6300000)
 ParOldGen       total 101888K, used 92899K [0x0000000080000000, 0x0000000086380000, 0x00000000d5580000)
  object space 101888K, 91% used [0x0000000080000000,0x0000000085ab8e30,0x0000000086380000)
 Metaspace       used 65214K, committed 66880K, reserved 1114112K
  class space    used 6917K, committed 7616K, reserved 1048576K
}
Event: 1590.777 GC heap before
{Heap before GC invocations=102 (full 3):
 PSYoungGen      total 13312K, used 13024K [0x00000000d5580000, 0x00000000d6380000, 0x0000000100000000)
  eden space 12800K, 100% used [0x00000000d5580000,0x00000000d6200000,0x00000000d6200000)
  from space 512K, 43% used [0x00000000d6300000,0x00000000d6338000,0x00000000d6380000)
  to   space 512K, 0% used [0x00000000d6280000,0x00000000d6280000,0x00000000d6300000)
 ParOldGen       total 101888K, used 92899K [0x0000000080000000, 0x0000000086380000, 0x00000000d5580000)
  object space 101888K, 91% used [0x0000000080000000,0x0000000085ab8e30,0x0000000086380000)
 Metaspace       used 65214K, committed 66880K, reserved 1114112K
  class space    used 6917K, committed 7616K, reserved 1048576K
}
Event: 1590.778 GC heap after
{Heap after GC invocations=102 (full 3):
 PSYoungGen      total 13312K, used 256K [0x00000000d5580000, 0x00000000d6380000, 0x0000000100000000)
  eden space 12800K, 0% used [0x00000000d5580000,0x00000000d5580000,0x00000000d6200000)
  from space 512K, 50% used [0x00000000d6280000,0x00000000d62c0000,0x00000000d6300000)
  to   space 512K, 0% used [0x00000000d6300000,0x00000000d6300000,0x00000000d6380000)
 ParOldGen       total 101888K, used 92899K [0x0000000080000000, 0x0000000086380000, 0x00000000d5580000)
  object space 101888K, 91% used [0x0000000080000000,0x0000000085ab8e30,0x0000000086380000)
 Metaspace       used 65214K, committed 66880K, reserved 1114112K
  class space    used 6917K, committed 7616K, reserved 1048576K
}
Event: 1779.065 GC heap before
{Heap before GC invocations=103 (full 3):
 PSYoungGen      total 13312K, used 13055K [0x00000000d5580000, 0x00000000d6380000, 0x0000000100000000)
  eden space 12800K, 99% used [0x00000000d5580000,0x00000000d61fffc8,0x00000000d6200000)
  from space 512K, 50% used [0x00000000d6280000,0x00000000d62c0000,0x00000000d6300000)
  to   space 512K, 0% used [0x00000000d6300000,0x00000000d6300000,0x00000000d6380000)
 ParOldGen       total 101888K, used 92899K [0x0000000080000000, 0x0000000086380000, 0x00000000d5580000)
  object space 101888K, 91% used [0x0000000080000000,0x0000000085ab8e30,0x0000000086380000)
 Metaspace       used 65306K, committed 66944K, reserved 1114112K
  class space    used 6920K, committed 7616K, reserved 1048576K
}
Event: 1779.074 GC heap after
{Heap after GC invocations=103 (full 3):
 PSYoungGen      total 13312K, used 496K [0x00000000d5580000, 0x00000000d6400000, 0x0000000100000000)
  eden space 12800K, 0% used [0x00000000d5580000,0x00000000d5580000,0x00000000d6200000)
  from space 512K, 96% used [0x00000000d6300000,0x00000000d637c030,0x00000000d6380000)
  to   space 1024K, 0% used [0x00000000d6200000,0x00000000d6200000,0x00000000d6300000)
 ParOldGen       total 101888K, used 93091K [0x0000000080000000, 0x0000000086380000, 0x00000000d5580000)
  object space 101888K, 91% used [0x0000000080000000,0x0000000085ae8e90,0x0000000086380000)
 Metaspace       used 65306K, committed 66944K, reserved 1114112K
  class space    used 6920K, committed 7616K, reserved 1048576K
}
Event: 1814.876 GC heap before
{Heap before GC invocations=104 (full 3):
 PSYoungGen      total 13312K, used 13296K [0x00000000d5580000, 0x00000000d6400000, 0x0000000100000000)
  eden space 12800K, 99% used [0x00000000d5580000,0x00000000d61fffe8,0x00000000d6200000)
  from space 512K, 96% used [0x00000000d6300000,0x00000000d637c030,0x00000000d6380000)
  to   space 1024K, 0% used [0x00000000d6200000,0x00000000d6200000,0x00000000d6300000)
 ParOldGen       total 101888K, used 93091K [0x0000000080000000, 0x0000000086380000, 0x00000000d5580000)
  object space 101888K, 91% used [0x0000000080000000,0x0000000085ae8e90,0x0000000086380000)
 Metaspace       used 65408K, committed 67008K, reserved 1114112K
  class space    used 6920K, committed 7616K, reserved 1048576K
}
Event: 1814.878 GC heap after
{Heap after GC invocations=104 (full 3):
 PSYoungGen      total 13824K, used 640K [0x00000000d5580000, 0x00000000d6400000, 0x0000000100000000)
  eden space 12800K, 0% used [0x00000000d5580000,0x00000000d5580000,0x00000000d6200000)
  from space 1024K, 62% used [0x00000000d6200000,0x00000000d62a0040,0x00000000d6300000)
  to   space 1024K, 0% used [0x00000000d6300000,0x00000000d6300000,0x00000000d6400000)
 ParOldGen       total 101888K, used 93371K [0x0000000080000000, 0x0000000086380000, 0x00000000d5580000)
  object space 101888K, 91% used [0x0000000080000000,0x0000000085b2eef0,0x0000000086380000)
 Metaspace       used 65408K, committed 67008K, reserved 1114112K
  class space    used 6920K, committed 7616K, reserved 1048576K
}
Event: 1853.602 GC heap before
{Heap before GC invocations=105 (full 3):
 PSYoungGen      total 13824K, used 13440K [0x00000000d5580000, 0x00000000d6400000, 0x0000000100000000)
  eden space 12800K, 100% used [0x00000000d5580000,0x00000000d6200000,0x00000000d6200000)
  from space 1024K, 62% used [0x00000000d6200000,0x00000000d62a0040,0x00000000d6300000)
  to   space 1024K, 0% used [0x00000000d6300000,0x00000000d6300000,0x00000000d6400000)
 ParOldGen       total 101888K, used 93371K [0x0000000080000000, 0x0000000086380000, 0x00000000d5580000)
  object space 101888K, 91% used [0x0000000080000000,0x0000000085b2eef0,0x0000000086380000)
 Metaspace       used 65445K, committed 67072K, reserved 1114112K
  class space    used 6920K, committed 7616K, reserved 1048576K
}
Event: 1853.603 GC heap after
{Heap after GC invocations=105 (full 3):
 PSYoungGen      total 13312K, used 416K [0x00000000d5580000, 0x00000000d6380000, 0x0000000100000000)
  eden space 12800K, 0% used [0x00000000d5580000,0x00000000d5580000,0x00000000d6200000)
  from space 512K, 81% used [0x00000000d6300000,0x00000000d6368000,0x00000000d6380000)
  to   space 512K, 0% used [0x00000000d6280000,0x00000000d6280000,0x00000000d6300000)
 ParOldGen       total 101888K, used 93659K [0x0000000080000000, 0x0000000086380000, 0x00000000d5580000)
  object space 101888K, 91% used [0x0000000080000000,0x0000000085b76f50,0x0000000086380000)
 Metaspace       used 65445K, committed 67072K, reserved 1114112K
  class space    used 6920K, committed 7616K, reserved 1048576K
}
Event: 1906.950 GC heap before
{Heap before GC invocations=106 (full 3):
 PSYoungGen      total 13312K, used 13216K [0x00000000d5580000, 0x00000000d6380000, 0x0000000100000000)
  eden space 12800K, 100% used [0x00000000d5580000,0x00000000d6200000,0x00000000d6200000)
  from space 512K, 81% used [0x00000000d6300000,0x00000000d6368000,0x00000000d6380000)
  to   space 512K, 0% used [0x00000000d6280000,0x00000000d6280000,0x00000000d6300000)
 ParOldGen       total 101888K, used 93659K [0x0000000080000000, 0x0000000086380000, 0x00000000d5580000)
  object space 101888K, 91% used [0x0000000080000000,0x0000000085b76f50,0x0000000086380000)
 Metaspace       used 65495K, committed 67136K, reserved 1114112K
  class space    used 6920K, committed 7616K, reserved 1048576K
}
Event: 1906.953 GC heap after
{Heap after GC invocations=106 (full 3):
 PSYoungGen      total 13312K, used 480K [0x00000000d5580000, 0x00000000d6380000, 0x0000000100000000)
  eden space 12800K, 0% used [0x00000000d5580000,0x00000000d5580000,0x00000000d6200000)
  from space 512K, 93% used [0x00000000d6280000,0x00000000d62f8000,0x00000000d6300000)
  to   space 512K, 0% used [0x00000000d6300000,0x00000000d6300000,0x00000000d6380000)
 ParOldGen       total 101888K, used 93731K [0x0000000080000000, 0x0000000086380000, 0x00000000d5580000)
  object space 101888K, 91% used [0x0000000080000000,0x0000000085b88f50,0x0000000086380000)
 Metaspace       used 65495K, committed 67136K, reserved 1114112K
  class space    used 6920K, committed 7616K, reserved 1048576K
}

