# JRE version: OpenJDK Runtime Environment Temurin-21.0.10+7 (21.0.10+7) (build 21.0.10+7-LTS)
# Java VM: OpenJDK 64-Bit Server VM Temurin-21.0.10+7 (21.0.10+7-LTS, mixed mode, sharing, tiered, compressed oops, compressed class ptrs, parallel gc, windows-amd64)
GC Precious Log:
 CardTable entry size: 512
 CPUs: 16 total, 16 available
 Memory: 8010M
 Large Page Support: Disabled
 NUMA Support: Disabled
 Compressed Oops: Enabled (32-bit)
 Alignments: Space 512K, Generation 512K, Heap 2M
 Heap Min Capacity: 100M
 Heap Initial Capacity: 100M
 Heap Max Capacity: 2G
 Pre-touch: Disabled
 Parallel Workers: 13
Heap:
 PSYoungGen      total 19968K, used 19007K [0x00000000d5580000, 0x00000000d6a80000, 0x0000000100000000)
  eden space 18432K, 100% used [0x00000000d5580000,0x00000000d6780000,0x00000000d6780000)
  from space 1536K, 37% used [0x00000000d6800000,0x00000000d688fc00,0x00000000d6980000)
  to   space 1024K, 40% used [0x00000000d6980000,0x00000000d69e8000,0x00000000d6a80000)
 ParOldGen       total 87552K, used 87549K [0x0000000080000000, 0x0000000085580000, 0x00000000d5580000)
  object space 87552K, 99% used [0x0000000080000000,0x000000008557f718,0x0000000085580000)
 Metaspace       used 72608K, committed 74176K, reserved 1179648K
  class space    used 7511K, committed 8128K, reserved 1048576K
GC Heap History (20 events):
Event: 16.188 GC heap after
{Heap after GC invocations=53 (full 3):
 PSYoungGen      total 21504K, used 1136K [0x00000000d5580000, 0x00000000d6d80000, 0x0000000100000000)
  eden space 19968K, 0% used [0x00000000d5580000,0x00000000d5580000,0x00000000d6900000)
  from space 1536K, 73% used [0x00000000d6c00000,0x00000000d6d1c010,0x00000000d6d80000)
  to   space 2048K, 0% used [0x00000000d6980000,0x00000000d6980000,0x00000000d6b80000)
 ParOldGen       total 79872K, used 79784K [0x0000000080000000, 0x0000000084e00000, 0x00000000d5580000)
  object space 79872K, 99% used [0x0000000080000000,0x0000000084dea218,0x0000000084e00000)
 Metaspace       used 68029K, committed 69504K, reserved 1114112K
  class space    used 6997K, committed 7680K, reserved 1048576K
}
Event: 16.342 GC heap before
{Heap before GC invocations=54 (full 3):
 PSYoungGen      total 21504K, used 21104K [0x00000000d5580000, 0x00000000d6d80000, 0x0000000100000000)
  eden space 19968K, 100% used [0x00000000d5580000,0x00000000d6900000,0x00000000d6900000)
  from space 1536K, 73% used [0x00000000d6c00000,0x00000000d6d1c010,0x00000000d6d80000)
  to   space 2048K, 0% used [0x00000000d6980000,0x00000000d6980000,0x00000000d6b80000)
 ParOldGen       total 79872K, used 79784K [0x0000000080000000, 0x0000000084e00000, 0x00000000d5580000)
  object space 79872K, 99% used [0x0000000080000000,0x0000000084dea218,0x0000000084e00000)
 Metaspace       used 68176K, committed 69696K, reserved 1114112K
  class space    used 7000K, committed 7680K, reserved 1048576K
}
Event: 16.343 GC heap after
{Heap after GC invocations=54 (full 3):
 PSYoungGen      total 20992K, used 960K [0x00000000d5580000, 0x00000000d6c80000, 0x0000000100000000)
  eden space 19968K, 0% used [0x00000000d5580000,0x00000000d5580000,0x00000000d6900000)
  from space 1024K, 93% used [0x00000000d6980000,0x00000000d6a70000,0x00000000d6a80000)
  to   space 1536K, 0% used [0x00000000d6b00000,0x00000000d6b00000,0x00000000d6c80000)
 ParOldGen       total 80896K, used 80688K [0x0000000080000000, 0x0000000084f00000, 0x00000000d5580000)
  object space 80896K, 99% used [0x0000000080000000,0x0000000084ecc218,0x0000000084f00000)
 Metaspace       used 68176K, committed 69696K, reserved 1114112K
  class space    used 7000K, committed 7680K, reserved 1048576K
}
Event: 16.869 GC heap before
{Heap before GC invocations=55 (full 3):
 PSYoungGen      total 20992K, used 20927K [0x00000000d5580000, 0x00000000d6c80000, 0x0000000100000000)
  eden space 19968K, 99% used [0x00000000d5580000,0x00000000d68ffd30,0x00000000d6900000)
  from space 1024K, 93% used [0x00000000d6980000,0x00000000d6a70000,0x00000000d6a80000)
  to   space 1536K, 0% used [0x00000000d6b00000,0x00000000d6b00000,0x00000000d6c80000)
 ParOldGen       total 80896K, used 80688K [0x0000000080000000, 0x0000000084f00000, 0x00000000d5580000)
  object space 80896K, 99% used [0x0000000080000000,0x0000000084ecc218,0x0000000084f00000)
 Metaspace       used 68876K, committed 70464K, reserved 1114112K
  class space    used 7100K, committed 7808K, reserved 1048576K
}
Event: 16.871 GC heap after
{Heap after GC invocations=55 (full 3):
 PSYoungGen      total 19968K, used 1536K [0x00000000d5580000, 0x00000000d7000000, 0x0000000100000000)
  eden space 18432K, 0% used [0x00000000d5580000,0x00000000d5580000,0x00000000d6780000)
  from space 1536K, 100% used [0x00000000d6b00000,0x00000000d6c80000,0x00000000d6c80000)
  to   space 3584K, 0% used [0x00000000d6780000,0x00000000d6780000,0x00000000d6b00000)
 ParOldGen       total 82432K, used 81956K [0x0000000080000000, 0x0000000085080000, 0x00000000d5580000)
  object space 82432K, 99% used [0x0000000080000000,0x0000000085009228,0x0000000085080000)
 Metaspace       used 68876K, committed 70464K, reserved 1114112K
  class space    used 7100K, committed 7808K, reserved 1048576K
}
Event: 17.403 GC heap before
{Heap before GC invocations=56 (full 3):
 PSYoungGen      total 19968K, used 19968K [0x00000000d5580000, 0x00000000d7000000, 0x0000000100000000)
  eden space 18432K, 100% used [0x00000000d5580000,0x00000000d6780000,0x00000000d6780000)
  from space 1536K, 100% used [0x00000000d6b00000,0x00000000d6c80000,0x00000000d6c80000)
  to   space 3584K, 0% used [0x00000000d6780000,0x00000000d6780000,0x00000000d6b00000)
 ParOldGen       total 82432K, used 81956K [0x0000000080000000, 0x0000000085080000, 0x00000000d5580000)
  object space 82432K, 99% used [0x0000000080000000,0x0000000085009228,0x0000000085080000)
 Metaspace       used 70204K, committed 71680K, reserved 1114112K
  class space    used 7233K, committed 7872K, reserved 1048576K
}
Event: 17.405 GC heap after
{Heap after GC invocations=56 (full 3):
 PSYoungGen      total 19456K, used 890K [0x00000000d5580000, 0x00000000d6b80000, 0x0000000100000000)
  eden space 18432K, 0% used [0x00000000d5580000,0x00000000d5580000,0x00000000d6780000)
  from space 1024K, 86% used [0x00000000d6780000,0x00000000d685e8c8,0x00000000d6880000)
  to   space 2048K, 0% used [0x00000000d6980000,0x00000000d6980000,0x00000000d6b80000)
 ParOldGen       total 83456K, used 83052K [0x0000000080000000, 0x0000000085180000, 0x00000000d5580000)
  object space 83456K, 99% used [0x0000000080000000,0x000000008511b228,0x0000000085180000)
 Metaspace       used 70204K, committed 71680K, reserved 1114112K
  class space    used 7233K, committed 7872K, reserved 1048576K
}
Event: 18.053 GC heap before
{Heap before GC invocations=57 (full 3):
 PSYoungGen      total 19456K, used 19322K [0x00000000d5580000, 0x00000000d6b80000, 0x0000000100000000)
  eden space 18432K, 99% used [0x00000000d5580000,0x00000000d677fff8,0x00000000d6780000)
  from space 1024K, 86% used [0x00000000d6780000,0x00000000d685e8c8,0x00000000d6880000)
  to   space 2048K, 0% used [0x00000000d6980000,0x00000000d6980000,0x00000000d6b80000)
 ParOldGen       total 83456K, used 83052K [0x0000000080000000, 0x0000000085180000, 0x00000000d5580000)
  object space 83456K, 99% used [0x0000000080000000,0x000000008511b228,0x0000000085180000)
 Metaspace       used 71095K, committed 72576K, reserved 1114112K
  class space    used 7372K, committed 8000K, reserved 1048576K
}
Event: 18.054 GC heap after
{Heap after GC invocations=57 (full 3):
 PSYoungGen      total 18944K, used 504K [0x00000000d5580000, 0x00000000d6a00000, 0x0000000100000000)
  eden space 18432K, 0% used [0x00000000d5580000,0x00000000d5580000,0x00000000d6780000)
  from space 512K, 98% used [0x00000000d6980000,0x00000000d69fe1c8,0x00000000d6a00000)
  to   space 1024K, 0% used [0x00000000d6800000,0x00000000d6800000,0x00000000d6900000)
 ParOldGen       total 83968K, used 83718K [0x0000000080000000, 0x0000000085200000, 0x00000000d5580000)
  object space 83968K, 99% used [0x0000000080000000,0x00000000851c1b88,0x0000000085200000)
 Metaspace       used 71095K, committed 72576K, reserved 1114112K
  class space    used 7372K, committed 8000K, reserved 1048576K
}
Event: 18.429 GC heap before
{Heap before GC invocations=58 (full 3):
 PSYoungGen      total 18944K, used 18936K [0x00000000d5580000, 0x00000000d6a00000, 0x0000000100000000)
  eden space 18432K, 100% used [0x00000000d5580000,0x00000000d6780000,0x00000000d6780000)
  from space 512K, 98% used [0x00000000d6980000,0x00000000d69fe1c8,0x00000000d6a00000)
  to   space 1024K, 0% used [0x00000000d6800000,0x00000000d6800000,0x00000000d6900000)
 ParOldGen       total 83968K, used 83718K [0x0000000080000000, 0x0000000085200000, 0x00000000d5580000)
  object space 83968K, 99% used [0x0000000080000000,0x00000000851c1b88,0x0000000085200000)
 Metaspace       used 72320K, committed 73856K, reserved 1179648K
  class space    used 7490K, committed 8128K, reserved 1048576K
}
Event: 18.431 GC heap after
{Heap after GC invocations=58 (full 3):
 PSYoungGen      total 19456K, used 1019K [0x00000000d5580000, 0x00000000d6c80000, 0x0000000100000000)
  eden space 18432K, 0% used [0x00000000d5580000,0x00000000d5580000,0x00000000d6780000)
  from space 1024K, 99% used [0x00000000d6800000,0x00000000d68fee78,0x00000000d6900000)
  to   space 2560K, 0% used [0x00000000d6a00000,0x00000000d6a00000,0x00000000d6c80000)
 ParOldGen       total 84992K, used 84809K [0x0000000080000000, 0x0000000085300000, 0x00000000d5580000)
  object space 84992K, 99% used [0x0000000080000000,0x00000000852d27c0,0x0000000085300000)
 Metaspace       used 72320K, committed 73856K, reserved 1179648K
  class space    used 7490K, committed 8128K, reserved 1048576K
}
Event: 18.913 GC heap before
{Heap before GC invocations=59 (full 3):
 PSYoungGen      total 19456K, used 19451K [0x00000000d5580000, 0x00000000d6c80000, 0x0000000100000000)
  eden space 18432K, 100% used [0x00000000d5580000,0x00000000d6780000,0x00000000d6780000)
  from space 1024K, 99% used [0x00000000d6800000,0x00000000d68fee78,0x00000000d6900000)
  to   space 2560K, 0% used [0x00000000d6a00000,0x00000000d6a00000,0x00000000d6c80000)
 ParOldGen       total 84992K, used 84809K [0x0000000080000000, 0x0000000085300000, 0x00000000d5580000)
  object space 84992K, 99% used [0x0000000080000000,0x00000000852d27c0,0x0000000085300000)
 Metaspace       used 72455K, committed 74048K, reserved 1179648K
  class space    used 7504K, committed 8128K, reserved 1048576K
}
Event: 18.914 GC heap after
{Heap after GC invocations=59 (full 3):
 PSYoungGen      total 19456K, used 776K [0x00000000d5580000, 0x00000000d6b00000, 0x0000000100000000)
  eden space 18432K, 0% used [0x00000000d5580000,0x00000000d5580000,0x00000000d6780000)
  from space 1024K, 75% used [0x00000000d6a00000,0x00000000d6ac20e8,0x00000000d6b00000)
  to   space 1536K, 0% used [0x00000000d6800000,0x00000000d6800000,0x00000000d6980000)
 ParOldGen       total 85504K, used 85070K [0x0000000080000000, 0x0000000085380000, 0x00000000d5580000)
  object space 85504K, 99% used [0x0000000080000000,0x0000000085313990,0x0000000085380000)
 Metaspace       used 72455K, committed 74048K, reserved 1179648K
  class space    used 7504K, committed 8128K, reserved 1048576K
}
Event: 18.987 GC heap before
{Heap before GC invocations=60 (full 3):
 PSYoungGen      total 19456K, used 19208K [0x00000000d5580000, 0x00000000d6b00000, 0x0000000100000000)
  eden space 18432K, 100% used [0x00000000d5580000,0x00000000d6780000,0x00000000d6780000)
  from space 1024K, 75% used [0x00000000d6a00000,0x00000000d6ac20e8,0x00000000d6b00000)
  to   space 1536K, 0% used [0x00000000d6800000,0x00000000d6800000,0x00000000d6980000)
 ParOldGen       total 85504K, used 85070K [0x0000000080000000, 0x0000000085380000, 0x00000000d5580000)
  object space 85504K, 99% used [0x0000000080000000,0x0000000085313990,0x0000000085380000)
 Metaspace       used 72458K, committed 74048K, reserved 1179648K
  class space    used 7504K, committed 8128K, reserved 1048576K
}
Event: 19.996 GC heap after
{Heap after GC invocations=60 (full 3):
 PSYoungGen      total 19968K, used 1507K [0x00000000d5580000, 0x00000000d6c80000, 0x0000000100000000)
  eden space 18432K, 0% used [0x00000000d5580000,0x00000000d5580000,0x00000000d6780000)
  from space 1536K, 98% used [0x00000000d6800000,0x00000000d6978e78,0x00000000d6980000)
  to   space 2560K, 0% used [0x00000000d6a00000,0x00000000d6a00000,0x00000000d6c80000)
 ParOldGen       total 86016K, used 85582K [0x0000000080000000, 0x0000000085400000, 0x00000000d5580000)
  object space 86016K, 99% used [0x0000000080000000,0x00000000853938c0,0x0000000085400000)
 Metaspace       used 72458K, committed 74048K, reserved 1179648K
  class space    used 7504K, committed 8128K, reserved 1048576K
}
Event: 20.048 GC heap before
{Heap before GC invocations=61 (full 3):
 PSYoungGen      total 19968K, used 19939K [0x00000000d5580000, 0x00000000d6c80000, 0x0000000100000000)
  eden space 18432K, 100% used [0x00000000d5580000,0x00000000d6780000,0x00000000d6780000)
  from space 1536K, 98% used [0x00000000d6800000,0x00000000d6978e78,0x00000000d6980000)
  to   space 2560K, 0% used [0x00000000d6a00000,0x00000000d6a00000,0x00000000d6c80000)
 ParOldGen       total 86016K, used 85582K [0x0000000080000000, 0x0000000085400000, 0x00000000d5580000)
  object space 86016K, 99% used [0x0000000080000000,0x00000000853938c0,0x0000000085400000)
 Metaspace       used 72574K, committed 74112K, reserved 1179648K
  class space    used 7511K, committed 8128K, reserved 1048576K
}
Event: 20.049 GC heap after
{Heap after GC invocations=61 (full 3):
 PSYoungGen      total 19456K, used 712K [0x00000000d5580000, 0x00000000d6b00000, 0x0000000100000000)
  eden space 18432K, 0% used [0x00000000d5580000,0x00000000d5580000,0x00000000d6780000)
  from space 1024K, 69% used [0x00000000d6a00000,0x00000000d6ab2380,0x00000000d6b00000)
  to   space 1536K, 0% used [0x00000000d6800000,0x00000000d6800000,0x00000000d6980000)
 ParOldGen       total 87040K, used 86904K [0x0000000080000000, 0x0000000085500000, 0x00000000d5580000)
  object space 87040K, 99% used [0x0000000080000000,0x00000000854de0a0,0x0000000085500000)
 Metaspace       used 72574K, committed 74112K, reserved 1179648K
  class space    used 7511K, committed 8128K, reserved 1048576K
}
Event: 20.115 GC heap before
{Heap before GC invocations=62 (full 3):
 PSYoungGen      total 19456K, used 19144K [0x00000000d5580000, 0x00000000d6b00000, 0x0000000100000000)
  eden space 18432K, 100% used [0x00000000d5580000,0x00000000d6780000,0x00000000d6780000)
  from space 1024K, 69% used [0x00000000d6a00000,0x00000000d6ab2380,0x00000000d6b00000)
  to   space 1536K, 0% used [0x00000000d6800000,0x00000000d6800000,0x00000000d6980000)
 ParOldGen       total 87040K, used 86904K [0x0000000080000000, 0x0000000085500000, 0x00000000d5580000)
  object space 87040K, 99% used [0x0000000080000000,0x00000000854de0a0,0x0000000085500000)
 Metaspace       used 72608K, committed 74176K, reserved 1179648K
  class space    used 7511K, committed 8128K, reserved 1048576K
}
Event: 20.116 GC heap after
{Heap after GC invocations=62 (full 3):
 PSYoungGen      total 19968K, used 575K [0x00000000d5580000, 0x00000000d6a80000, 0x0000000100000000)
  eden space 18432K, 0% used [0x00000000d5580000,0x00000000d5580000,0x00000000d6780000)
  from space 1536K, 37% used [0x00000000d6800000,0x00000000d688fc00,0x00000000d6980000)
  to   space 1024K, 0% used [0x00000000d6980000,0x00000000d6980000,0x00000000d6a80000)
 ParOldGen       total 87552K, used 87385K [0x0000000080000000, 0x0000000085580000, 0x00000000d5580000)
  object space 87552K, 99% used [0x0000000080000000,0x0000000085556420,0x0000000085580000)
 Metaspace       used 72608K, committed 74176K, reserved 1179648K
  class space    used 7511K, committed 8128K, reserved 1048576K
}
Event: 20.171 GC heap before
{Heap before GC invocations=63 (full 3):
 PSYoungGen      total 19968K, used 19007K [0x00000000d5580000, 0x00000000d6a80000, 0x0000000100000000)
  eden space 18432K, 100% used [0x00000000d5580000,0x00000000d6780000,0x00000000d6780000)
  from space 1536K, 37% used [0x00000000d6800000,0x00000000d688fc00,0x00000000d6980000)
  to   space 1024K, 0% used [0x00000000d6980000,0x00000000d6980000,0x00000000d6a80000)
 ParOldGen       total 87552K, used 87385K [0x0000000080000000, 0x0000000085580000, 0x00000000d5580000)
  object space 87552K, 99% used [0x0000000080000000,0x0000000085556420,0x0000000085580000)
 Metaspace       used 72608K, committed 74176K, reserved 1179648K
  class space    used 7511K, committed 8128K, reserved 1048576K
}

