# JRE version: OpenJDK Runtime Environment Temurin-21.0.10+7 (21.0.10+7) (build 21.0.10+7-LTS)
# Java VM: OpenJDK 64-Bit Server VM Temurin-21.0.10+7 (21.0.10+7-LTS, mixed mode, sharing, tiered, compressed oops, compressed class ptrs, parallel gc, windows-amd64)
GC Precious Log:
 CardTable entry size: 512
 CPUs: 16 total, 16 available
 Memory: 8010M
 Large Page Support: Disabled
 NUMA Support: Disabled
 Compressed Oops: Enabled (32-bit)
 Alignments: Space 512K, Generation 512K, Heap 2M
 Heap Min Capacity: 100M
 Heap Initial Capacity: 100M
 Heap Max Capacity: 2G
 Pre-touch: Disabled
 Parallel Workers: 13
Heap:
 PSYoungGen      total 8704K, used 5996K [0x00000000d5580000, 0x00000000d6100000, 0x0000000100000000)
  eden space 8192K, 68% used [0x00000000d5580000,0x00000000d5af3218,0x00000000d5d80000)
  from space 512K, 81% used [0x00000000d6080000,0x00000000d60e8000,0x00000000d6100000)
  to   space 512K, 0% used [0x00000000d6000000,0x00000000d6000000,0x00000000d6080000)
 ParOldGen       total 227840K, used 212963K [0x0000000080000000, 0x000000008de80000, 0x00000000d5580000)
  object space 227840K, 93% used [0x0000000080000000,0x000000008cff8c58,0x000000008de80000)
 Metaspace       used 78827K, committed 80640K, reserved 1179648K
  class space    used 8059K, committed 8832K, reserved 1048576K
GC Heap History (20 events):
Event: 879.389 GC heap before
{Heap before GC invocations=129 (full 4):
 PSYoungGen      total 8704K, used 8704K [0x00000000d5580000, 0x00000000d8600000, 0x0000000100000000)
  eden space 8192K, 100% used [0x00000000d5580000,0x00000000d5d80000,0x00000000d5d80000)
  from space 512K, 100% used [0x00000000d6e80000,0x00000000d6f00000,0x00000000d6f00000)
  to   space 17408K, 0% used [0x00000000d5d80000,0x00000000d5d80000,0x00000000d6e80000)
 ParOldGen       total 227840K, used 157113K [0x0000000080000000, 0x000000008de80000, 0x00000000d5580000)
  object space 227840K, 68% used [0x0000000080000000,0x000000008996e540,0x000000008de80000)
 Metaspace       used 78641K, committed 80448K, reserved 1179648K
  class space    used 8059K, committed 8832K, reserved 1048576K
}
Event: 879.400 GC heap after
{Heap after GC invocations=129 (full 4):
 PSYoungGen      total 16384K, used 7785K [0x00000000d5580000, 0x00000000d7280000, 0x0000000100000000)
  eden space 8192K, 0% used [0x00000000d5580000,0x00000000d5580000,0x00000000d5d80000)
  from space 8192K, 95% used [0x00000000d5d80000,0x00000000d651a5b8,0x00000000d6580000)
  to   space 10752K, 0% used [0x00000000d6800000,0x00000000d6800000,0x00000000d7280000)
 ParOldGen       total 227840K, used 157713K [0x0000000080000000, 0x000000008de80000, 0x00000000d5580000)
  object space 227840K, 69% used [0x0000000080000000,0x0000000089a04540,0x000000008de80000)
 Metaspace       used 78641K, committed 80448K, reserved 1179648K
  class space    used 8059K, committed 8832K, reserved 1048576K
}
Event: 879.466 GC heap before
{Heap before GC invocations=130 (full 4):
 PSYoungGen      total 16384K, used 15977K [0x00000000d5580000, 0x00000000d7280000, 0x0000000100000000)
  eden space 8192K, 99% used [0x00000000d5580000,0x00000000d5d7fff0,0x00000000d5d80000)
  from space 8192K, 95% used [0x00000000d5d80000,0x00000000d651a5b8,0x00000000d6580000)
  to   space 10752K, 0% used [0x00000000d6800000,0x00000000d6800000,0x00000000d7280000)
 ParOldGen       total 227840K, used 157713K [0x0000000080000000, 0x000000008de80000, 0x00000000d5580000)
  object space 227840K, 69% used [0x0000000080000000,0x0000000089a04540,0x000000008de80000)
 Metaspace       used 78641K, committed 80448K, reserved 1179648K
  class space    used 8059K, committed 8832K, reserved 1048576K
}
Event: 879.487 GC heap after
{Heap after GC invocations=130 (full 4):
 PSYoungGen      total 16384K, used 8072K [0x00000000d5580000, 0x00000000d7000000, 0x0000000100000000)
  eden space 8192K, 0% used [0x00000000d5580000,0x00000000d5580000,0x00000000d5d80000)
  from space 8192K, 98% used [0x00000000d6800000,0x00000000d6fe2000,0x00000000d7000000)
  to   space 8704K, 0% used [0x00000000d5f00000,0x00000000d5f00000,0x00000000d6780000)
 ParOldGen       total 227840K, used 165892K [0x0000000080000000, 0x000000008de80000, 0x00000000d5580000)
  object space 227840K, 72% used [0x0000000080000000,0x000000008a201390,0x000000008de80000)
 Metaspace       used 78641K, committed 80448K, reserved 1179648K
  class space    used 8059K, committed 8832K, reserved 1048576K
}
Event: 879.642 GC heap before
{Heap before GC invocations=131 (full 4):
 PSYoungGen      total 16384K, used 15702K [0x00000000d5580000, 0x00000000d7000000, 0x0000000100000000)
  eden space 8192K, 93% used [0x00000000d5580000,0x00000000d5cf39c8,0x00000000d5d80000)
  from space 8192K, 98% used [0x00000000d6800000,0x00000000d6fe2000,0x00000000d7000000)
  to   space 8704K, 0% used [0x00000000d5f00000,0x00000000d5f00000,0x00000000d6780000)
 ParOldGen       total 227840K, used 165892K [0x0000000080000000, 0x000000008de80000, 0x00000000d5580000)
  object space 227840K, 72% used [0x0000000080000000,0x000000008a201390,0x000000008de80000)
 Metaspace       used 78643K, committed 80448K, reserved 1179648K
  class space    used 8059K, committed 8832K, reserved 1048576K
}
Event: 879.650 GC heap after
{Heap after GC invocations=131 (full 4):
 PSYoungGen      total 11776K, used 3360K [0x00000000d5580000, 0x00000000d6880000, 0x0000000100000000)
  eden space 8192K, 0% used [0x00000000d5580000,0x00000000d5580000,0x00000000d5d80000)
  from space 3584K, 93% used [0x00000000d5f00000,0x00000000d6248000,0x00000000d6280000)
  to   space 5632K, 0% used [0x00000000d6300000,0x00000000d6300000,0x00000000d6880000)
 ParOldGen       total 227840K, used 173684K [0x0000000080000000, 0x000000008de80000, 0x00000000d5580000)
  object space 227840K, 76% used [0x0000000080000000,0x000000008a99d390,0x000000008de80000)
 Metaspace       used 78643K, committed 80448K, reserved 1179648K
  class space    used 8059K, committed 8832K, reserved 1048576K
}
Event: 879.809 GC heap before
{Heap before GC invocations=132 (full 4):
 PSYoungGen      total 11776K, used 11552K [0x00000000d5580000, 0x00000000d6880000, 0x0000000100000000)
  eden space 8192K, 100% used [0x00000000d5580000,0x00000000d5d80000,0x00000000d5d80000)
  from space 3584K, 93% used [0x00000000d5f00000,0x00000000d6248000,0x00000000d6280000)
  to   space 5632K, 0% used [0x00000000d6300000,0x00000000d6300000,0x00000000d6880000)
 ParOldGen       total 227840K, used 173684K [0x0000000080000000, 0x000000008de80000, 0x00000000d5580000)
  object space 227840K, 76% used [0x0000000080000000,0x000000008a99d390,0x000000008de80000)
 Metaspace       used 78659K, committed 80448K, reserved 1179648K
  class space    used 8059K, committed 8832K, reserved 1048576K
}
Event: 879.817 GC heap after
{Heap after GC invocations=132 (full 4):
 PSYoungGen      total 12288K, used 3798K [0x00000000d5580000, 0x00000000d6700000, 0x0000000100000000)
  eden space 8192K, 0% used [0x00000000d5580000,0x00000000d5580000,0x00000000d5d80000)
  from space 4096K, 92% used [0x00000000d6300000,0x00000000d66b5b88,0x00000000d6700000)
  to   space 4096K, 0% used [0x00000000d5f00000,0x00000000d5f00000,0x00000000d6300000)
 ParOldGen       total 227840K, used 176862K [0x0000000080000000, 0x000000008de80000, 0x00000000d5580000)
  object space 227840K, 77% used [0x0000000080000000,0x000000008acb7a28,0x000000008de80000)
 Metaspace       used 78659K, committed 80448K, reserved 1179648K
  class space    used 8059K, committed 8832K, reserved 1048576K
}
Event: 880.342 GC heap before
{Heap before GC invocations=133 (full 4):
 PSYoungGen      total 12288K, used 11990K [0x00000000d5580000, 0x00000000d6700000, 0x0000000100000000)
  eden space 8192K, 100% used [0x00000000d5580000,0x00000000d5d80000,0x00000000d5d80000)
  from space 4096K, 92% used [0x00000000d6300000,0x00000000d66b5b88,0x00000000d6700000)
  to   space 4096K, 0% used [0x00000000d5f00000,0x00000000d5f00000,0x00000000d6300000)
 ParOldGen       total 227840K, used 207582K [0x0000000080000000, 0x000000008de80000, 0x00000000d5580000)
  object space 227840K, 91% used [0x0000000080000000,0x000000008cab7a58,0x000000008de80000)
 Metaspace       used 78678K, committed 80448K, reserved 1179648K
  class space    used 8059K, committed 8832K, reserved 1048576K
}
Event: 880.352 GC heap after
{Heap after GC invocations=133 (full 4):
 PSYoungGen      total 9728K, used 1184K [0x00000000d5580000, 0x00000000d6380000, 0x0000000100000000)
  eden space 8192K, 0% used [0x00000000d5580000,0x00000000d5580000,0x00000000d5d80000)
  from space 1536K, 77% used [0x00000000d5f00000,0x00000000d6028020,0x00000000d6080000)
  to   space 2560K, 0% used [0x00000000d6100000,0x00000000d6100000,0x00000000d6380000)
 ParOldGen       total 227840K, used 209354K [0x0000000080000000, 0x000000008de80000, 0x00000000d5580000)
  object space 227840K, 91% used [0x0000000080000000,0x000000008cc72a98,0x000000008de80000)
 Metaspace       used 78678K, committed 80448K, reserved 1179648K
  class space    used 8059K, committed 8832K, reserved 1048576K
}
Event: 882.617 GC heap before
{Heap before GC invocations=134 (full 4):
 PSYoungGen      total 9728K, used 9376K [0x00000000d5580000, 0x00000000d6380000, 0x0000000100000000)
  eden space 8192K, 100% used [0x00000000d5580000,0x00000000d5d80000,0x00000000d5d80000)
  from space 1536K, 77% used [0x00000000d5f00000,0x00000000d6028020,0x00000000d6080000)
  to   space 2560K, 0% used [0x00000000d6100000,0x00000000d6100000,0x00000000d6380000)
 ParOldGen       total 227840K, used 209354K [0x0000000080000000, 0x000000008de80000, 0x00000000d5580000)
  object space 227840K, 91% used [0x0000000080000000,0x000000008cc72a98,0x000000008de80000)
 Metaspace       used 78693K, committed 80448K, reserved 1179648K
  class space    used 8059K, committed 8832K, reserved 1048576K
}
Event: 882.622 GC heap after
{Heap after GC invocations=134 (full 4):
 PSYoungGen      total 9216K, used 900K [0x00000000d5580000, 0x00000000d6200000, 0x0000000100000000)
  eden space 8192K, 0% used [0x00000000d5580000,0x00000000d5580000,0x00000000d5d80000)
  from space 1024K, 87% used [0x00000000d6100000,0x00000000d61e1210,0x00000000d6200000)
  to   space 1536K, 0% used [0x00000000d5f00000,0x00000000d5f00000,0x00000000d6080000)
 ParOldGen       total 227840K, used 210302K [0x0000000080000000, 0x000000008de80000, 0x00000000d5580000)
  object space 227840K, 92% used [0x0000000080000000,0x000000008cd5f8a8,0x000000008de80000)
 Metaspace       used 78693K, committed 80448K, reserved 1179648K
  class space    used 8059K, committed 8832K, reserved 1048576K
}
Event: 882.682 GC heap before
{Heap before GC invocations=135 (full 4):
 PSYoungGen      total 9216K, used 9092K [0x00000000d5580000, 0x00000000d6200000, 0x0000000100000000)
  eden space 8192K, 100% used [0x00000000d5580000,0x00000000d5d80000,0x00000000d5d80000)
  from space 1024K, 87% used [0x00000000d6100000,0x00000000d61e1210,0x00000000d6200000)
  to   space 1536K, 0% used [0x00000000d5f00000,0x00000000d5f00000,0x00000000d6080000)
 ParOldGen       total 227840K, used 210302K [0x0000000080000000, 0x000000008de80000, 0x00000000d5580000)
  object space 227840K, 92% used [0x0000000080000000,0x000000008cd5f8a8,0x000000008de80000)
 Metaspace       used 78726K, committed 80512K, reserved 1179648K
  class space    used 8059K, committed 8832K, reserved 1048576K
}
Event: 882.685 GC heap after
{Heap after GC invocations=135 (full 4):
 PSYoungGen      total 9728K, used 1140K [0x00000000d5580000, 0x00000000d6180000, 0x0000000100000000)
  eden space 8192K, 0% used [0x00000000d5580000,0x00000000d5580000,0x00000000d5d80000)
  from space 1536K, 74% used [0x00000000d5f00000,0x00000000d601d220,0x00000000d6080000)
  to   space 1024K, 0% used [0x00000000d6080000,0x00000000d6080000,0x00000000d6180000)
 ParOldGen       total 227840K, used 210986K [0x0000000080000000, 0x000000008de80000, 0x00000000d5580000)
  object space 227840K, 92% used [0x0000000080000000,0x000000008ce0aab8,0x000000008de80000)
 Metaspace       used 78726K, committed 80512K, reserved 1179648K
  class space    used 8059K, committed 8832K, reserved 1048576K
}
Event: 882.722 GC heap before
{Heap before GC invocations=136 (full 4):
 PSYoungGen      total 9728K, used 9332K [0x00000000d5580000, 0x00000000d6180000, 0x0000000100000000)
  eden space 8192K, 100% used [0x00000000d5580000,0x00000000d5d80000,0x00000000d5d80000)
  from space 1536K, 74% used [0x00000000d5f00000,0x00000000d601d220,0x00000000d6080000)
  to   space 1024K, 0% used [0x00000000d6080000,0x00000000d6080000,0x00000000d6180000)
 ParOldGen       total 227840K, used 210986K [0x0000000080000000, 0x000000008de80000, 0x00000000d5580000)
  object space 227840K, 92% used [0x0000000080000000,0x000000008ce0aab8,0x000000008de80000)
 Metaspace       used 78744K, committed 80512K, reserved 1179648K
  class space    used 8059K, committed 8832K, reserved 1048576K
}
Event: 882.727 GC heap after
{Heap after GC invocations=136 (full 4):
 PSYoungGen      total 9216K, used 912K [0x00000000d5580000, 0x00000000d6180000, 0x0000000100000000)
  eden space 8192K, 0% used [0x00000000d5580000,0x00000000d5580000,0x00000000d5d80000)
  from space 1024K, 89% used [0x00000000d6080000,0x00000000d6164010,0x00000000d6180000)
  to   space 1024K, 0% used [0x00000000d5f80000,0x00000000d5f80000,0x00000000d6080000)
 ParOldGen       total 227840K, used 211941K [0x0000000080000000, 0x000000008de80000, 0x00000000d5580000)
  object space 227840K, 93% used [0x0000000080000000,0x000000008cef9468,0x000000008de80000)
 Metaspace       used 78744K, committed 80512K, reserved 1179648K
  class space    used 8059K, committed 8832K, reserved 1048576K
}
Event: 950.264 GC heap before
{Heap before GC invocations=137 (full 4):
 PSYoungGen      total 9216K, used 9104K [0x00000000d5580000, 0x00000000d6180000, 0x0000000100000000)
  eden space 8192K, 100% used [0x00000000d5580000,0x00000000d5d80000,0x00000000d5d80000)
  from space 1024K, 89% used [0x00000000d6080000,0x00000000d6164010,0x00000000d6180000)
  to   space 1024K, 0% used [0x00000000d5f80000,0x00000000d5f80000,0x00000000d6080000)
 ParOldGen       total 227840K, used 211941K [0x0000000080000000, 0x000000008de80000, 0x00000000d5580000)
  object space 227840K, 93% used [0x0000000080000000,0x000000008cef9468,0x000000008de80000)
 Metaspace       used 78781K, committed 80512K, reserved 1179648K
  class space    used 8059K, committed 8832K, reserved 1048576K
}
Event: 950.296 GC heap after
{Heap after GC invocations=137 (full 4):
 PSYoungGen      total 9216K, used 576K [0x00000000d5580000, 0x00000000d6100000, 0x0000000100000000)
  eden space 8192K, 0% used [0x00000000d5580000,0x00000000d5580000,0x00000000d5d80000)
  from space 1024K, 56% used [0x00000000d5f80000,0x00000000d6010020,0x00000000d6080000)
  to   space 512K, 0% used [0x00000000d6080000,0x00000000d6080000,0x00000000d6100000)
 ParOldGen       total 227840K, used 212613K [0x0000000080000000, 0x000000008de80000, 0x00000000d5580000)
  object space 227840K, 93% used [0x0000000080000000,0x000000008cfa14a8,0x000000008de80000)
 Metaspace       used 78781K, committed 80512K, reserved 1179648K
  class space    used 8059K, committed 8832K, reserved 1048576K
}
Event: 982.176 GC heap before
{Heap before GC invocations=138 (full 4):
 PSYoungGen      total 9216K, used 8768K [0x00000000d5580000, 0x00000000d6100000, 0x0000000100000000)
  eden space 8192K, 100% used [0x00000000d5580000,0x00000000d5d80000,0x00000000d5d80000)
  from space 1024K, 56% used [0x00000000d5f80000,0x00000000d6010020,0x00000000d6080000)
  to   space 512K, 0% used [0x00000000d6080000,0x00000000d6080000,0x00000000d6100000)
 ParOldGen       total 227840K, used 212613K [0x0000000080000000, 0x000000008de80000, 0x00000000d5580000)
  object space 227840K, 93% used [0x0000000080000000,0x000000008cfa14a8,0x000000008de80000)
 Metaspace       used 78818K, committed 80640K, reserved 1179648K
  class space    used 8059K, committed 8832K, reserved 1048576K
}
Event: 982.183 GC heap after
{Heap after GC invocations=138 (full 4):
 PSYoungGen      total 8704K, used 416K [0x00000000d5580000, 0x00000000d6100000, 0x0000000100000000)
  eden space 8192K, 0% used [0x00000000d5580000,0x00000000d5580000,0x00000000d5d80000)
  from space 512K, 81% used [0x00000000d6080000,0x00000000d60e8000,0x00000000d6100000)
  to   space 512K, 0% used [0x00000000d6000000,0x00000000d6000000,0x00000000d6080000)
 ParOldGen       total 227840K, used 212963K [0x0000000080000000, 0x000000008de80000, 0x00000000d5580000)
  object space 227840K, 93% used [0x0000000080000000,0x000000008cff8c58,0x000000008de80000)
 Metaspace       used 78818K, committed 80640K, reserved 1179648K
  class space    used 8059K, committed 8832K, reserved 1048576K
}

