# JRE version: OpenJDK Runtime Environment Temurin-21.0.10+7 (21.0.10+7) (build 21.0.10+7-LTS)
# Java VM: OpenJDK 64-Bit Server VM Temurin-21.0.10+7 (21.0.10+7-LTS, mixed mode, sharing, tiered, compressed oops, compressed class ptrs, parallel gc, windows-amd64)
GC Precious Log:
 CardTable entry size: 512
 CPUs: 16 total, 16 available
 Memory: 8010M
 Large Page Support: Disabled
 NUMA Support: Disabled
 Compressed Oops: Enabled (32-bit)
 Alignments: Space 512K, Generation 512K, Heap 2M
 Heap Min Capacity: 100M
 Heap Initial Capacity: 100M
 Heap Max Capacity: 2G
 Pre-touch: Disabled
 Parallel Workers: 13
Heap:
 PSYoungGen      total 7168K, used 760K [0x00000000d5580000, 0x00000000d5f00000, 0x0000000100000000)
  eden space 6144K, 3% used [0x00000000d5580000,0x00000000d55ba958,0x00000000d5b80000)
  from space 1024K, 51% used [0x00000000d5b80000,0x00000000d5c03848,0x00000000d5c80000)
  to   space 1024K, 0% used [0x00000000d5e00000,0x00000000d5e00000,0x00000000d5f00000)
 ParOldGen       total 1071104K, used 1070746K [0x0000000080000000, 0x00000000c1600000, 0x00000000d5580000)
  object space 1071104K, 99% used [0x0000000080000000,0x00000000c15a6928,0x00000000c1600000)
 Metaspace       used 91136K, committed 92992K, reserved 1179648K
  class space    used 9066K, committed 9920K, reserved 1048576K
GC Heap History (20 events):
Event: 4486.680 GC heap after
{Heap after GC invocations=3084 (full 6):
 PSYoungGen      total 4608K, used 384K [0x00000000d5580000, 0x00000000d5c00000, 0x0000000100000000)
  eden space 4096K, 0% used [0x00000000d5580000,0x00000000d5580000,0x00000000d5980000)
  from space 512K, 75% used [0x00000000d5b80000,0x00000000d5be0000,0x00000000d5c00000)
  to   space 512K, 0% used [0x00000000d5b00000,0x00000000d5b00000,0x00000000d5b80000)
 ParOldGen       total 1067520K, used 1067419K [0x0000000080000000, 0x00000000c1280000, 0x00000000d5580000)
  object space 1067520K, 99% used [0x0000000080000000,0x00000000c1266f50,0x00000000c1280000)
 Metaspace       used 91136K, committed 92992K, reserved 1179648K
  class space    used 9066K, committed 9920K, reserved 1048576K
}
Event: 4486.711 GC heap before
{Heap before GC invocations=3085 (full 6):
 PSYoungGen      total 4608K, used 4480K [0x00000000d5580000, 0x00000000d5c00000, 0x0000000100000000)
  eden space 4096K, 100% used [0x00000000d5580000,0x00000000d5980000,0x00000000d5980000)
  from space 512K, 75% used [0x00000000d5b80000,0x00000000d5be0000,0x00000000d5c00000)
  to   space 512K, 0% used [0x00000000d5b00000,0x00000000d5b00000,0x00000000d5b80000)
 ParOldGen       total 1067520K, used 1067419K [0x0000000080000000, 0x00000000c1280000, 0x00000000d5580000)
  object space 1067520K, 99% used [0x0000000080000000,0x00000000c1266f50,0x00000000c1280000)
 Metaspace       used 91136K, committed 92992K, reserved 1179648K
  class space    used 9066K, committed 9920K, reserved 1048576K
}
Event: 4486.714 GC heap after
{Heap after GC invocations=3085 (full 6):
 PSYoungGen      total 4608K, used 320K [0x00000000d5580000, 0x00000000d5c00000, 0x0000000100000000)
  eden space 4096K, 0% used [0x00000000d5580000,0x00000000d5580000,0x00000000d5980000)
  from space 512K, 62% used [0x00000000d5b00000,0x00000000d5b50000,0x00000000d5b80000)
  to   space 512K, 0% used [0x00000000d5b80000,0x00000000d5b80000,0x00000000d5c00000)
 ParOldGen       total 1068032K, used 1067555K [0x0000000080000000, 0x00000000c1300000, 0x00000000d5580000)
  object space 1068032K, 99% used [0x0000000080000000,0x00000000c1288f50,0x00000000c1300000)
 Metaspace       used 91136K, committed 92992K, reserved 1179648K
  class space    used 9066K, committed 9920K, reserved 1048576K
}
Event: 4486.796 GC heap before
{Heap before GC invocations=3086 (full 6):
 PSYoungGen      total 4608K, used 4416K [0x00000000d5580000, 0x00000000d5c00000, 0x0000000100000000)
  eden space 4096K, 100% used [0x00000000d5580000,0x00000000d5980000,0x00000000d5980000)
  from space 512K, 62% used [0x00000000d5b00000,0x00000000d5b50000,0x00000000d5b80000)
  to   space 512K, 0% used [0x00000000d5b80000,0x00000000d5b80000,0x00000000d5c00000)
 ParOldGen       total 1068032K, used 1067555K [0x0000000080000000, 0x00000000c1300000, 0x00000000d5580000)
  object space 1068032K, 99% used [0x0000000080000000,0x00000000c1288f50,0x00000000c1300000)
 Metaspace       used 91136K, committed 92992K, reserved 1179648K
  class space    used 9066K, committed 9920K, reserved 1048576K
}
Event: 4486.800 GC heap after
{Heap after GC invocations=3086 (full 6):
 PSYoungGen      total 4608K, used 384K [0x00000000d5580000, 0x00000000d5c00000, 0x0000000100000000)
  eden space 4096K, 0% used [0x00000000d5580000,0x00000000d5580000,0x00000000d5980000)
  from space 512K, 75% used [0x00000000d5b80000,0x00000000d5be0000,0x00000000d5c00000)
  to   space 512K, 0% used [0x00000000d5b00000,0x00000000d5b00000,0x00000000d5b80000)
 ParOldGen       total 1068032K, used 1067683K [0x0000000080000000, 0x00000000c1300000, 0x00000000d5580000)
  object space 1068032K, 99% used [0x0000000080000000,0x00000000c12a8f60,0x00000000c1300000)
 Metaspace       used 91136K, committed 92992K, reserved 1179648K
  class space    used 9066K, committed 9920K, reserved 1048576K
}
Event: 4486.836 GC heap before
{Heap before GC invocations=3087 (full 6):
 PSYoungGen      total 4608K, used 3962K [0x00000000d5580000, 0x00000000d5c00000, 0x0000000100000000)
  eden space 4096K, 87% used [0x00000000d5580000,0x00000000d58fe830,0x00000000d5980000)
  from space 512K, 75% used [0x00000000d5b80000,0x00000000d5be0000,0x00000000d5c00000)
  to   space 512K, 0% used [0x00000000d5b00000,0x00000000d5b00000,0x00000000d5b80000)
 ParOldGen       total 1068032K, used 1067683K [0x0000000080000000, 0x00000000c1300000, 0x00000000d5580000)
  object space 1068032K, 99% used [0x0000000080000000,0x00000000c12a8f60,0x00000000c1300000)
 Metaspace       used 91136K, committed 92992K, reserved 1179648K
  class space    used 9066K, committed 9920K, reserved 1048576K
}
Event: 4486.838 GC heap after
{Heap after GC invocations=3087 (full 6):
 PSYoungGen      total 4608K, used 320K [0x00000000d5580000, 0x00000000d5c00000, 0x0000000100000000)
  eden space 4096K, 0% used [0x00000000d5580000,0x00000000d5580000,0x00000000d5980000)
  from space 512K, 62% used [0x00000000d5b00000,0x00000000d5b50000,0x00000000d5b80000)
  to   space 512K, 0% used [0x00000000d5b80000,0x00000000d5b80000,0x00000000d5c00000)
 ParOldGen       total 1068032K, used 1067815K [0x0000000080000000, 0x00000000c1300000, 0x00000000d5580000)
  object space 1068032K, 99% used [0x0000000080000000,0x00000000c12c9f70,0x00000000c1300000)
 Metaspace       used 91136K, committed 92992K, reserved 1179648K
  class space    used 9066K, committed 9920K, reserved 1048576K
}
Event: 4486.849 GC heap before
{Heap before GC invocations=3088 (full 6):
 PSYoungGen      total 4608K, used 4416K [0x00000000d5580000, 0x00000000d5c00000, 0x0000000100000000)
  eden space 4096K, 100% used [0x00000000d5580000,0x00000000d5980000,0x00000000d5980000)
  from space 512K, 62% used [0x00000000d5b00000,0x00000000d5b50000,0x00000000d5b80000)
  to   space 512K, 0% used [0x00000000d5b80000,0x00000000d5b80000,0x00000000d5c00000)
 ParOldGen       total 1068032K, used 1067815K [0x0000000080000000, 0x00000000c1300000, 0x00000000d5580000)
  object space 1068032K, 99% used [0x0000000080000000,0x00000000c12c9f70,0x00000000c1300000)
 Metaspace       used 91136K, committed 92992K, reserved 1179648K
  class space    used 9066K, committed 9920K, reserved 1048576K
}
Event: 4486.852 GC heap after
{Heap after GC invocations=3088 (full 6):
 PSYoungGen      total 4608K, used 389K [0x00000000d5580000, 0x00000000d5c00000, 0x0000000100000000)
  eden space 4096K, 0% used [0x00000000d5580000,0x00000000d5580000,0x00000000d5980000)
  from space 512K, 75% used [0x00000000d5b80000,0x00000000d5be1428,0x00000000d5c00000)
  to   space 512K, 0% used [0x00000000d5b00000,0x00000000d5b00000,0x00000000d5b80000)
 ParOldGen       total 1069056K, used 1068689K [0x0000000080000000, 0x00000000c1400000, 0x00000000d5580000)
  object space 1069056K, 99% used [0x0000000080000000,0x00000000c13a4768,0x00000000c1400000)
 Metaspace       used 91136K, committed 92992K, reserved 1179648K
  class space    used 9066K, committed 9920K, reserved 1048576K
}
Event: 4486.858 GC heap before
{Heap before GC invocations=3089 (full 6):
 PSYoungGen      total 4608K, used 4485K [0x00000000d5580000, 0x00000000d5c00000, 0x0000000100000000)
  eden space 4096K, 100% used [0x00000000d5580000,0x00000000d5980000,0x00000000d5980000)
  from space 512K, 75% used [0x00000000d5b80000,0x00000000d5be1428,0x00000000d5c00000)
  to   space 512K, 0% used [0x00000000d5b00000,0x00000000d5b00000,0x00000000d5b80000)
 ParOldGen       total 1069056K, used 1068689K [0x0000000080000000, 0x00000000c1400000, 0x00000000d5580000)
  object space 1069056K, 99% used [0x0000000080000000,0x00000000c13a4768,0x00000000c1400000)
 Metaspace       used 91136K, committed 92992K, reserved 1179648K
  class space    used 9066K, committed 9920K, reserved 1048576K
}
Event: 4486.861 GC heap after
{Heap after GC invocations=3089 (full 6):
 PSYoungGen      total 4608K, used 384K [0x00000000d5580000, 0x00000000d5c00000, 0x0000000100000000)
  eden space 4096K, 0% used [0x00000000d5580000,0x00000000d5580000,0x00000000d5980000)
  from space 512K, 75% used [0x00000000d5b00000,0x00000000d5b60000,0x00000000d5b80000)
  to   space 512K, 0% used [0x00000000d5b80000,0x00000000d5b80000,0x00000000d5c00000)
 ParOldGen       total 1069056K, used 1068926K [0x0000000080000000, 0x00000000c1400000, 0x00000000d5580000)
  object space 1069056K, 99% used [0x0000000080000000,0x00000000c13dfbb0,0x00000000c1400000)
 Metaspace       used 91136K, committed 92992K, reserved 1179648K
  class space    used 9066K, committed 9920K, reserved 1048576K
}
Event: 4486.870 GC heap before
{Heap before GC invocations=3090 (full 6):
 PSYoungGen      total 4608K, used 4480K [0x00000000d5580000, 0x00000000d5c00000, 0x0000000100000000)
  eden space 4096K, 100% used [0x00000000d5580000,0x00000000d5980000,0x00000000d5980000)
  from space 512K, 75% used [0x00000000d5b00000,0x00000000d5b60000,0x00000000d5b80000)
  to   space 512K, 0% used [0x00000000d5b80000,0x00000000d5b80000,0x00000000d5c00000)
 ParOldGen       total 1069056K, used 1068926K [0x0000000080000000, 0x00000000c1400000, 0x00000000d5580000)
  object space 1069056K, 99% used [0x0000000080000000,0x00000000c13dfbb0,0x00000000c1400000)
 Metaspace       used 91136K, committed 92992K, reserved 1179648K
  class space    used 9066K, committed 9920K, reserved 1048576K
}
Event: 4486.873 GC heap after
{Heap after GC invocations=3090 (full 6):
 PSYoungGen      total 4608K, used 496K [0x00000000d5580000, 0x00000000d5c00000, 0x0000000100000000)
  eden space 4096K, 0% used [0x00000000d5580000,0x00000000d5580000,0x00000000d5980000)
  from space 512K, 96% used [0x00000000d5b80000,0x00000000d5bfc010,0x00000000d5c00000)
  to   space 1024K, 0% used [0x00000000d5a00000,0x00000000d5a00000,0x00000000d5b00000)
 ParOldGen       total 1069568K, used 1069222K [0x0000000080000000, 0x00000000c1480000, 0x00000000d5580000)
  object space 1069568K, 99% used [0x0000000080000000,0x00000000c1429bb0,0x00000000c1480000)
 Metaspace       used 91136K, committed 92992K, reserved 1179648K
  class space    used 9066K, committed 9920K, reserved 1048576K
}
Event: 4486.885 GC heap before
{Heap before GC invocations=3091 (full 6):
 PSYoungGen      total 4608K, used 4591K [0x00000000d5580000, 0x00000000d5c00000, 0x0000000100000000)
  eden space 4096K, 99% used [0x00000000d5580000,0x00000000d597ffe8,0x00000000d5980000)
  from space 512K, 96% used [0x00000000d5b80000,0x00000000d5bfc010,0x00000000d5c00000)
  to   space 1024K, 0% used [0x00000000d5a00000,0x00000000d5a00000,0x00000000d5b00000)
 ParOldGen       total 1069568K, used 1069222K [0x0000000080000000, 0x00000000c1480000, 0x00000000d5580000)
  object space 1069568K, 99% used [0x0000000080000000,0x00000000c1429bb0,0x00000000c1480000)
 Metaspace       used 91136K, committed 92992K, reserved 1179648K
  class space    used 9066K, committed 9920K, reserved 1048576K
}
Event: 4486.887 GC heap after
{Heap after GC invocations=3091 (full 6):
 PSYoungGen      total 5120K, used 416K [0x00000000d5580000, 0x00000000d5c00000, 0x0000000100000000)
  eden space 4096K, 0% used [0x00000000d5580000,0x00000000d5580000,0x00000000d5980000)
  from space 1024K, 40% used [0x00000000d5a00000,0x00000000d5a68000,0x00000000d5b00000)
  to   space 1024K, 0% used [0x00000000d5b00000,0x00000000d5b00000,0x00000000d5c00000)
 ParOldGen       total 1069568K, used 1069510K [0x0000000080000000, 0x00000000c1480000, 0x00000000d5580000)
  object space 1069568K, 99% used [0x0000000080000000,0x00000000c1471bc0,0x00000000c1480000)
 Metaspace       used 91136K, committed 92992K, reserved 1179648K
  class space    used 9066K, committed 9920K, reserved 1048576K
}
Event: 4486.899 GC heap before
{Heap before GC invocations=3092 (full 6):
 PSYoungGen      total 5120K, used 4512K [0x00000000d5580000, 0x00000000d5c00000, 0x0000000100000000)
  eden space 4096K, 100% used [0x00000000d5580000,0x00000000d5980000,0x00000000d5980000)
  from space 1024K, 40% used [0x00000000d5a00000,0x00000000d5a68000,0x00000000d5b00000)
  to   space 1024K, 0% used [0x00000000d5b00000,0x00000000d5b00000,0x00000000d5c00000)
 ParOldGen       total 1069568K, used 1069510K [0x0000000080000000, 0x00000000c1480000, 0x00000000d5580000)
  object space 1069568K, 99% used [0x0000000080000000,0x00000000c1471bc0,0x00000000c1480000)
 Metaspace       used 91136K, committed 92992K, reserved 1179648K
  class space    used 9066K, committed 9920K, reserved 1048576K
}
Event: 4486.902 GC heap after
{Heap after GC invocations=3092 (full 6):
 PSYoungGen      total 4608K, used 448K [0x00000000d5580000, 0x00000000d5b80000, 0x0000000100000000)
  eden space 4096K, 0% used [0x00000000d5580000,0x00000000d5580000,0x00000000d5980000)
  from space 512K, 87% used [0x00000000d5b00000,0x00000000d5b70000,0x00000000d5b80000)
  to   space 512K, 0% used [0x00000000d5a80000,0x00000000d5a80000,0x00000000d5b00000)
 ParOldGen       total 1070080K, used 1069790K [0x0000000080000000, 0x00000000c1500000, 0x00000000d5580000)
  object space 1070080K, 99% used [0x0000000080000000,0x00000000c14b7bc0,0x00000000c1500000)
 Metaspace       used 91136K, committed 92992K, reserved 1179648K
  class space    used 9066K, committed 9920K, reserved 1048576K
}
Event: 4486.907 GC heap before
{Heap before GC invocations=3093 (full 6):
 PSYoungGen      total 4608K, used 4544K [0x00000000d5580000, 0x00000000d5b80000, 0x0000000100000000)
  eden space 4096K, 100% used [0x00000000d5580000,0x00000000d5980000,0x00000000d5980000)
  from space 512K, 87% used [0x00000000d5b00000,0x00000000d5b70000,0x00000000d5b80000)
  to   space 512K, 0% used [0x00000000d5a80000,0x00000000d5a80000,0x00000000d5b00000)
 ParOldGen       total 1070080K, used 1069790K [0x0000000080000000, 0x00000000c1500000, 0x00000000d5580000)
  object space 1070080K, 99% used [0x0000000080000000,0x00000000c14b7bc0,0x00000000c1500000)
 Metaspace       used 91136K, committed 92992K, reserved 1179648K
  class space    used 9066K, committed 9920K, reserved 1048576K
}
Event: 4486.910 GC heap after
{Heap after GC invocations=3093 (full 6):
 PSYoungGen      total 5632K, used 288K [0x00000000d5580000, 0x00000000d5b80000, 0x0000000100000000)
  eden space 5120K, 0% used [0x00000000d5580000,0x00000000d5580000,0x00000000d5a80000)
  from space 512K, 56% used [0x00000000d5a80000,0x00000000d5ac8000,0x00000000d5b00000)
  to   space 512K, 0% used [0x00000000d5b00000,0x00000000d5b00000,0x00000000d5b80000)
 ParOldGen       total 1070080K, used 1070046K [0x0000000080000000, 0x00000000c1500000, 0x00000000d5580000)
  object space 1070080K, 99% used [0x0000000080000000,0x00000000c14f7bc0,0x00000000c1500000)
 Metaspace       used 91136K, committed 92992K, reserved 1179648K
  class space    used 9066K, committed 9920K, reserved 1048576K
}
Event: 4486.919 GC heap before
{Heap before GC invocations=3094 (full 6):
 PSYoungGen      total 5632K, used 5408K [0x00000000d5580000, 0x00000000d5b80000, 0x0000000100000000)
  eden space 5120K, 100% used [0x00000000d5580000,0x00000000d5a80000,0x00000000d5a80000)
  from space 512K, 56% used [0x00000000d5a80000,0x00000000d5ac8000,0x00000000d5b00000)
  to   space 512K, 0% used [0x00000000d5b00000,0x00000000d5b00000,0x00000000d5b80000)
 ParOldGen       total 1070080K, used 1070046K [0x0000000080000000, 0x00000000c1500000, 0x00000000d5580000)
  object space 1070080K, 99% used [0x0000000080000000,0x00000000c14f7bc0,0x00000000c1500000)
 Metaspace       used 91136K, committed 92992K, reserved 1179648K
  class space    used 9066K, committed 9920K, reserved 1048576K
}

