# JRE version: OpenJDK Runtime Environment Temurin-21.0.10+7 (21.0.10+7) (build 21.0.10+7-LTS)
# Java VM: OpenJDK 64-Bit Server VM Temurin-21.0.10+7 (21.0.10+7-LTS, mixed mode, sharing, tiered, compressed oops, compressed class ptrs, parallel gc, windows-amd64)
GC Precious Log:
 CardTable entry size: 512
 CPUs: 16 total, 16 available
 Memory: 8010M
 Large Page Support: Disabled
 NUMA Support: Disabled
 Compressed Oops: Enabled (32-bit)
 Alignments: Space 512K, Generation 512K, Heap 2M
 Heap Min Capacity: 100M
 Heap Initial Capacity: 100M
 Heap Max Capacity: 2G
 Pre-touch: Disabled
 Parallel Workers: 13
Heap:
 PSYoungGen      total 4608K, used 1181K [0x00000000d5580000, 0x00000000d5b00000, 0x0000000100000000)
  eden space 3584K, 13% used [0x00000000d5580000,0x00000000d55f7510,0x00000000d5900000)
  from space 1024K, 68% used [0x00000000d5900000,0x00000000d59b0000,0x00000000d5a00000)
  to   space 1024K, 0% used [0x00000000d5a00000,0x00000000d5a00000,0x00000000d5b00000)
 ParOldGen       total 1135616K, used 1135355K [0x0000000080000000, 0x00000000c5500000, 0x00000000d5580000)
  object space 1135616K, 99% used [0x0000000080000000,0x00000000c54becd8,0x00000000c5500000)
 Metaspace       used 90393K, committed 92224K, reserved 1179648K
  class space    used 8990K, committed 9984K, reserved 1048576K
GC Heap History (20 events):
Event: 3955.171 GC heap before
{Heap before GC invocations=3642 (full 7):
 PSYoungGen      total 4608K, used 4276K [0x00000000d5580000, 0x00000000d5b00000, 0x0000000100000000)
  eden space 3584K, 100% used [0x00000000d5580000,0x00000000d5900000,0x00000000d5900000)
  from space 1024K, 67% used [0x00000000d5900000,0x00000000d59ad200,0x00000000d5a00000)
  to   space 1024K, 0% used [0x00000000d5a00000,0x00000000d5a00000,0x00000000d5b00000)
 ParOldGen       total 1131520K, used 1131280K [0x0000000080000000, 0x00000000c5100000, 0x00000000d5580000)
  object space 1131520K, 99% used [0x0000000080000000,0x00000000c50c42c8,0x00000000c5100000)
 Metaspace       used 90381K, committed 92224K, reserved 1179648K
  class space    used 8990K, committed 9984K, reserved 1048576K
}
Event: 3955.173 GC heap after
{Heap after GC invocations=3642 (full 7):
 PSYoungGen      total 4608K, used 704K [0x00000000d5580000, 0x00000000d5b00000, 0x0000000100000000)
  eden space 3584K, 0% used [0x00000000d5580000,0x00000000d5580000,0x00000000d5900000)
  from space 1024K, 68% used [0x00000000d5a00000,0x00000000d5ab0000,0x00000000d5b00000)
  to   space 1024K, 0% used [0x00000000d5900000,0x00000000d5900000,0x00000000d5a00000)
 ParOldGen       total 1132032K, used 1131774K [0x0000000080000000, 0x00000000c5180000, 0x00000000d5580000)
  object space 1132032K, 99% used [0x0000000080000000,0x00000000c513f9e8,0x00000000c5180000)
 Metaspace       used 90381K, committed 92224K, reserved 1179648K
  class space    used 8990K, committed 9984K, reserved 1048576K
}
Event: 3955.182 GC heap before
{Heap before GC invocations=3643 (full 7):
 PSYoungGen      total 4608K, used 4288K [0x00000000d5580000, 0x00000000d5b00000, 0x0000000100000000)
  eden space 3584K, 100% used [0x00000000d5580000,0x00000000d5900000,0x00000000d5900000)
  from space 1024K, 68% used [0x00000000d5a00000,0x00000000d5ab0000,0x00000000d5b00000)
  to   space 1024K, 0% used [0x00000000d5900000,0x00000000d5900000,0x00000000d5a00000)
 ParOldGen       total 1132032K, used 1131774K [0x0000000080000000, 0x00000000c5180000, 0x00000000d5580000)
  object space 1132032K, 99% used [0x0000000080000000,0x00000000c513f9e8,0x00000000c5180000)
 Metaspace       used 90381K, committed 92224K, reserved 1179648K
  class space    used 8990K, committed 9984K, reserved 1048576K
}
Event: 3955.184 GC heap after
{Heap after GC invocations=3643 (full 7):
 PSYoungGen      total 4608K, used 784K [0x00000000d5580000, 0x00000000d5b00000, 0x0000000100000000)
  eden space 3584K, 0% used [0x00000000d5580000,0x00000000d5580000,0x00000000d5900000)
  from space 1024K, 76% used [0x00000000d5900000,0x00000000d59c4010,0x00000000d5a00000)
  to   space 1024K, 0% used [0x00000000d5a00000,0x00000000d5a00000,0x00000000d5b00000)
 ParOldGen       total 1132544K, used 1132318K [0x0000000080000000, 0x00000000c5200000, 0x00000000d5580000)
  object space 1132544K, 99% used [0x0000000080000000,0x00000000c51c7a18,0x00000000c5200000)
 Metaspace       used 90381K, committed 92224K, reserved 1179648K
  class space    used 8990K, committed 9984K, reserved 1048576K
}
Event: 3956.547 GC heap before
{Heap before GC invocations=3644 (full 7):
 PSYoungGen      total 4608K, used 4368K [0x00000000d5580000, 0x00000000d5b00000, 0x0000000100000000)
  eden space 3584K, 100% used [0x00000000d5580000,0x00000000d5900000,0x00000000d5900000)
  from space 1024K, 76% used [0x00000000d5900000,0x00000000d59c4010,0x00000000d5a00000)
  to   space 1024K, 0% used [0x00000000d5a00000,0x00000000d5a00000,0x00000000d5b00000)
 ParOldGen       total 1132544K, used 1132318K [0x0000000080000000, 0x00000000c5200000, 0x00000000d5580000)
  object space 1132544K, 99% used [0x0000000080000000,0x00000000c51c7a18,0x00000000c5200000)
 Metaspace       used 90381K, committed 92224K, reserved 1179648K
  class space    used 8990K, committed 9984K, reserved 1048576K
}
Event: 3956.549 GC heap after
{Heap after GC invocations=3644 (full 7):
 PSYoungGen      total 4608K, used 474K [0x00000000d5580000, 0x00000000d5b00000, 0x0000000100000000)
  eden space 3584K, 0% used [0x00000000d5580000,0x00000000d5580000,0x00000000d5900000)
  from space 1024K, 46% used [0x00000000d5a00000,0x00000000d5a76900,0x00000000d5b00000)
  to   space 1024K, 0% used [0x00000000d5900000,0x00000000d5900000,0x00000000d5a00000)
 ParOldGen       total 1133056K, used 1132883K [0x0000000080000000, 0x00000000c5280000, 0x00000000d5580000)
  object space 1133056K, 99% used [0x0000000080000000,0x00000000c5254c48,0x00000000c5280000)
 Metaspace       used 90381K, committed 92224K, reserved 1179648K
  class space    used 8990K, committed 9984K, reserved 1048576K
}
Event: 3962.371 GC heap before
{Heap before GC invocations=3645 (full 7):
 PSYoungGen      total 4608K, used 4058K [0x00000000d5580000, 0x00000000d5b00000, 0x0000000100000000)
  eden space 3584K, 100% used [0x00000000d5580000,0x00000000d5900000,0x00000000d5900000)
  from space 1024K, 46% used [0x00000000d5a00000,0x00000000d5a76900,0x00000000d5b00000)
  to   space 1024K, 0% used [0x00000000d5900000,0x00000000d5900000,0x00000000d5a00000)
 ParOldGen       total 1133056K, used 1132883K [0x0000000080000000, 0x00000000c5280000, 0x00000000d5580000)
  object space 1133056K, 99% used [0x0000000080000000,0x00000000c5254c48,0x00000000c5280000)
 Metaspace       used 90381K, committed 92224K, reserved 1179648K
  class space    used 8990K, committed 9984K, reserved 1048576K
}
Event: 3962.374 GC heap after
{Heap after GC invocations=3645 (full 7):
 PSYoungGen      total 4608K, used 496K [0x00000000d5580000, 0x00000000d5a80000, 0x0000000100000000)
  eden space 3584K, 0% used [0x00000000d5580000,0x00000000d5580000,0x00000000d5900000)
  from space 1024K, 48% used [0x00000000d5900000,0x00000000d597c010,0x00000000d5a00000)
  to   space 512K, 0% used [0x00000000d5a00000,0x00000000d5a00000,0x00000000d5a80000)
 ParOldGen       total 1133568K, used 1133067K [0x0000000080000000, 0x00000000c5300000, 0x00000000d5580000)
  object space 1133568K, 99% used [0x0000000080000000,0x00000000c5282c48,0x00000000c5300000)
 Metaspace       used 90381K, committed 92224K, reserved 1179648K
  class space    used 8990K, committed 9984K, reserved 1048576K
}
Event: 3962.463 GC heap before
{Heap before GC invocations=3646 (full 7):
 PSYoungGen      total 4608K, used 4079K [0x00000000d5580000, 0x00000000d5a80000, 0x0000000100000000)
  eden space 3584K, 99% used [0x00000000d5580000,0x00000000d58fffc8,0x00000000d5900000)
  from space 1024K, 48% used [0x00000000d5900000,0x00000000d597c010,0x00000000d5a00000)
  to   space 512K, 0% used [0x00000000d5a00000,0x00000000d5a00000,0x00000000d5a80000)
 ParOldGen       total 1133568K, used 1133067K [0x0000000080000000, 0x00000000c5300000, 0x00000000d5580000)
  object space 1133568K, 99% used [0x0000000080000000,0x00000000c5282c48,0x00000000c5300000)
 Metaspace       used 90390K, committed 92224K, reserved 1179648K
  class space    used 8990K, committed 9984K, reserved 1048576K
}
Event: 3962.466 GC heap after
{Heap after GC invocations=3646 (full 7):
 PSYoungGen      total 4096K, used 442K [0x00000000d5580000, 0x00000000d5a80000, 0x0000000100000000)
  eden space 3584K, 0% used [0x00000000d5580000,0x00000000d5580000,0x00000000d5900000)
  from space 512K, 86% used [0x00000000d5a00000,0x00000000d5a6e900,0x00000000d5a80000)
  to   space 512K, 0% used [0x00000000d5980000,0x00000000d5980000,0x00000000d5a00000)
 ParOldGen       total 1133568K, used 1133123K [0x0000000080000000, 0x00000000c5300000, 0x00000000d5580000)
  object space 1133568K, 99% used [0x0000000080000000,0x00000000c5290c48,0x00000000c5300000)
 Metaspace       used 90390K, committed 92224K, reserved 1179648K
  class space    used 8990K, committed 9984K, reserved 1048576K
}
Event: 3962.479 GC heap before
{Heap before GC invocations=3647 (full 7):
 PSYoungGen      total 4096K, used 4026K [0x00000000d5580000, 0x00000000d5a80000, 0x0000000100000000)
  eden space 3584K, 100% used [0x00000000d5580000,0x00000000d5900000,0x00000000d5900000)
  from space 512K, 86% used [0x00000000d5a00000,0x00000000d5a6e900,0x00000000d5a80000)
  to   space 512K, 0% used [0x00000000d5980000,0x00000000d5980000,0x00000000d5a00000)
 ParOldGen       total 1133568K, used 1133123K [0x0000000080000000, 0x00000000c5300000, 0x00000000d5580000)
  object space 1133568K, 99% used [0x0000000080000000,0x00000000c5290c48,0x00000000c5300000)
 Metaspace       used 90390K, committed 92224K, reserved 1179648K
  class space    used 8990K, committed 9984K, reserved 1048576K
}
Event: 3962.481 GC heap after
{Heap after GC invocations=3647 (full 7):
 PSYoungGen      total 4096K, used 512K [0x00000000d5580000, 0x00000000d5b00000, 0x0000000100000000)
  eden space 3584K, 0% used [0x00000000d5580000,0x00000000d5580000,0x00000000d5900000)
  from space 512K, 100% used [0x00000000d5980000,0x00000000d5a00000,0x00000000d5a00000)
  to   space 1024K, 0% used [0x00000000d5a00000,0x00000000d5a00000,0x00000000d5b00000)
 ParOldGen       total 1133568K, used 1133543K [0x0000000080000000, 0x00000000c5300000, 0x00000000d5580000)
  object space 1133568K, 99% used [0x0000000080000000,0x00000000c52f9e78,0x00000000c5300000)
 Metaspace       used 90390K, committed 92224K, reserved 1179648K
  class space    used 8990K, committed 9984K, reserved 1048576K
}
Event: 3962.671 GC heap before
{Heap before GC invocations=3648 (full 7):
 PSYoungGen      total 4096K, used 4096K [0x00000000d5580000, 0x00000000d5b00000, 0x0000000100000000)
  eden space 3584K, 100% used [0x00000000d5580000,0x00000000d5900000,0x00000000d5900000)
  from space 512K, 100% used [0x00000000d5980000,0x00000000d5a00000,0x00000000d5a00000)
  to   space 1024K, 0% used [0x00000000d5a00000,0x00000000d5a00000,0x00000000d5b00000)
 ParOldGen       total 1133568K, used 1133543K [0x0000000080000000, 0x00000000c5300000, 0x00000000d5580000)
  object space 1133568K, 99% used [0x0000000080000000,0x00000000c52f9e78,0x00000000c5300000)
 Metaspace       used 90392K, committed 92224K, reserved 1179648K
  class space    used 8990K, committed 9984K, reserved 1048576K
}
Event: 3962.674 GC heap after
{Heap after GC invocations=3648 (full 7):
 PSYoungGen      total 4608K, used 512K [0x00000000d5580000, 0x00000000d5b00000, 0x0000000100000000)
  eden space 3584K, 0% used [0x00000000d5580000,0x00000000d5580000,0x00000000d5900000)
  from space 1024K, 50% used [0x00000000d5a00000,0x00000000d5a80000,0x00000000d5b00000)
  to   space 1024K, 0% used [0x00000000d5900000,0x00000000d5900000,0x00000000d5a00000)
 ParOldGen       total 1134080K, used 1134063K [0x0000000080000000, 0x00000000c5380000, 0x00000000d5580000)
  object space 1134080K, 99% used [0x0000000080000000,0x00000000c537be78,0x00000000c5380000)
 Metaspace       used 90392K, committed 92224K, reserved 1179648K
  class space    used 8990K, committed 9984K, reserved 1048576K
}
Event: 3962.865 GC heap before
{Heap before GC invocations=3649 (full 7):
 PSYoungGen      total 4608K, used 4095K [0x00000000d5580000, 0x00000000d5b00000, 0x0000000100000000)
  eden space 3584K, 99% used [0x00000000d5580000,0x00000000d58ffff8,0x00000000d5900000)
  from space 1024K, 50% used [0x00000000d5a00000,0x00000000d5a80000,0x00000000d5b00000)
  to   space 1024K, 0% used [0x00000000d5900000,0x00000000d5900000,0x00000000d5a00000)
 ParOldGen       total 1134080K, used 1134063K [0x0000000080000000, 0x00000000c5380000, 0x00000000d5580000)
  object space 1134080K, 99% used [0x0000000080000000,0x00000000c537be78,0x00000000c5380000)
 Metaspace       used 90392K, committed 92224K, reserved 1179648K
  class space    used 8990K, committed 9984K, reserved 1048576K
}
Event: 3962.867 GC heap after
{Heap after GC invocations=3649 (full 7):
 PSYoungGen      total 4608K, used 522K [0x00000000d5580000, 0x00000000d5b00000, 0x0000000100000000)
  eden space 3584K, 0% used [0x00000000d5580000,0x00000000d5580000,0x00000000d5900000)
  from space 1024K, 51% used [0x00000000d5900000,0x00000000d5982910,0x00000000d5a00000)
  to   space 1024K, 0% used [0x00000000d5a00000,0x00000000d5a00000,0x00000000d5b00000)
 ParOldGen       total 1134592K, used 1134364K [0x0000000080000000, 0x00000000c5400000, 0x00000000d5580000)
  object space 1134592K, 99% used [0x0000000080000000,0x00000000c53c7118,0x00000000c5400000)
 Metaspace       used 90392K, committed 92224K, reserved 1179648K
  class space    used 8990K, committed 9984K, reserved 1048576K
}
Event: 3962.874 GC heap before
{Heap before GC invocations=3650 (full 7):
 PSYoungGen      total 4608K, used 4106K [0x00000000d5580000, 0x00000000d5b00000, 0x0000000100000000)
  eden space 3584K, 100% used [0x00000000d5580000,0x00000000d5900000,0x00000000d5900000)
  from space 1024K, 51% used [0x00000000d5900000,0x00000000d5982910,0x00000000d5a00000)
  to   space 1024K, 0% used [0x00000000d5a00000,0x00000000d5a00000,0x00000000d5b00000)
 ParOldGen       total 1134592K, used 1134364K [0x0000000080000000, 0x00000000c5400000, 0x00000000d5580000)
  object space 1134592K, 99% used [0x0000000080000000,0x00000000c53c7118,0x00000000c5400000)
 Metaspace       used 90392K, committed 92224K, reserved 1179648K
  class space    used 8990K, committed 9984K, reserved 1048576K
}
Event: 3962.876 GC heap after
{Heap after GC invocations=3650 (full 7):
 PSYoungGen      total 4608K, used 852K [0x00000000d5580000, 0x00000000d5b00000, 0x0000000100000000)
  eden space 3584K, 0% used [0x00000000d5580000,0x00000000d5580000,0x00000000d5900000)
  from space 1024K, 83% used [0x00000000d5a00000,0x00000000d5ad5200,0x00000000d5b00000)
  to   space 1024K, 0% used [0x00000000d5900000,0x00000000d5900000,0x00000000d5a00000)
 ParOldGen       total 1135104K, used 1134680K [0x0000000080000000, 0x00000000c5480000, 0x00000000d5580000)
  object space 1135104K, 99% used [0x0000000080000000,0x00000000c5416348,0x00000000c5480000)
 Metaspace       used 90392K, committed 92224K, reserved 1179648K
  class space    used 8990K, committed 9984K, reserved 1048576K
}
Event: 3962.883 GC heap before
{Heap before GC invocations=3651 (full 7):
 PSYoungGen      total 4608K, used 4436K [0x00000000d5580000, 0x00000000d5b00000, 0x0000000100000000)
  eden space 3584K, 99% used [0x00000000d5580000,0x00000000d58ffff0,0x00000000d5900000)
  from space 1024K, 83% used [0x00000000d5a00000,0x00000000d5ad5200,0x00000000d5b00000)
  to   space 1024K, 0% used [0x00000000d5900000,0x00000000d5900000,0x00000000d5a00000)
 ParOldGen       total 1135104K, used 1134680K [0x0000000080000000, 0x00000000c5480000, 0x00000000d5580000)
  object space 1135104K, 99% used [0x0000000080000000,0x00000000c5416348,0x00000000c5480000)
 Metaspace       used 90392K, committed 92224K, reserved 1179648K
  class space    used 8990K, committed 9984K, reserved 1048576K
}
Event: 3962.885 GC heap after
{Heap after GC invocations=3651 (full 7):
 PSYoungGen      total 4608K, used 704K [0x00000000d5580000, 0x00000000d5b00000, 0x0000000100000000)
  eden space 3584K, 0% used [0x00000000d5580000,0x00000000d5580000,0x00000000d5900000)
  from space 1024K, 68% used [0x00000000d5900000,0x00000000d59b0000,0x00000000d5a00000)
  to   space 1024K, 0% used [0x00000000d5a00000,0x00000000d5a00000,0x00000000d5b00000)
 ParOldGen       total 1135616K, used 1135355K [0x0000000080000000, 0x00000000c5500000, 0x00000000d5580000)
  object space 1135616K, 99% used [0x0000000080000000,0x00000000c54becd8,0x00000000c5500000)
 Metaspace       used 90392K, committed 92224K, reserved 1179648K
  class space    used 8990K, committed 9984K, reserved 1048576K
}

