# JRE version: OpenJDK Runtime Environment Temurin-21.0.10+7 (21.0.10+7) (build 21.0.10+7-LTS)
# Java VM: OpenJDK 64-Bit Server VM Temurin-21.0.10+7 (21.0.10+7-LTS, mixed mode, sharing, tiered, compressed oops, compressed class ptrs, parallel gc, windows-amd64)
GC Precious Log:
 CardTable entry size: 512
 CPUs: 16 total, 16 available
 Memory: 8010M
 Large Page Support: Disabled
 NUMA Support: Disabled
 Compressed Oops: Enabled (32-bit)
 Alignments: Space 512K, Generation 512K, Heap 2M
 Heap Min Capacity: 100M
 Heap Initial Capacity: 100M
 Heap Max Capacity: 2G
 Pre-touch: Disabled
 Parallel Workers: 13
Heap:
 PSYoungGen      total 16384K, used 1850K [0x00000000d5580000, 0x00000000d6680000, 0x0000000100000000)
  eden space 14848K, 7% used [0x00000000d5580000,0x00000000d569e8e0,0x00000000d6400000)
  from space 1536K, 45% used [0x00000000d6400000,0x00000000d64b0000,0x00000000d6580000)
  to   space 1024K, 0% used [0x00000000d6580000,0x00000000d6580000,0x00000000d6680000)
 ParOldGen       total 100352K, used 99862K [0x0000000080000000, 0x0000000086200000, 0x00000000d5580000)
  object space 100352K, 99% used [0x0000000080000000,0x0000000086185a48,0x0000000086200000)
 Metaspace       used 70928K, committed 72640K, reserved 1114112K
  class space    used 7493K, committed 8256K, reserved 1048576K
GC Heap History (20 events):
Event: 61.628 GC heap before
{Heap before GC invocations=99 (full 3):
 PSYoungGen      total 16384K, used 16192K [0x00000000d5580000, 0x00000000d6900000, 0x0000000100000000)
  eden space 14848K, 100% used [0x00000000d5580000,0x00000000d6400000,0x00000000d6400000)
  from space 1536K, 87% used [0x00000000d6580000,0x00000000d66d0000,0x00000000d6700000)
  to   space 2048K, 0% used [0x00000000d6700000,0x00000000d6700000,0x00000000d6900000)
 ParOldGen       total 95744K, used 95609K [0x0000000080000000, 0x0000000085d80000, 0x00000000d5580000)
  object space 95744K, 99% used [0x0000000080000000,0x0000000085d5e6f8,0x0000000085d80000)
 Metaspace       used 67655K, committed 69184K, reserved 1114112K
  class space    used 7156K, committed 7808K, reserved 1048576K
}
Event: 61.630 GC heap after
{Heap after GC invocations=99 (full 3):
 PSYoungGen      total 15872K, used 768K [0x00000000d5580000, 0x00000000d6800000, 0x0000000100000000)
  eden space 14848K, 0% used [0x00000000d5580000,0x00000000d5580000,0x00000000d6400000)
  from space 1024K, 75% used [0x00000000d6700000,0x00000000d67c0020,0x00000000d6800000)
  to   space 1024K, 0% used [0x00000000d6600000,0x00000000d6600000,0x00000000d6700000)
 ParOldGen       total 97280K, used 96772K [0x0000000080000000, 0x0000000085f00000, 0x00000000d5580000)
  object space 97280K, 99% used [0x0000000080000000,0x0000000085e813c0,0x0000000085f00000)
 Metaspace       used 67655K, committed 69184K, reserved 1114112K
  class space    used 7156K, committed 7808K, reserved 1048576K
}
Event: 61.926 GC heap before
{Heap before GC invocations=100 (full 3):
 PSYoungGen      total 15872K, used 15616K [0x00000000d5580000, 0x00000000d6800000, 0x0000000100000000)
  eden space 14848K, 100% used [0x00000000d5580000,0x00000000d6400000,0x00000000d6400000)
  from space 1024K, 75% used [0x00000000d6700000,0x00000000d67c0020,0x00000000d6800000)
  to   space 1024K, 0% used [0x00000000d6600000,0x00000000d6600000,0x00000000d6700000)
 ParOldGen       total 97280K, used 96772K [0x0000000080000000, 0x0000000085f00000, 0x00000000d5580000)
  object space 97280K, 99% used [0x0000000080000000,0x0000000085e813c0,0x0000000085f00000)
 Metaspace       used 68627K, committed 70336K, reserved 1114112K
  class space    used 7308K, committed 8064K, reserved 1048576K
}
Event: 61.932 GC heap after
{Heap after GC invocations=100 (full 3):
 PSYoungGen      total 15872K, used 576K [0x00000000d5580000, 0x00000000d6780000, 0x0000000100000000)
  eden space 14848K, 0% used [0x00000000d5580000,0x00000000d5580000,0x00000000d6400000)
  from space 1024K, 56% used [0x00000000d6600000,0x00000000d6690000,0x00000000d6700000)
  to   space 512K, 0% used [0x00000000d6700000,0x00000000d6700000,0x00000000d6780000)
 ParOldGen       total 97792K, used 97372K [0x0000000080000000, 0x0000000085f80000, 0x00000000d5580000)
  object space 97792K, 99% used [0x0000000080000000,0x0000000085f173e0,0x0000000085f80000)
 Metaspace       used 68627K, committed 70336K, reserved 1114112K
  class space    used 7308K, committed 8064K, reserved 1048576K
}
Event: 62.201 GC heap before
{Heap before GC invocations=101 (full 3):
 PSYoungGen      total 15872K, used 15424K [0x00000000d5580000, 0x00000000d6780000, 0x0000000100000000)
  eden space 14848K, 100% used [0x00000000d5580000,0x00000000d6400000,0x00000000d6400000)
  from space 1024K, 56% used [0x00000000d6600000,0x00000000d6690000,0x00000000d6700000)
  to   space 512K, 0% used [0x00000000d6700000,0x00000000d6700000,0x00000000d6780000)
 ParOldGen       total 97792K, used 97372K [0x0000000080000000, 0x0000000085f80000, 0x00000000d5580000)
  object space 97792K, 99% used [0x0000000080000000,0x0000000085f173e0,0x0000000085f80000)
 Metaspace       used 69217K, committed 70912K, reserved 1114112K
  class space    used 7360K, committed 8128K, reserved 1048576K
}
Event: 62.203 GC heap after
{Heap after GC invocations=101 (full 3):
 PSYoungGen      total 15360K, used 384K [0x00000000d5580000, 0x00000000d6780000, 0x0000000100000000)
  eden space 14848K, 0% used [0x00000000d5580000,0x00000000d5580000,0x00000000d6400000)
  from space 512K, 75% used [0x00000000d6700000,0x00000000d6760000,0x00000000d6780000)
  to   space 512K, 0% used [0x00000000d6680000,0x00000000d6680000,0x00000000d6700000)
 ParOldGen       total 97792K, used 97660K [0x0000000080000000, 0x0000000085f80000, 0x00000000d5580000)
  object space 97792K, 99% used [0x0000000080000000,0x0000000085f5f3e0,0x0000000085f80000)
 Metaspace       used 69217K, committed 70912K, reserved 1114112K
  class space    used 7360K, committed 8128K, reserved 1048576K
}
Event: 62.327 GC heap before
{Heap before GC invocations=102 (full 3):
 PSYoungGen      total 15360K, used 15232K [0x00000000d5580000, 0x00000000d6780000, 0x0000000100000000)
  eden space 14848K, 100% used [0x00000000d5580000,0x00000000d6400000,0x00000000d6400000)
  from space 512K, 75% used [0x00000000d6700000,0x00000000d6760000,0x00000000d6780000)
  to   space 512K, 0% used [0x00000000d6680000,0x00000000d6680000,0x00000000d6700000)
 ParOldGen       total 97792K, used 97660K [0x0000000080000000, 0x0000000085f80000, 0x00000000d5580000)
  object space 97792K, 99% used [0x0000000080000000,0x0000000085f5f3e0,0x0000000085f80000)
 Metaspace       used 69704K, committed 71360K, reserved 1114112K
  class space    used 7432K, committed 8192K, reserved 1048576K
}
Event: 62.329 GC heap after
{Heap after GC invocations=102 (full 3):
 PSYoungGen      total 15360K, used 512K [0x00000000d5580000, 0x00000000d6780000, 0x0000000100000000)
  eden space 14848K, 0% used [0x00000000d5580000,0x00000000d5580000,0x00000000d6400000)
  from space 512K, 100% used [0x00000000d6680000,0x00000000d6700000,0x00000000d6700000)
  to   space 512K, 0% used [0x00000000d6700000,0x00000000d6700000,0x00000000d6780000)
 ParOldGen       total 98304K, used 97921K [0x0000000080000000, 0x0000000086000000, 0x00000000d5580000)
  object space 98304K, 99% used [0x0000000080000000,0x0000000085fa0600,0x0000000086000000)
 Metaspace       used 69704K, committed 71360K, reserved 1114112K
  class space    used 7432K, committed 8192K, reserved 1048576K
}
Event: 62.813 GC heap before
{Heap before GC invocations=103 (full 3):
 PSYoungGen      total 15360K, used 15360K [0x00000000d5580000, 0x00000000d6780000, 0x0000000100000000)
  eden space 14848K, 100% used [0x00000000d5580000,0x00000000d6400000,0x00000000d6400000)
  from space 512K, 100% used [0x00000000d6680000,0x00000000d6700000,0x00000000d6700000)
  to   space 512K, 0% used [0x00000000d6700000,0x00000000d6700000,0x00000000d6780000)
 ParOldGen       total 98304K, used 97921K [0x0000000080000000, 0x0000000086000000, 0x00000000d5580000)
  object space 98304K, 99% used [0x0000000080000000,0x0000000085fa0600,0x0000000086000000)
 Metaspace       used 69778K, committed 71424K, reserved 1114112K
  class space    used 7434K, committed 8192K, reserved 1048576K
}
Event: 62.815 GC heap after
{Heap after GC invocations=103 (full 3):
 PSYoungGen      total 15360K, used 384K [0x00000000d5580000, 0x00000000d6780000, 0x0000000100000000)
  eden space 14848K, 0% used [0x00000000d5580000,0x00000000d5580000,0x00000000d6400000)
  from space 512K, 75% used [0x00000000d6700000,0x00000000d6760000,0x00000000d6780000)
  to   space 1024K, 0% used [0x00000000d6580000,0x00000000d6580000,0x00000000d6680000)
 ParOldGen       total 98816K, used 98333K [0x0000000080000000, 0x0000000086080000, 0x00000000d5580000)
  object space 98816K, 99% used [0x0000000080000000,0x0000000086007610,0x0000000086080000)
 Metaspace       used 69778K, committed 71424K, reserved 1114112K
  class space    used 7434K, committed 8192K, reserved 1048576K
}
Event: 81.920 GC heap before
{Heap before GC invocations=104 (full 3):
 PSYoungGen      total 15360K, used 15232K [0x00000000d5580000, 0x00000000d6780000, 0x0000000100000000)
  eden space 14848K, 100% used [0x00000000d5580000,0x00000000d6400000,0x00000000d6400000)
  from space 512K, 75% used [0x00000000d6700000,0x00000000d6760000,0x00000000d6780000)
  to   space 1024K, 0% used [0x00000000d6580000,0x00000000d6580000,0x00000000d6680000)
 ParOldGen       total 98816K, used 98333K [0x0000000080000000, 0x0000000086080000, 0x00000000d5580000)
  object space 98816K, 99% used [0x0000000080000000,0x0000000086007610,0x0000000086080000)
 Metaspace       used 70369K, committed 72064K, reserved 1114112K
  class space    used 7484K, committed 8256K, reserved 1048576K
}
Event: 81.923 GC heap after
{Heap after GC invocations=104 (full 3):
 PSYoungGen      total 15872K, used 752K [0x00000000d5580000, 0x00000000d6780000, 0x0000000100000000)
  eden space 14848K, 0% used [0x00000000d5580000,0x00000000d5580000,0x00000000d6400000)
  from space 1024K, 73% used [0x00000000d6580000,0x00000000d663c280,0x00000000d6680000)
  to   space 1024K, 0% used [0x00000000d6680000,0x00000000d6680000,0x00000000d6780000)
 ParOldGen       total 98816K, used 98437K [0x0000000080000000, 0x0000000086080000, 0x00000000d5580000)
  object space 98816K, 99% used [0x0000000080000000,0x0000000086021610,0x0000000086080000)
 Metaspace       used 70369K, committed 72064K, reserved 1114112K
  class space    used 7484K, committed 8256K, reserved 1048576K
}
Event: 113.220 GC heap before
{Heap before GC invocations=105 (full 3):
 PSYoungGen      total 15872K, used 15600K [0x00000000d5580000, 0x00000000d6780000, 0x0000000100000000)
  eden space 14848K, 100% used [0x00000000d5580000,0x00000000d6400000,0x00000000d6400000)
  from space 1024K, 73% used [0x00000000d6580000,0x00000000d663c280,0x00000000d6680000)
  to   space 1024K, 0% used [0x00000000d6680000,0x00000000d6680000,0x00000000d6780000)
 ParOldGen       total 98816K, used 98437K [0x0000000080000000, 0x0000000086080000, 0x00000000d5580000)
  object space 98816K, 99% used [0x0000000080000000,0x0000000086021610,0x0000000086080000)
 Metaspace       used 70509K, committed 72192K, reserved 1114112K
  class space    used 7492K, committed 8256K, reserved 1048576K
}
Event: 113.230 GC heap after
{Heap after GC invocations=105 (full 3):
 PSYoungGen      total 15360K, used 474K [0x00000000d5580000, 0x00000000d6700000, 0x0000000100000000)
  eden space 14848K, 0% used [0x00000000d5580000,0x00000000d5580000,0x00000000d6400000)
  from space 512K, 92% used [0x00000000d6680000,0x00000000d66f6900,0x00000000d6700000)
  to   space 1024K, 0% used [0x00000000d6500000,0x00000000d6500000,0x00000000d6600000)
 ParOldGen       total 99328K, used 99002K [0x0000000080000000, 0x0000000086100000, 0x00000000d5580000)
  object space 99328K, 99% used [0x0000000080000000,0x00000000860ae818,0x0000000086100000)
 Metaspace       used 70509K, committed 72192K, reserved 1114112K
  class space    used 7492K, committed 8256K, reserved 1048576K
}
Event: 207.618 GC heap before
{Heap before GC invocations=106 (full 3):
 PSYoungGen      total 15360K, used 15322K [0x00000000d5580000, 0x00000000d6700000, 0x0000000100000000)
  eden space 14848K, 100% used [0x00000000d5580000,0x00000000d6400000,0x00000000d6400000)
  from space 512K, 92% used [0x00000000d6680000,0x00000000d66f6900,0x00000000d6700000)
  to   space 1024K, 0% used [0x00000000d6500000,0x00000000d6500000,0x00000000d6600000)
 ParOldGen       total 99328K, used 99002K [0x0000000080000000, 0x0000000086100000, 0x00000000d5580000)
  object space 99328K, 99% used [0x0000000080000000,0x00000000860ae818,0x0000000086100000)
 Metaspace       used 70631K, committed 72320K, reserved 1114112K
  class space    used 7492K, committed 8256K, reserved 1048576K
}
Event: 207.627 GC heap after
{Heap after GC invocations=106 (full 3):
 PSYoungGen      total 15872K, used 778K [0x00000000d5580000, 0x00000000d6700000, 0x0000000100000000)
  eden space 14848K, 0% used [0x00000000d5580000,0x00000000d5580000,0x00000000d6400000)
  from space 1024K, 76% used [0x00000000d6500000,0x00000000d65c2910,0x00000000d6600000)
  to   space 1024K, 0% used [0x00000000d6600000,0x00000000d6600000,0x00000000d6700000)
 ParOldGen       total 99328K, used 99090K [0x0000000080000000, 0x0000000086100000, 0x00000000d5580000)
  object space 99328K, 99% used [0x0000000080000000,0x00000000860c4818,0x0000000086100000)
 Metaspace       used 70631K, committed 72320K, reserved 1114112K
  class space    used 7492K, committed 8256K, reserved 1048576K
}
Event: 231.213 GC heap before
{Heap before GC invocations=107 (full 3):
 PSYoungGen      total 15872K, used 15626K [0x00000000d5580000, 0x00000000d6700000, 0x0000000100000000)
  eden space 14848K, 100% used [0x00000000d5580000,0x00000000d6400000,0x00000000d6400000)
  from space 1024K, 76% used [0x00000000d6500000,0x00000000d65c2910,0x00000000d6600000)
  to   space 1024K, 0% used [0x00000000d6600000,0x00000000d6600000,0x00000000d6700000)
 ParOldGen       total 99328K, used 99090K [0x0000000080000000, 0x0000000086100000, 0x00000000d5580000)
  object space 99328K, 99% used [0x0000000080000000,0x00000000860c4818,0x0000000086100000)
 Metaspace       used 70718K, committed 72384K, reserved 1114112K
  class space    used 7492K, committed 8256K, reserved 1048576K
}
Event: 231.223 GC heap after
{Heap after GC invocations=107 (full 3):
 PSYoungGen      total 15872K, used 986K [0x00000000d5580000, 0x00000000d6700000, 0x0000000100000000)
  eden space 14848K, 0% used [0x00000000d5580000,0x00000000d5580000,0x00000000d6400000)
  from space 1024K, 96% used [0x00000000d6600000,0x00000000d66f6900,0x00000000d6700000)
  to   space 1536K, 0% used [0x00000000d6400000,0x00000000d6400000,0x00000000d6580000)
 ParOldGen       total 99328K, used 99138K [0x0000000080000000, 0x0000000086100000, 0x00000000d5580000)
  object space 99328K, 99% used [0x0000000080000000,0x00000000860d0818,0x0000000086100000)
 Metaspace       used 70718K, committed 72384K, reserved 1114112K
  class space    used 7492K, committed 8256K, reserved 1048576K
}
Event: 344.570 GC heap before
{Heap before GC invocations=108 (full 3):
 PSYoungGen      total 15872K, used 15834K [0x00000000d5580000, 0x00000000d6700000, 0x0000000100000000)
  eden space 14848K, 99% used [0x00000000d5580000,0x00000000d63ffff0,0x00000000d6400000)
  from space 1024K, 96% used [0x00000000d6600000,0x00000000d66f6900,0x00000000d6700000)
  to   space 1536K, 0% used [0x00000000d6400000,0x00000000d6400000,0x00000000d6580000)
 ParOldGen       total 99328K, used 99138K [0x0000000080000000, 0x0000000086100000, 0x00000000d5580000)
  object space 99328K, 99% used [0x0000000080000000,0x00000000860d0818,0x0000000086100000)
 Metaspace       used 70913K, committed 72640K, reserved 1114112K
  class space    used 7492K, committed 8256K, reserved 1048576K
}
Event: 344.591 GC heap after
{Heap after GC invocations=108 (full 3):
 PSYoungGen      total 16384K, used 704K [0x00000000d5580000, 0x00000000d6680000, 0x0000000100000000)
  eden space 14848K, 0% used [0x00000000d5580000,0x00000000d5580000,0x00000000d6400000)
  from space 1536K, 45% used [0x00000000d6400000,0x00000000d64b0000,0x00000000d6580000)
  to   space 1024K, 0% used [0x00000000d6580000,0x00000000d6580000,0x00000000d6680000)
 ParOldGen       total 100352K, used 99862K [0x0000000080000000, 0x0000000086200000, 0x00000000d5580000)
  object space 100352K, 99% used [0x0000000080000000,0x0000000086185a48,0x0000000086200000)
 Metaspace       used 70913K, committed 72640K, reserved 1114112K
  class space    used 7492K, committed 8256K, reserved 1048576K
}

