# JRE version: OpenJDK Runtime Environment Temurin-21.0.10+7 (21.0.10+7) (build 21.0.10+7-LTS)
# Java VM: OpenJDK 64-Bit Server VM Temurin-21.0.10+7 (21.0.10+7-LTS, mixed mode, sharing, tiered, compressed oops, compressed class ptrs, parallel gc, windows-amd64)
GC Precious Log:
 CardTable entry size: 512
 CPUs: 16 total, 16 available
 Memory: 8010M
 Large Page Support: Disabled
 NUMA Support: Disabled
 Compressed Oops: Enabled (32-bit)
 Alignments: Space 512K, Generation 512K, Heap 2M
 Heap Min Capacity: 100M
 Heap Initial Capacity: 100M
 Heap Max Capacity: 2G
 Pre-touch: Disabled
 Parallel Workers: 13
Heap:
 PSYoungGen      total 18432K, used 6741K [0x00000000d5580000, 0x00000000d6880000, 0x0000000100000000)
  eden space 17408K, 32% used [0x00000000d5580000,0x00000000d5b195f0,0x00000000d6680000)
  from space 1024K, 98% used [0x00000000d6780000,0x00000000d687c010,0x00000000d6880000)
  to   space 1024K, 0% used [0x00000000d6680000,0x00000000d6680000,0x00000000d6780000)
 ParOldGen       total 68608K, used 58610K [0x0000000080000000, 0x0000000084300000, 0x00000000d5580000)
  object space 68608K, 85% used [0x0000000080000000,0x000000008393cb10,0x0000000084300000)
 Metaspace       used 59725K, committed 61184K, reserved 1114112K
  class space    used 6398K, committed 7040K, reserved 1048576K
GC Heap History (20 events):
Event: 25.575 GC heap before
{Heap before GC invocations=53 (full 3):
 PSYoungGen      total 18432K, used 18114K [0x00000000d5580000, 0x00000000d6880000, 0x0000000100000000)
  eden space 17408K, 100% used [0x00000000d5580000,0x00000000d6680000,0x00000000d6680000)
  from space 1024K, 68% used [0x00000000d6680000,0x00000000d67308a8,0x00000000d6780000)
  to   space 1024K, 0% used [0x00000000d6780000,0x00000000d6780000,0x00000000d6880000)
 ParOldGen       total 68608K, used 51688K [0x0000000080000000, 0x0000000084300000, 0x00000000d5580000)
  object space 68608K, 75% used [0x0000000080000000,0x000000008327a3f8,0x0000000084300000)
 Metaspace       used 58737K, committed 60160K, reserved 1114112K
  class space    used 6293K, committed 6912K, reserved 1048576K
}
Event: 25.576 GC heap after
{Heap after GC invocations=53 (full 3):
 PSYoungGen      total 18432K, used 672K [0x00000000d5580000, 0x00000000d6880000, 0x0000000100000000)
  eden space 17408K, 0% used [0x00000000d5580000,0x00000000d5580000,0x00000000d6680000)
  from space 1024K, 65% used [0x00000000d6780000,0x00000000d6828010,0x00000000d6880000)
  to   space 1024K, 0% used [0x00000000d6680000,0x00000000d6680000,0x00000000d6780000)
 ParOldGen       total 68608K, used 52071K [0x0000000080000000, 0x0000000084300000, 0x00000000d5580000)
  object space 68608K, 75% used [0x0000000080000000,0x00000000832d9d58,0x0000000084300000)
 Metaspace       used 58737K, committed 60160K, reserved 1114112K
  class space    used 6293K, committed 6912K, reserved 1048576K
}
Event: 25.619 GC heap before
{Heap before GC invocations=54 (full 3):
 PSYoungGen      total 18432K, used 18080K [0x00000000d5580000, 0x00000000d6880000, 0x0000000100000000)
  eden space 17408K, 100% used [0x00000000d5580000,0x00000000d6680000,0x00000000d6680000)
  from space 1024K, 65% used [0x00000000d6780000,0x00000000d6828010,0x00000000d6880000)
  to   space 1024K, 0% used [0x00000000d6680000,0x00000000d6680000,0x00000000d6780000)
 ParOldGen       total 68608K, used 52077K [0x0000000080000000, 0x0000000084300000, 0x00000000d5580000)
  object space 68608K, 75% used [0x0000000080000000,0x00000000832db740,0x0000000084300000)
 Metaspace       used 58792K, committed 60160K, reserved 1114112K
  class space    used 6298K, committed 6912K, reserved 1048576K
}
Event: 25.621 GC heap after
{Heap after GC invocations=54 (full 3):
 PSYoungGen      total 18432K, used 544K [0x00000000d5580000, 0x00000000d6880000, 0x0000000100000000)
  eden space 17408K, 0% used [0x00000000d5580000,0x00000000d5580000,0x00000000d6680000)
  from space 1024K, 53% used [0x00000000d6680000,0x00000000d6708000,0x00000000d6780000)
  to   space 1024K, 0% used [0x00000000d6780000,0x00000000d6780000,0x00000000d6880000)
 ParOldGen       total 68608K, used 52309K [0x0000000080000000, 0x0000000084300000, 0x00000000d5580000)
  object space 68608K, 76% used [0x0000000080000000,0x0000000083315740,0x0000000084300000)
 Metaspace       used 58792K, committed 60160K, reserved 1114112K
  class space    used 6298K, committed 6912K, reserved 1048576K
}
Event: 25.659 GC heap before
{Heap before GC invocations=55 (full 3):
 PSYoungGen      total 18432K, used 17952K [0x00000000d5580000, 0x00000000d6880000, 0x0000000100000000)
  eden space 17408K, 100% used [0x00000000d5580000,0x00000000d6680000,0x00000000d6680000)
  from space 1024K, 53% used [0x00000000d6680000,0x00000000d6708000,0x00000000d6780000)
  to   space 1024K, 0% used [0x00000000d6780000,0x00000000d6780000,0x00000000d6880000)
 ParOldGen       total 68608K, used 52309K [0x0000000080000000, 0x0000000084300000, 0x00000000d5580000)
  object space 68608K, 76% used [0x0000000080000000,0x0000000083315740,0x0000000084300000)
 Metaspace       used 58831K, committed 60224K, reserved 1114112K
  class space    used 6305K, committed 6912K, reserved 1048576K
}
Event: 25.660 GC heap after
{Heap after GC invocations=55 (full 3):
 PSYoungGen      total 18432K, used 608K [0x00000000d5580000, 0x00000000d6880000, 0x0000000100000000)
  eden space 17408K, 0% used [0x00000000d5580000,0x00000000d5580000,0x00000000d6680000)
  from space 1024K, 59% used [0x00000000d6780000,0x00000000d6818000,0x00000000d6880000)
  to   space 1024K, 0% used [0x00000000d6680000,0x00000000d6680000,0x00000000d6780000)
 ParOldGen       total 68608K, used 52575K [0x0000000080000000, 0x0000000084300000, 0x00000000d5580000)
  object space 68608K, 76% used [0x0000000080000000,0x0000000083357e70,0x0000000084300000)
 Metaspace       used 58831K, committed 60224K, reserved 1114112K
  class space    used 6305K, committed 6912K, reserved 1048576K
}
Event: 25.708 GC heap before
{Heap before GC invocations=56 (full 3):
 PSYoungGen      total 18432K, used 18016K [0x00000000d5580000, 0x00000000d6880000, 0x0000000100000000)
  eden space 17408K, 100% used [0x00000000d5580000,0x00000000d6680000,0x00000000d6680000)
  from space 1024K, 59% used [0x00000000d6780000,0x00000000d6818000,0x00000000d6880000)
  to   space 1024K, 0% used [0x00000000d6680000,0x00000000d6680000,0x00000000d6780000)
 ParOldGen       total 68608K, used 52575K [0x0000000080000000, 0x0000000084300000, 0x00000000d5580000)
  object space 68608K, 76% used [0x0000000080000000,0x0000000083357e70,0x0000000084300000)
 Metaspace       used 58881K, committed 60224K, reserved 1114112K
  class space    used 6309K, committed 6912K, reserved 1048576K
}
Event: 25.711 GC heap after
{Heap after GC invocations=56 (full 3):
 PSYoungGen      total 18432K, used 990K [0x00000000d5580000, 0x00000000d6980000, 0x0000000100000000)
  eden space 17408K, 0% used [0x00000000d5580000,0x00000000d5580000,0x00000000d6680000)
  from space 1024K, 96% used [0x00000000d6680000,0x00000000d6777b20,0x00000000d6780000)
  to   space 1536K, 0% used [0x00000000d6800000,0x00000000d6800000,0x00000000d6980000)
 ParOldGen       total 68608K, used 53687K [0x0000000080000000, 0x0000000084300000, 0x00000000d5580000)
  object space 68608K, 78% used [0x0000000080000000,0x000000008346de70,0x0000000084300000)
 Metaspace       used 58881K, committed 60224K, reserved 1114112K
  class space    used 6309K, committed 6912K, reserved 1048576K
}
Event: 25.772 GC heap before
{Heap before GC invocations=57 (full 3):
 PSYoungGen      total 18432K, used 18398K [0x00000000d5580000, 0x00000000d6980000, 0x0000000100000000)
  eden space 17408K, 100% used [0x00000000d5580000,0x00000000d6680000,0x00000000d6680000)
  from space 1024K, 96% used [0x00000000d6680000,0x00000000d6777b20,0x00000000d6780000)
  to   space 1536K, 0% used [0x00000000d6800000,0x00000000d6800000,0x00000000d6980000)
 ParOldGen       total 68608K, used 53687K [0x0000000080000000, 0x0000000084300000, 0x00000000d5580000)
  object space 68608K, 78% used [0x0000000080000000,0x000000008346de70,0x0000000084300000)
 Metaspace       used 58907K, committed 60352K, reserved 1114112K
  class space    used 6312K, committed 6976K, reserved 1048576K
}
Event: 25.774 GC heap after
{Heap after GC invocations=57 (full 3):
 PSYoungGen      total 18432K, used 960K [0x00000000d5580000, 0x00000000d6900000, 0x0000000100000000)
  eden space 17408K, 0% used [0x00000000d5580000,0x00000000d5580000,0x00000000d6680000)
  from space 1024K, 93% used [0x00000000d6800000,0x00000000d68f0000,0x00000000d6900000)
  to   space 1024K, 0% used [0x00000000d6680000,0x00000000d6680000,0x00000000d6780000)
 ParOldGen       total 68608K, used 54408K [0x0000000080000000, 0x0000000084300000, 0x00000000d5580000)
  object space 68608K, 79% used [0x0000000080000000,0x00000000835220f0,0x0000000084300000)
 Metaspace       used 58907K, committed 60352K, reserved 1114112K
  class space    used 6312K, committed 6976K, reserved 1048576K
}
Event: 25.842 GC heap before
{Heap before GC invocations=58 (full 3):
 PSYoungGen      total 18432K, used 18368K [0x00000000d5580000, 0x00000000d6900000, 0x0000000100000000)
  eden space 17408K, 100% used [0x00000000d5580000,0x00000000d6680000,0x00000000d6680000)
  from space 1024K, 93% used [0x00000000d6800000,0x00000000d68f0000,0x00000000d6900000)
  to   space 1024K, 0% used [0x00000000d6680000,0x00000000d6680000,0x00000000d6780000)
 ParOldGen       total 68608K, used 54408K [0x0000000080000000, 0x0000000084300000, 0x00000000d5580000)
  object space 68608K, 79% used [0x0000000080000000,0x00000000835220f0,0x0000000084300000)
 Metaspace       used 58948K, committed 60352K, reserved 1114112K
  class space    used 6316K, committed 6976K, reserved 1048576K
}
Event: 25.844 GC heap after
{Heap after GC invocations=58 (full 3):
 PSYoungGen      total 18432K, used 894K [0x00000000d5580000, 0x00000000d6880000, 0x0000000100000000)
  eden space 17408K, 0% used [0x00000000d5580000,0x00000000d5580000,0x00000000d6680000)
  from space 1024K, 87% used [0x00000000d6680000,0x00000000d675fb28,0x00000000d6780000)
  to   space 1024K, 0% used [0x00000000d6780000,0x00000000d6780000,0x00000000d6880000)
 ParOldGen       total 68608K, used 54920K [0x0000000080000000, 0x0000000084300000, 0x00000000d5580000)
  object space 68608K, 80% used [0x0000000080000000,0x00000000835a2140,0x0000000084300000)
 Metaspace       used 58948K, committed 60352K, reserved 1114112K
  class space    used 6316K, committed 6976K, reserved 1048576K
}
Event: 25.904 GC heap before
{Heap before GC invocations=59 (full 3):
 PSYoungGen      total 18432K, used 18302K [0x00000000d5580000, 0x00000000d6880000, 0x0000000100000000)
  eden space 17408K, 100% used [0x00000000d5580000,0x00000000d6680000,0x00000000d6680000)
  from space 1024K, 87% used [0x00000000d6680000,0x00000000d675fb28,0x00000000d6780000)
  to   space 1024K, 0% used [0x00000000d6780000,0x00000000d6780000,0x00000000d6880000)
 ParOldGen       total 68608K, used 54920K [0x0000000080000000, 0x0000000084300000, 0x00000000d5580000)
  object space 68608K, 80% used [0x0000000080000000,0x00000000835a2140,0x0000000084300000)
 Metaspace       used 58985K, committed 60416K, reserved 1114112K
  class space    used 6318K, committed 6976K, reserved 1048576K
}
Event: 25.907 GC heap after
{Heap after GC invocations=59 (full 3):
 PSYoungGen      total 18432K, used 834K [0x00000000d5580000, 0x00000000d6880000, 0x0000000100000000)
  eden space 17408K, 0% used [0x00000000d5580000,0x00000000d5580000,0x00000000d6680000)
  from space 1024K, 81% used [0x00000000d6780000,0x00000000d6850ae8,0x00000000d6880000)
  to   space 1024K, 0% used [0x00000000d6680000,0x00000000d6680000,0x00000000d6780000)
 ParOldGen       total 68608K, used 55574K [0x0000000080000000, 0x0000000084300000, 0x00000000d5580000)
  object space 68608K, 81% used [0x0000000080000000,0x0000000083645a78,0x0000000084300000)
 Metaspace       used 58985K, committed 60416K, reserved 1114112K
  class space    used 6318K, committed 6976K, reserved 1048576K
}
Event: 25.964 GC heap before
{Heap before GC invocations=60 (full 3):
 PSYoungGen      total 18432K, used 18242K [0x00000000d5580000, 0x00000000d6880000, 0x0000000100000000)
  eden space 17408K, 100% used [0x00000000d5580000,0x00000000d6680000,0x00000000d6680000)
  from space 1024K, 81% used [0x00000000d6780000,0x00000000d6850ae8,0x00000000d6880000)
  to   space 1024K, 0% used [0x00000000d6680000,0x00000000d6680000,0x00000000d6780000)
 ParOldGen       total 68608K, used 55574K [0x0000000080000000, 0x0000000084300000, 0x00000000d5580000)
  object space 68608K, 81% used [0x0000000080000000,0x0000000083645a78,0x0000000084300000)
 Metaspace       used 59004K, committed 60416K, reserved 1114112K
  class space    used 6318K, committed 6976K, reserved 1048576K
}
Event: 25.966 GC heap after
{Heap after GC invocations=60 (full 3):
 PSYoungGen      total 18432K, used 901K [0x00000000d5580000, 0x00000000d6880000, 0x0000000100000000)
  eden space 17408K, 0% used [0x00000000d5580000,0x00000000d5580000,0x00000000d6680000)
  from space 1024K, 87% used [0x00000000d6680000,0x00000000d6761420,0x00000000d6780000)
  to   space 1024K, 0% used [0x00000000d6780000,0x00000000d6780000,0x00000000d6880000)
 ParOldGen       total 68608K, used 56116K [0x0000000080000000, 0x0000000084300000, 0x00000000d5580000)
  object space 68608K, 81% used [0x0000000080000000,0x00000000836cd238,0x0000000084300000)
 Metaspace       used 59004K, committed 60416K, reserved 1114112K
  class space    used 6318K, committed 6976K, reserved 1048576K
}
Event: 26.006 GC heap before
{Heap before GC invocations=61 (full 3):
 PSYoungGen      total 18432K, used 18309K [0x00000000d5580000, 0x00000000d6880000, 0x0000000100000000)
  eden space 17408K, 100% used [0x00000000d5580000,0x00000000d6680000,0x00000000d6680000)
  from space 1024K, 87% used [0x00000000d6680000,0x00000000d6761420,0x00000000d6780000)
  to   space 1024K, 0% used [0x00000000d6780000,0x00000000d6780000,0x00000000d6880000)
 ParOldGen       total 68608K, used 56116K [0x0000000080000000, 0x0000000084300000, 0x00000000d5580000)
  object space 68608K, 81% used [0x0000000080000000,0x00000000836cd238,0x0000000084300000)
 Metaspace       used 59022K, committed 60544K, reserved 1114112K
  class space    used 6319K, committed 6976K, reserved 1048576K
}
Event: 26.008 GC heap after
{Heap after GC invocations=61 (full 3):
 PSYoungGen      total 18432K, used 715K [0x00000000d5580000, 0x00000000d6880000, 0x0000000100000000)
  eden space 17408K, 0% used [0x00000000d5580000,0x00000000d5580000,0x00000000d6680000)
  from space 1024K, 69% used [0x00000000d6780000,0x00000000d6832f38,0x00000000d6880000)
  to   space 1024K, 0% used [0x00000000d6680000,0x00000000d6680000,0x00000000d6780000)
 ParOldGen       total 68608K, used 56821K [0x0000000080000000, 0x0000000084300000, 0x00000000d5580000)
  object space 68608K, 82% used [0x0000000080000000,0x000000008377d5e8,0x0000000084300000)
 Metaspace       used 59022K, committed 60544K, reserved 1114112K
  class space    used 6319K, committed 6976K, reserved 1048576K
}
Event: 26.055 GC heap before
{Heap before GC invocations=62 (full 3):
 PSYoungGen      total 18432K, used 18123K [0x00000000d5580000, 0x00000000d6880000, 0x0000000100000000)
  eden space 17408K, 100% used [0x00000000d5580000,0x00000000d6680000,0x00000000d6680000)
  from space 1024K, 69% used [0x00000000d6780000,0x00000000d6832f38,0x00000000d6880000)
  to   space 1024K, 0% used [0x00000000d6680000,0x00000000d6680000,0x00000000d6780000)
 ParOldGen       total 68608K, used 56821K [0x0000000080000000, 0x0000000084300000, 0x00000000d5580000)
  object space 68608K, 82% used [0x0000000080000000,0x000000008377d5e8,0x0000000084300000)
 Metaspace       used 59064K, committed 60544K, reserved 1114112K
  class space    used 6323K, committed 6976K, reserved 1048576K
}
Event: 26.057 GC heap after
{Heap after GC invocations=62 (full 3):
 PSYoungGen      total 18432K, used 832K [0x00000000d5580000, 0x00000000d6880000, 0x0000000100000000)
  eden space 17408K, 0% used [0x00000000d5580000,0x00000000d5580000,0x00000000d6680000)
  from space 1024K, 81% used [0x00000000d6680000,0x00000000d6750010,0x00000000d6780000)
  to   space 1024K, 0% used [0x00000000d6780000,0x00000000d6780000,0x00000000d6880000)
 ParOldGen       total 68608K, used 57281K [0x0000000080000000, 0x0000000084300000, 0x00000000d5580000)
  object space 68608K, 83% used [0x0000000080000000,0x00000000837f0540,0x0000000084300000)
 Metaspace       used 59064K, committed 60544K, reserved 1114112K
  class space    used 6323K, committed 6976K, reserved 1048576K
}

