# JRE version: OpenJDK Runtime Environment Temurin-21.0.10+7 (21.0.10+7) (build 21.0.10+7-LTS)
# Java VM: OpenJDK 64-Bit Server VM Temurin-21.0.10+7 (21.0.10+7-LTS, mixed mode, sharing, tiered, compressed oops, compressed class ptrs, parallel gc, windows-amd64)
GC Precious Log:
 CardTable entry size: 512
 CPUs: 16 total, 16 available
 Memory: 8010M
 Large Page Support: Disabled
 NUMA Support: Disabled
 Compressed Oops: Enabled (32-bit)
 Alignments: Space 512K, Generation 512K, Heap 2M
 Heap Min Capacity: 100M
 Heap Initial Capacity: 100M
 Heap Max Capacity: 2G
 Pre-touch: Disabled
 Parallel Workers: 13
Heap:
 PSYoungGen      total 6144K, used 1291K [0x00000000d5580000, 0x00000000d5c80000, 0x0000000100000000)
  eden space 5632K, 15% used [0x00000000d5580000,0x00000000d565ad88,0x00000000d5b00000)
  from space 512K, 81% used [0x00000000d5b80000,0x00000000d5be8000,0x00000000d5c00000)
  to   space 512K, 0% used [0x00000000d5c00000,0x00000000d5c00000,0x00000000d5c80000)
 ParOldGen       total 499200K, used 498853K [0x0000000080000000, 0x000000009e780000, 0x00000000d5580000)
  object space 499200K, 99% used [0x0000000080000000,0x000000009e7297d8,0x000000009e780000)
 Metaspace       used 82313K, committed 84224K, reserved 1179648K
  class space    used 8327K, committed 9216K, reserved 1048576K
GC Heap History (20 events):
Event: 796.913 GC heap before
{Heap before GC invocations=712 (full 4):
 PSYoungGen      total 5120K, used 5111K [0x00000000d5580000, 0x00000000d6380000, 0x0000000100000000)
  eden space 4096K, 100% used [0x00000000d5580000,0x00000000d5980000,0x00000000d5980000)
  from space 1024K, 99% used [0x00000000d5980000,0x00000000d5a7ddf0,0x00000000d5a80000)
  to   space 5120K, 0% used [0x00000000d5e80000,0x00000000d5e80000,0x00000000d6380000)
 ParOldGen       total 489984K, used 489731K [0x0000000080000000, 0x000000009de80000, 0x00000000d5580000)
  object space 489984K, 99% used [0x0000000080000000,0x000000009de40fe0,0x000000009de80000)
 Metaspace       used 82257K, committed 84160K, reserved 1179648K
  class space    used 8327K, committed 9216K, reserved 1048576K
}
Event: 796.919 GC heap after
{Heap after GC invocations=712 (full 4):
 PSYoungGen      total 8704K, used 4256K [0x00000000d5580000, 0x00000000d6300000, 0x0000000100000000)
  eden space 4096K, 0% used [0x00000000d5580000,0x00000000d5580000,0x00000000d5980000)
  from space 4608K, 92% used [0x00000000d5e80000,0x00000000d62a8000,0x00000000d6300000)
  to   space 4608K, 0% used [0x00000000d5a00000,0x00000000d5a00000,0x00000000d5e80000)
 ParOldGen       total 491008K, used 490803K [0x0000000080000000, 0x000000009df80000, 0x00000000d5580000)
  object space 491008K, 99% used [0x0000000080000000,0x000000009df4cdd0,0x000000009df80000)
 Metaspace       used 82257K, committed 84160K, reserved 1179648K
  class space    used 8327K, committed 9216K, reserved 1048576K
}
Event: 796.934 GC heap before
{Heap before GC invocations=713 (full 4):
 PSYoungGen      total 8704K, used 8352K [0x00000000d5580000, 0x00000000d6300000, 0x0000000100000000)
  eden space 4096K, 100% used [0x00000000d5580000,0x00000000d5980000,0x00000000d5980000)
  from space 4608K, 92% used [0x00000000d5e80000,0x00000000d62a8000,0x00000000d6300000)
  to   space 4608K, 0% used [0x00000000d5a00000,0x00000000d5a00000,0x00000000d5e80000)
 ParOldGen       total 491008K, used 490803K [0x0000000080000000, 0x000000009df80000, 0x00000000d5580000)
  object space 491008K, 99% used [0x0000000080000000,0x000000009df4cdd0,0x000000009df80000)
 Metaspace       used 82262K, committed 84160K, reserved 1179648K
  class space    used 8327K, committed 9216K, reserved 1048576K
}
Event: 796.942 GC heap after
{Heap after GC invocations=713 (full 4):
 PSYoungGen      total 6144K, used 1236K [0x00000000d5580000, 0x00000000d5f80000, 0x0000000100000000)
  eden space 4608K, 0% used [0x00000000d5580000,0x00000000d5580000,0x00000000d5a00000)
  from space 1536K, 80% used [0x00000000d5a00000,0x00000000d5b35200,0x00000000d5b80000)
  to   space 2560K, 0% used [0x00000000d5d00000,0x00000000d5d00000,0x00000000d5f80000)
 ParOldGen       total 495104K, used 494923K [0x0000000080000000, 0x000000009e380000, 0x00000000d5580000)
  object space 495104K, 99% used [0x0000000080000000,0x000000009e352dd0,0x000000009e380000)
 Metaspace       used 82262K, committed 84160K, reserved 1179648K
  class space    used 8327K, committed 9216K, reserved 1048576K
}
Event: 796.958 GC heap before
{Heap before GC invocations=714 (full 4):
 PSYoungGen      total 6144K, used 5844K [0x00000000d5580000, 0x00000000d5f80000, 0x0000000100000000)
  eden space 4608K, 99% used [0x00000000d5580000,0x00000000d59fffe8,0x00000000d5a00000)
  from space 1536K, 80% used [0x00000000d5a00000,0x00000000d5b35200,0x00000000d5b80000)
  to   space 2560K, 0% used [0x00000000d5d00000,0x00000000d5d00000,0x00000000d5f80000)
 ParOldGen       total 495104K, used 494923K [0x0000000080000000, 0x000000009e380000, 0x00000000d5580000)
  object space 495104K, 99% used [0x0000000080000000,0x000000009e352dd0,0x000000009e380000)
 Metaspace       used 82262K, committed 84160K, reserved 1179648K
  class space    used 8327K, committed 9216K, reserved 1048576K
}
Event: 796.963 GC heap after
{Heap after GC invocations=714 (full 4):
 PSYoungGen      total 6656K, used 576K [0x00000000d5580000, 0x00000000d5e00000, 0x0000000100000000)
  eden space 5632K, 0% used [0x00000000d5580000,0x00000000d5580000,0x00000000d5b00000)
  from space 1024K, 56% used [0x00000000d5d00000,0x00000000d5d90000,0x00000000d5e00000)
  to   space 1024K, 0% used [0x00000000d5c00000,0x00000000d5c00000,0x00000000d5d00000)
 ParOldGen       total 496128K, used 495960K [0x0000000080000000, 0x000000009e480000, 0x00000000d5580000)
  object space 496128K, 99% used [0x0000000080000000,0x000000009e456270,0x000000009e480000)
 Metaspace       used 82262K, committed 84160K, reserved 1179648K
  class space    used 8327K, committed 9216K, reserved 1048576K
}
Event: 797.036 GC heap before
{Heap before GC invocations=715 (full 4):
 PSYoungGen      total 6656K, used 6208K [0x00000000d5580000, 0x00000000d5e00000, 0x0000000100000000)
  eden space 5632K, 100% used [0x00000000d5580000,0x00000000d5b00000,0x00000000d5b00000)
  from space 1024K, 56% used [0x00000000d5d00000,0x00000000d5d90000,0x00000000d5e00000)
  to   space 1024K, 0% used [0x00000000d5c00000,0x00000000d5c00000,0x00000000d5d00000)
 ParOldGen       total 496128K, used 495960K [0x0000000080000000, 0x000000009e480000, 0x00000000d5580000)
  object space 496128K, 99% used [0x0000000080000000,0x000000009e456270,0x000000009e480000)
 Metaspace       used 82262K, committed 84160K, reserved 1179648K
  class space    used 8327K, committed 9216K, reserved 1048576K
}
Event: 797.038 GC heap after
{Heap after GC invocations=715 (full 4):
 PSYoungGen      total 6656K, used 800K [0x00000000d5580000, 0x00000000d5d80000, 0x0000000100000000)
  eden space 5632K, 0% used [0x00000000d5580000,0x00000000d5580000,0x00000000d5b00000)
  from space 1024K, 78% used [0x00000000d5c00000,0x00000000d5cc8020,0x00000000d5d00000)
  to   space 512K, 0% used [0x00000000d5d00000,0x00000000d5d00000,0x00000000d5d80000)
 ParOldGen       total 496640K, used 496393K [0x0000000080000000, 0x000000009e500000, 0x00000000d5580000)
  object space 496640K, 99% used [0x0000000080000000,0x000000009e4c2708,0x000000009e500000)
 Metaspace       used 82262K, committed 84160K, reserved 1179648K
  class space    used 8327K, committed 9216K, reserved 1048576K
}
Event: 797.050 GC heap before
{Heap before GC invocations=716 (full 4):
 PSYoungGen      total 6656K, used 6432K [0x00000000d5580000, 0x00000000d5d80000, 0x0000000100000000)
  eden space 5632K, 100% used [0x00000000d5580000,0x00000000d5b00000,0x00000000d5b00000)
  from space 1024K, 78% used [0x00000000d5c00000,0x00000000d5cc8020,0x00000000d5d00000)
  to   space 512K, 0% used [0x00000000d5d00000,0x00000000d5d00000,0x00000000d5d80000)
 ParOldGen       total 496640K, used 496393K [0x0000000080000000, 0x000000009e500000, 0x00000000d5580000)
  object space 496640K, 99% used [0x0000000080000000,0x000000009e4c2708,0x000000009e500000)
 Metaspace       used 82262K, committed 84160K, reserved 1179648K
  class space    used 8327K, committed 9216K, reserved 1048576K
}
Event: 797.054 GC heap after
{Heap after GC invocations=716 (full 4):
 PSYoungGen      total 6144K, used 480K [0x00000000d5580000, 0x00000000d5e00000, 0x0000000100000000)
  eden space 5632K, 0% used [0x00000000d5580000,0x00000000d5580000,0x00000000d5b00000)
  from space 512K, 93% used [0x00000000d5d00000,0x00000000d5d78020,0x00000000d5d80000)
  to   space 1536K, 0% used [0x00000000d5b00000,0x00000000d5b00000,0x00000000d5c80000)
 ParOldGen       total 497152K, used 497109K [0x0000000080000000, 0x000000009e580000, 0x00000000d5580000)
  object space 497152K, 99% used [0x0000000080000000,0x000000009e575748,0x000000009e580000)
 Metaspace       used 82262K, committed 84160K, reserved 1179648K
  class space    used 8327K, committed 9216K, reserved 1048576K
}
Event: 797.117 GC heap before
{Heap before GC invocations=717 (full 4):
 PSYoungGen      total 6144K, used 6112K [0x00000000d5580000, 0x00000000d5e00000, 0x0000000100000000)
  eden space 5632K, 100% used [0x00000000d5580000,0x00000000d5b00000,0x00000000d5b00000)
  from space 512K, 93% used [0x00000000d5d00000,0x00000000d5d78020,0x00000000d5d80000)
  to   space 1536K, 0% used [0x00000000d5b00000,0x00000000d5b00000,0x00000000d5c80000)
 ParOldGen       total 497152K, used 497109K [0x0000000080000000, 0x000000009e580000, 0x00000000d5580000)
  object space 497152K, 99% used [0x0000000080000000,0x000000009e575748,0x000000009e580000)
 Metaspace       used 82263K, committed 84160K, reserved 1179648K
  class space    used 8327K, committed 9216K, reserved 1048576K
}
Event: 797.119 GC heap after
{Heap after GC invocations=717 (full 4):
 PSYoungGen      total 7168K, used 896K [0x00000000d5580000, 0x00000000d5d80000, 0x0000000100000000)
  eden space 5632K, 0% used [0x00000000d5580000,0x00000000d5580000,0x00000000d5b00000)
  from space 1536K, 58% used [0x00000000d5b00000,0x00000000d5be0000,0x00000000d5c80000)
  to   space 1024K, 0% used [0x00000000d5c80000,0x00000000d5c80000,0x00000000d5d80000)
 ParOldGen       total 497664K, used 497597K [0x0000000080000000, 0x000000009e600000, 0x00000000d5580000)
  object space 497664K, 99% used [0x0000000080000000,0x000000009e5ef768,0x000000009e600000)
 Metaspace       used 82263K, committed 84160K, reserved 1179648K
  class space    used 8327K, committed 9216K, reserved 1048576K
}
Event: 866.536 GC heap before
{Heap before GC invocations=718 (full 4):
 PSYoungGen      total 7168K, used 6528K [0x00000000d5580000, 0x00000000d5d80000, 0x0000000100000000)
  eden space 5632K, 100% used [0x00000000d5580000,0x00000000d5b00000,0x00000000d5b00000)
  from space 1536K, 58% used [0x00000000d5b00000,0x00000000d5be0000,0x00000000d5c80000)
  to   space 1024K, 0% used [0x00000000d5c80000,0x00000000d5c80000,0x00000000d5d80000)
 ParOldGen       total 497664K, used 497597K [0x0000000080000000, 0x000000009e600000, 0x00000000d5580000)
  object space 497664K, 99% used [0x0000000080000000,0x000000009e5ef768,0x000000009e600000)
 Metaspace       used 82285K, committed 84224K, reserved 1179648K
  class space    used 8327K, committed 9216K, reserved 1048576K
}
Event: 866.555 GC heap after
{Heap after GC invocations=718 (full 4):
 PSYoungGen      total 6656K, used 640K [0x00000000d5580000, 0x00000000d5d80000, 0x0000000100000000)
  eden space 5632K, 0% used [0x00000000d5580000,0x00000000d5580000,0x00000000d5b00000)
  from space 1024K, 62% used [0x00000000d5c80000,0x00000000d5d20020,0x00000000d5d80000)
  to   space 1024K, 0% used [0x00000000d5b80000,0x00000000d5b80000,0x00000000d5c80000)
 ParOldGen       total 498688K, used 498293K [0x0000000080000000, 0x000000009e700000, 0x00000000d5580000)
  object space 498688K, 99% used [0x0000000080000000,0x000000009e69d788,0x000000009e700000)
 Metaspace       used 82285K, committed 84224K, reserved 1179648K
  class space    used 8327K, committed 9216K, reserved 1048576K
}
Event: 868.075 GC heap before
{Heap before GC invocations=719 (full 4):
 PSYoungGen      total 6656K, used 6272K [0x00000000d5580000, 0x00000000d5d80000, 0x0000000100000000)
  eden space 5632K, 100% used [0x00000000d5580000,0x00000000d5b00000,0x00000000d5b00000)
  from space 1024K, 62% used [0x00000000d5c80000,0x00000000d5d20020,0x00000000d5d80000)
  to   space 1024K, 0% used [0x00000000d5b80000,0x00000000d5b80000,0x00000000d5c80000)
 ParOldGen       total 498688K, used 498293K [0x0000000080000000, 0x000000009e700000, 0x00000000d5580000)
  object space 498688K, 99% used [0x0000000080000000,0x000000009e69d788,0x000000009e700000)
 Metaspace       used 82297K, committed 84224K, reserved 1179648K
  class space    used 8327K, committed 9216K, reserved 1048576K
}
Event: 868.085 GC heap after
{Heap after GC invocations=719 (full 4):
 PSYoungGen      total 6144K, used 480K [0x00000000d5580000, 0x00000000d5d00000, 0x0000000100000000)
  eden space 5632K, 0% used [0x00000000d5580000,0x00000000d5580000,0x00000000d5b00000)
  from space 512K, 93% used [0x00000000d5b80000,0x00000000d5bf8020,0x00000000d5c00000)
  to   space 1024K, 0% used [0x00000000d5c00000,0x00000000d5c00000,0x00000000d5d00000)
 ParOldGen       total 498688K, used 498637K [0x0000000080000000, 0x000000009e700000, 0x00000000d5580000)
  object space 498688K, 99% used [0x0000000080000000,0x000000009e6f37a8,0x000000009e700000)
 Metaspace       used 82297K, committed 84224K, reserved 1179648K
  class space    used 8327K, committed 9216K, reserved 1048576K
}
Event: 899.866 GC heap before
{Heap before GC invocations=720 (full 4):
 PSYoungGen      total 6144K, used 6112K [0x00000000d5580000, 0x00000000d5d00000, 0x0000000100000000)
  eden space 5632K, 99% used [0x00000000d5580000,0x00000000d5affff8,0x00000000d5b00000)
  from space 512K, 93% used [0x00000000d5b80000,0x00000000d5bf8020,0x00000000d5c00000)
  to   space 1024K, 0% used [0x00000000d5c00000,0x00000000d5c00000,0x00000000d5d00000)
 ParOldGen       total 498688K, used 498637K [0x0000000080000000, 0x000000009e700000, 0x00000000d5580000)
  object space 498688K, 99% used [0x0000000080000000,0x000000009e6f37a8,0x000000009e700000)
 Metaspace       used 82303K, committed 84224K, reserved 1179648K
  class space    used 8327K, committed 9216K, reserved 1048576K
}
Event: 899.878 GC heap after
{Heap after GC invocations=720 (full 4):
 PSYoungGen      total 6144K, used 448K [0x00000000d5580000, 0x00000000d5c80000, 0x0000000100000000)
  eden space 5632K, 0% used [0x00000000d5580000,0x00000000d5580000,0x00000000d5b00000)
  from space 512K, 87% used [0x00000000d5c00000,0x00000000d5c70000,0x00000000d5c80000)
  to   space 512K, 0% used [0x00000000d5b80000,0x00000000d5b80000,0x00000000d5c00000)
 ParOldGen       total 499200K, used 498797K [0x0000000080000000, 0x000000009e780000, 0x00000000d5580000)
  object space 499200K, 99% used [0x0000000080000000,0x000000009e71b7d8,0x000000009e780000)
 Metaspace       used 82303K, committed 84224K, reserved 1179648K
  class space    used 8327K, committed 9216K, reserved 1048576K
}
Event: 906.552 GC heap before
{Heap before GC invocations=721 (full 4):
 PSYoungGen      total 6144K, used 6080K [0x00000000d5580000, 0x00000000d5c80000, 0x0000000100000000)
  eden space 5632K, 100% used [0x00000000d5580000,0x00000000d5b00000,0x00000000d5b00000)
  from space 512K, 87% used [0x00000000d5c00000,0x00000000d5c70000,0x00000000d5c80000)
  to   space 512K, 0% used [0x00000000d5b80000,0x00000000d5b80000,0x00000000d5c00000)
 ParOldGen       total 499200K, used 498797K [0x0000000080000000, 0x000000009e780000, 0x00000000d5580000)
  object space 499200K, 99% used [0x0000000080000000,0x000000009e71b7d8,0x000000009e780000)
 Metaspace       used 82309K, committed 84224K, reserved 1179648K
  class space    used 8327K, committed 9216K, reserved 1048576K
}
Event: 906.555 GC heap after
{Heap after GC invocations=721 (full 4):
 PSYoungGen      total 6144K, used 416K [0x00000000d5580000, 0x00000000d5c80000, 0x0000000100000000)
  eden space 5632K, 0% used [0x00000000d5580000,0x00000000d5580000,0x00000000d5b00000)
  from space 512K, 81% used [0x00000000d5b80000,0x00000000d5be8000,0x00000000d5c00000)
  to   space 512K, 0% used [0x00000000d5c00000,0x00000000d5c00000,0x00000000d5c80000)
 ParOldGen       total 499200K, used 498853K [0x0000000080000000, 0x000000009e780000, 0x00000000d5580000)
  object space 499200K, 99% used [0x0000000080000000,0x000000009e7297d8,0x000000009e780000)
 Metaspace       used 82309K, committed 84224K, reserved 1179648K
  class space    used 8327K, committed 9216K, reserved 1048576K
}

