# JRE version: Java(TM) SE Runtime Environment (25.0.1+8) (build 25.0.1+8-LTS-27)
# Java VM: Java HotSpot(TM) 64-Bit Server VM (25.0.1+8-LTS-27, mixed mode, sharing, tiered, compressed oops, compressed class ptrs, g1 gc, windows-amd64)
GC Precious Log:
 CardTable entry size: 512
 Card Set container configuration: InlinePtr #cards 5 size 8 Array Of Cards #cards 10 size 36 Howl #buckets 4 coarsen threshold 1843 Howl Bitmap #cards 512 size 80 coarsen threshold 460 Card regions per heap region 1 cards per card region 2048
 CPUs: 16 total, 16 available
 Memory: 8010M
 Large Page Support: Disabled
 NUMA Support: Disabled
 Compressed Oops: Enabled (32-bit)
 Heap Region Size: 1M
 Heap Min Capacity: 8M
 Heap Initial Capacity: 126M
 Heap Max Capacity: 2004M
 Pre-touch: Disabled
 Parallel Workers: 13
 Concurrent Workers: 3
 Concurrent Refinement Workers: 13
 Periodic GC: Disabled
Heap:
 garbage-first heap   total reserved 2052096K, committed 106496K, used 51215K [0x0000000082c00000, 0x0000000100000000)
  region size 1024K, 19 young (19456K), 8 survivors (8192K)
GC Heap Usage History (10 events):
Event: 1.075 {heap Before GC invocations=0 (full 0):
 garbage-first heap   total reserved 2052096K, committed 131072K, used 49301K [0x0000000082c00000, 0x0000000100000000)
  region size 1024K, 47 young (48128K), 0 survivors (0K)
}
Event: 1.082 {heap After GC invocations=1 (full 0):
 garbage-first heap   total reserved 2052096K, committed 131072K, used 5824K [0x0000000082c00000, 0x0000000100000000)
  region size 1024K, 5 young (5120K), 5 survivors (5120K)
}
Event: 2.031 {heap Before GC invocations=1 (full 0):
 garbage-first heap   total reserved 2052096K, committed 131072K, used 61120K [0x0000000082c00000, 0x0000000100000000)
  region size 1024K, 59 young (60416K), 5 survivors (5120K)
}
Event: 2.043 {heap After GC invocations=2 (full 0):
 garbage-first heap   total reserved 2052096K, committed 131072K, used 11994K [0x0000000082c00000, 0x0000000100000000)
  region size 1024K, 8 young (8192K), 8 survivors (8192K)
}
Event: 2.863 {heap Before GC invocations=2 (full 0):
 garbage-first heap   total reserved 2052096K, committed 131072K, used 75482K [0x0000000082c00000, 0x0000000100000000)
  region size 1024K, 70 young (71680K), 8 survivors (8192K)
}
Event: 2.874 {heap After GC invocations=3 (full 0):
 garbage-first heap   total reserved 2052096K, committed 131072K, used 17465K [0x0000000082c00000, 0x0000000100000000)
  region size 1024K, 5 young (5120K), 5 survivors (5120K)
}
Event: 3.962 {heap Before GC invocations=3 (full 0):
 garbage-first heap   total reserved 2052096K, committed 131072K, used 81977K [0x0000000082c00000, 0x0000000100000000)
  region size 1024K, 62 young (63488K), 5 survivors (5120K)
}
Event: 3.973 {heap After GC invocations=4 (full 0):
 garbage-first heap   total reserved 2052096K, committed 131072K, used 29711K [0x0000000082c00000, 0x0000000100000000)
  region size 1024K, 10 young (10240K), 10 survivors (10240K)
}
Event: 4.982 {heap Before GC invocations=5 (full 0):
 garbage-first heap   total reserved 2052096K, committed 102400K, used 81935K [0x0000000082c00000, 0x0000000100000000)
  region size 1024K, 60 young (61440K), 10 survivors (10240K)
}
Event: 5.005 {heap After GC invocations=6 (full 0):
 garbage-first heap   total reserved 2052096K, committed 106496K, used 40975K [0x0000000082c00000, 0x0000000100000000)
  region size 1024K, 8 young (8192K), 8 survivors (8192K)
}

