# JRE version: OpenJDK Runtime Environment Temurin-21.0.10+7 (21.0.10+7) (build 21.0.10+7-LTS)
# Java VM: OpenJDK 64-Bit Server VM Temurin-21.0.10+7 (21.0.10+7-LTS, mixed mode, sharing, tiered, compressed oops, compressed class ptrs, parallel gc, windows-amd64)
GC Precious Log:
 CardTable entry size: 512
 CPUs: 16 total, 16 available
 Memory: 8010M
 Large Page Support: Disabled
 NUMA Support: Disabled
 Compressed Oops: Enabled (32-bit)
 Alignments: Space 512K, Generation 512K, Heap 2M
 Heap Min Capacity: 100M
 Heap Initial Capacity: 100M
 Heap Max Capacity: 2G
 Pre-touch: Disabled
 Parallel Workers: 13
Heap:
 PSYoungGen      total 5632K, used 2745K [0x00000000d5580000, 0x00000000d5c00000, 0x0000000100000000)
  eden space 4608K, 49% used [0x00000000d5580000,0x00000000d57be698,0x00000000d5a00000)
  from space 1024K, 43% used [0x00000000d5a00000,0x00000000d5a70000,0x00000000d5b00000)
  to   space 1024K, 0% used [0x00000000d5b00000,0x00000000d5b00000,0x00000000d5c00000)
 ParOldGen       total 134656K, used 134395K [0x0000000080000000, 0x0000000088380000, 0x00000000d5580000)
  object space 134656K, 99% used [0x0000000080000000,0x000000008833ee00,0x0000000088380000)
 Metaspace       used 75683K, committed 77376K, reserved 1179648K
  class space    used 7747K, committed 8448K, reserved 1048576K
GC Heap History (20 events):
Event: 572.690 GC heap before
{Heap before GC invocations=360 (full 4):
 PSYoungGen      total 8192K, used 6969K [0x00000000d5580000, 0x00000000d6200000, 0x0000000100000000)
  eden space 3584K, 100% used [0x00000000d5580000,0x00000000d5900000,0x00000000d5900000)
  from space 4608K, 73% used [0x00000000d5900000,0x00000000d5c4e608,0x00000000d5d80000)
  to   space 4096K, 0% used [0x00000000d5e00000,0x00000000d5e00000,0x00000000d6200000)
 ParOldGen       total 120320K, used 95686K [0x0000000080000000, 0x0000000087580000, 0x00000000d5580000)
  object space 120320K, 79% used [0x0000000080000000,0x0000000085d71b28,0x0000000087580000)
 Metaspace       used 75476K, committed 77184K, reserved 1179648K
  class space    used 7744K, committed 8448K, reserved 1048576K
}
Event: 572.698 GC heap after
{Heap after GC invocations=360 (full 4):
 PSYoungGen      total 8704K, used 3679K [0x00000000d5580000, 0x00000000d6200000, 0x0000000100000000)
  eden space 4608K, 0% used [0x00000000d5580000,0x00000000d5580000,0x00000000d5a00000)
  from space 4096K, 89% used [0x00000000d5e00000,0x00000000d6197ce8,0x00000000d6200000)
  to   space 4096K, 0% used [0x00000000d5a00000,0x00000000d5a00000,0x00000000d5e00000)
 ParOldGen       total 120320K, used 98606K [0x0000000080000000, 0x0000000087580000, 0x00000000d5580000)
  object space 120320K, 81% used [0x0000000080000000,0x000000008604bbd8,0x0000000087580000)
 Metaspace       used 75476K, committed 77184K, reserved 1179648K
  class space    used 7744K, committed 8448K, reserved 1048576K
}
Event: 573.254 GC heap before
{Heap before GC invocations=361 (full 4):
 PSYoungGen      total 8704K, used 8287K [0x00000000d5580000, 0x00000000d6200000, 0x0000000100000000)
  eden space 4608K, 100% used [0x00000000d5580000,0x00000000d5a00000,0x00000000d5a00000)
  from space 4096K, 89% used [0x00000000d5e00000,0x00000000d6197ce8,0x00000000d6200000)
  to   space 4096K, 0% used [0x00000000d5a00000,0x00000000d5a00000,0x00000000d5e00000)
 ParOldGen       total 132096K, used 129327K [0x0000000080000000, 0x0000000088100000, 0x00000000d5580000)
  object space 132096K, 97% used [0x0000000080000000,0x0000000087e4bc08,0x0000000088100000)
 Metaspace       used 75483K, committed 77184K, reserved 1179648K
  class space    used 7744K, committed 8448K, reserved 1048576K
}
Event: 573.261 GC heap after
{Heap after GC invocations=361 (full 4):
 PSYoungGen      total 5632K, used 864K [0x00000000d5580000, 0x00000000d5e80000, 0x0000000100000000)
  eden space 4608K, 0% used [0x00000000d5580000,0x00000000d5580000,0x00000000d5a00000)
  from space 1024K, 84% used [0x00000000d5a00000,0x00000000d5ad8000,0x00000000d5b00000)
  to   space 2048K, 0% used [0x00000000d5c80000,0x00000000d5c80000,0x00000000d5e80000)
 ParOldGen       total 132096K, used 131439K [0x0000000080000000, 0x0000000088100000, 0x00000000d5580000)
  object space 132096K, 99% used [0x0000000080000000,0x000000008805bc08,0x0000000088100000)
 Metaspace       used 75483K, committed 77184K, reserved 1179648K
  class space    used 7744K, committed 8448K, reserved 1048576K
}
Event: 583.434 GC heap before
{Heap before GC invocations=362 (full 4):
 PSYoungGen      total 5632K, used 5472K [0x00000000d5580000, 0x00000000d5e80000, 0x0000000100000000)
  eden space 4608K, 100% used [0x00000000d5580000,0x00000000d5a00000,0x00000000d5a00000)
  from space 1024K, 84% used [0x00000000d5a00000,0x00000000d5ad8000,0x00000000d5b00000)
  to   space 2048K, 0% used [0x00000000d5c80000,0x00000000d5c80000,0x00000000d5e80000)
 ParOldGen       total 132096K, used 131439K [0x0000000080000000, 0x0000000088100000, 0x00000000d5580000)
  object space 132096K, 99% used [0x0000000080000000,0x000000008805bc08,0x0000000088100000)
 Metaspace       used 75489K, committed 77184K, reserved 1179648K
  class space    used 7744K, committed 8448K, reserved 1048576K
}
Event: 583.437 GC heap after
{Heap after GC invocations=362 (full 4):
 PSYoungGen      total 5632K, used 548K [0x00000000d5580000, 0x00000000d5d80000, 0x0000000100000000)
  eden space 4608K, 0% used [0x00000000d5580000,0x00000000d5580000,0x00000000d5a00000)
  from space 1024K, 53% used [0x00000000d5c80000,0x00000000d5d09210,0x00000000d5d80000)
  to   space 1024K, 0% used [0x00000000d5a00000,0x00000000d5a00000,0x00000000d5b00000)
 ParOldGen       total 132096K, used 132035K [0x0000000080000000, 0x0000000088100000, 0x00000000d5580000)
  object space 132096K, 99% used [0x0000000080000000,0x00000000880f0e10,0x0000000088100000)
 Metaspace       used 75489K, committed 77184K, reserved 1179648K
  class space    used 7744K, committed 8448K, reserved 1048576K
}
Event: 583.460 GC heap before
{Heap before GC invocations=363 (full 4):
 PSYoungGen      total 5632K, used 5156K [0x00000000d5580000, 0x00000000d5d80000, 0x0000000100000000)
  eden space 4608K, 100% used [0x00000000d5580000,0x00000000d5a00000,0x00000000d5a00000)
  from space 1024K, 53% used [0x00000000d5c80000,0x00000000d5d09210,0x00000000d5d80000)
  to   space 1024K, 0% used [0x00000000d5a00000,0x00000000d5a00000,0x00000000d5b00000)
 ParOldGen       total 132096K, used 132035K [0x0000000080000000, 0x0000000088100000, 0x00000000d5580000)
  object space 132096K, 99% used [0x0000000080000000,0x00000000880f0e10,0x0000000088100000)
 Metaspace       used 75497K, committed 77184K, reserved 1179648K
  class space    used 7746K, committed 8448K, reserved 1048576K
}
Event: 583.461 GC heap after
{Heap after GC invocations=363 (full 4):
 PSYoungGen      total 5632K, used 608K [0x00000000d5580000, 0x00000000d5d00000, 0x0000000100000000)
  eden space 4608K, 0% used [0x00000000d5580000,0x00000000d5580000,0x00000000d5a00000)
  from space 1024K, 59% used [0x00000000d5a00000,0x00000000d5a98000,0x00000000d5b00000)
  to   space 1024K, 0% used [0x00000000d5c00000,0x00000000d5c00000,0x00000000d5d00000)
 ParOldGen       total 132608K, used 132424K [0x0000000080000000, 0x0000000088180000, 0x00000000d5580000)
  object space 132608K, 99% used [0x0000000080000000,0x0000000088152020,0x0000000088180000)
 Metaspace       used 75497K, committed 77184K, reserved 1179648K
  class space    used 7746K, committed 8448K, reserved 1048576K
}
Event: 600.662 GC heap before
{Heap before GC invocations=364 (full 4):
 PSYoungGen      total 5632K, used 5216K [0x00000000d5580000, 0x00000000d5d00000, 0x0000000100000000)
  eden space 4608K, 100% used [0x00000000d5580000,0x00000000d5a00000,0x00000000d5a00000)
  from space 1024K, 59% used [0x00000000d5a00000,0x00000000d5a98000,0x00000000d5b00000)
  to   space 1024K, 0% used [0x00000000d5c00000,0x00000000d5c00000,0x00000000d5d00000)
 ParOldGen       total 132608K, used 132424K [0x0000000080000000, 0x0000000088180000, 0x00000000d5580000)
  object space 132608K, 99% used [0x0000000080000000,0x0000000088152020,0x0000000088180000)
 Metaspace       used 75507K, committed 77184K, reserved 1179648K
  class space    used 7746K, committed 8448K, reserved 1048576K
}
Event: 600.664 GC heap after
{Heap after GC invocations=364 (full 4):
 PSYoungGen      total 5632K, used 762K [0x00000000d5580000, 0x00000000d5d00000, 0x0000000100000000)
  eden space 4608K, 0% used [0x00000000d5580000,0x00000000d5580000,0x00000000d5a00000)
  from space 1024K, 74% used [0x00000000d5c00000,0x00000000d5cbe900,0x00000000d5d00000)
  to   space 1024K, 0% used [0x00000000d5a00000,0x00000000d5a00000,0x00000000d5b00000)
 ParOldGen       total 133120K, used 132892K [0x0000000080000000, 0x0000000088200000, 0x00000000d5580000)
  object space 133120K, 99% used [0x0000000080000000,0x00000000881c7090,0x0000000088200000)
 Metaspace       used 75507K, committed 77184K, reserved 1179648K
  class space    used 7746K, committed 8448K, reserved 1048576K
}
Event: 600.759 GC heap before
{Heap before GC invocations=365 (full 4):
 PSYoungGen      total 5632K, used 5370K [0x00000000d5580000, 0x00000000d5d00000, 0x0000000100000000)
  eden space 4608K, 100% used [0x00000000d5580000,0x00000000d5a00000,0x00000000d5a00000)
  from space 1024K, 74% used [0x00000000d5c00000,0x00000000d5cbe900,0x00000000d5d00000)
  to   space 1024K, 0% used [0x00000000d5a00000,0x00000000d5a00000,0x00000000d5b00000)
 ParOldGen       total 133120K, used 132892K [0x0000000080000000, 0x0000000088200000, 0x00000000d5580000)
  object space 133120K, 99% used [0x0000000080000000,0x00000000881c7090,0x0000000088200000)
 Metaspace       used 75597K, committed 77312K, reserved 1179648K
  class space    used 7747K, committed 8448K, reserved 1048576K
}
Event: 600.760 GC heap after
{Heap after GC invocations=365 (full 4):
 PSYoungGen      total 5632K, used 640K [0x00000000d5580000, 0x00000000d5c80000, 0x0000000100000000)
  eden space 4608K, 0% used [0x00000000d5580000,0x00000000d5580000,0x00000000d5a00000)
  from space 1024K, 62% used [0x00000000d5a00000,0x00000000d5aa0000,0x00000000d5b00000)
  to   space 1024K, 0% used [0x00000000d5b80000,0x00000000d5b80000,0x00000000d5c80000)
 ParOldGen       total 133632K, used 133491K [0x0000000080000000, 0x0000000088280000, 0x00000000d5580000)
  object space 133632K, 99% used [0x0000000080000000,0x000000008825cc90,0x0000000088280000)
 Metaspace       used 75597K, committed 77312K, reserved 1179648K
  class space    used 7747K, committed 8448K, reserved 1048576K
}
Event: 601.595 GC heap before
{Heap before GC invocations=366 (full 4):
 PSYoungGen      total 5632K, used 5248K [0x00000000d5580000, 0x00000000d5c80000, 0x0000000100000000)
  eden space 4608K, 100% used [0x00000000d5580000,0x00000000d5a00000,0x00000000d5a00000)
  from space 1024K, 62% used [0x00000000d5a00000,0x00000000d5aa0000,0x00000000d5b00000)
  to   space 1024K, 0% used [0x00000000d5b80000,0x00000000d5b80000,0x00000000d5c80000)
 ParOldGen       total 133632K, used 133491K [0x0000000080000000, 0x0000000088280000, 0x00000000d5580000)
  object space 133632K, 99% used [0x0000000080000000,0x000000008825cc90,0x0000000088280000)
 Metaspace       used 75649K, committed 77376K, reserved 1179648K
  class space    used 7747K, committed 8448K, reserved 1048576K
}
Event: 601.596 GC heap after
{Heap after GC invocations=366 (full 4):
 PSYoungGen      total 5120K, used 448K [0x00000000d5580000, 0x00000000d5c00000, 0x0000000100000000)
  eden space 4608K, 0% used [0x00000000d5580000,0x00000000d5580000,0x00000000d5a00000)
  from space 512K, 87% used [0x00000000d5b80000,0x00000000d5bf0000,0x00000000d5c00000)
  to   space 1024K, 0% used [0x00000000d5a00000,0x00000000d5a00000,0x00000000d5b00000)
 ParOldGen       total 134144K, used 134005K [0x0000000080000000, 0x0000000088300000, 0x00000000d5580000)
  object space 134144K, 99% used [0x0000000080000000,0x00000000882dd420,0x0000000088300000)
 Metaspace       used 75649K, committed 77376K, reserved 1179648K
  class space    used 7747K, committed 8448K, reserved 1048576K
}
Event: 601.922 GC heap before
{Heap before GC invocations=367 (full 4):
 PSYoungGen      total 5120K, used 5056K [0x00000000d5580000, 0x00000000d5c00000, 0x0000000100000000)
  eden space 4608K, 100% used [0x00000000d5580000,0x00000000d5a00000,0x00000000d5a00000)
  from space 512K, 87% used [0x00000000d5b80000,0x00000000d5bf0000,0x00000000d5c00000)
  to   space 1024K, 0% used [0x00000000d5a00000,0x00000000d5a00000,0x00000000d5b00000)
 ParOldGen       total 134144K, used 134005K [0x0000000080000000, 0x0000000088300000, 0x00000000d5580000)
  object space 134144K, 99% used [0x0000000080000000,0x00000000882dd420,0x0000000088300000)
 Metaspace       used 75649K, committed 77376K, reserved 1179648K
  class space    used 7747K, committed 8448K, reserved 1048576K
}
Event: 601.925 GC heap after
{Heap after GC invocations=367 (full 4):
 PSYoungGen      total 5632K, used 852K [0x00000000d5580000, 0x00000000d5c00000, 0x0000000100000000)
  eden space 4608K, 0% used [0x00000000d5580000,0x00000000d5580000,0x00000000d5a00000)
  from space 1024K, 83% used [0x00000000d5a00000,0x00000000d5ad5200,0x00000000d5b00000)
  to   space 1024K, 0% used [0x00000000d5b00000,0x00000000d5b00000,0x00000000d5c00000)
 ParOldGen       total 134656K, used 134291K [0x0000000080000000, 0x0000000088380000, 0x00000000d5580000)
  object space 134656K, 99% used [0x0000000080000000,0x0000000088324e00,0x0000000088380000)
 Metaspace       used 75649K, committed 77376K, reserved 1179648K
  class space    used 7747K, committed 8448K, reserved 1048576K
}
Event: 601.944 GC heap before
{Heap before GC invocations=368 (full 4):
 PSYoungGen      total 5632K, used 5460K [0x00000000d5580000, 0x00000000d5c00000, 0x0000000100000000)
  eden space 4608K, 100% used [0x00000000d5580000,0x00000000d5a00000,0x00000000d5a00000)
  from space 1024K, 83% used [0x00000000d5a00000,0x00000000d5ad5200,0x00000000d5b00000)
  to   space 1024K, 0% used [0x00000000d5b00000,0x00000000d5b00000,0x00000000d5c00000)
 ParOldGen       total 134656K, used 134291K [0x0000000080000000, 0x0000000088380000, 0x00000000d5580000)
  object space 134656K, 99% used [0x0000000080000000,0x0000000088324e00,0x0000000088380000)
 Metaspace       used 75656K, committed 77376K, reserved 1179648K
  class space    used 7747K, committed 8448K, reserved 1048576K
}
Event: 601.946 GC heap after
{Heap after GC invocations=368 (full 4):
 PSYoungGen      total 5632K, used 640K [0x00000000d5580000, 0x00000000d5c00000, 0x0000000100000000)
  eden space 4608K, 0% used [0x00000000d5580000,0x00000000d5580000,0x00000000d5a00000)
  from space 1024K, 62% used [0x00000000d5b00000,0x00000000d5ba0000,0x00000000d5c00000)
  to   space 1024K, 0% used [0x00000000d5a00000,0x00000000d5a00000,0x00000000d5b00000)
 ParOldGen       total 134656K, used 134387K [0x0000000080000000, 0x0000000088380000, 0x00000000d5580000)
  object space 134656K, 99% used [0x0000000080000000,0x000000008833ce00,0x0000000088380000)
 Metaspace       used 75656K, committed 77376K, reserved 1179648K
  class space    used 7747K, committed 8448K, reserved 1048576K
}
Event: 602.314 GC heap before
{Heap before GC invocations=369 (full 4):
 PSYoungGen      total 5632K, used 5248K [0x00000000d5580000, 0x00000000d5c00000, 0x0000000100000000)
  eden space 4608K, 100% used [0x00000000d5580000,0x00000000d5a00000,0x00000000d5a00000)
  from space 1024K, 62% used [0x00000000d5b00000,0x00000000d5ba0000,0x00000000d5c00000)
  to   space 1024K, 0% used [0x00000000d5a00000,0x00000000d5a00000,0x00000000d5b00000)
 ParOldGen       total 134656K, used 134387K [0x0000000080000000, 0x0000000088380000, 0x00000000d5580000)
  object space 134656K, 99% used [0x0000000080000000,0x000000008833ce00,0x0000000088380000)
 Metaspace       used 75665K, committed 77376K, reserved 1179648K
  class space    used 7747K, committed 8448K, reserved 1048576K
}
Event: 602.317 GC heap after
{Heap after GC invocations=369 (full 4):
 PSYoungGen      total 5632K, used 448K [0x00000000d5580000, 0x00000000d5c00000, 0x0000000100000000)
  eden space 4608K, 0% used [0x00000000d5580000,0x00000000d5580000,0x00000000d5a00000)
  from space 1024K, 43% used [0x00000000d5a00000,0x00000000d5a70000,0x00000000d5b00000)
  to   space 1024K, 0% used [0x00000000d5b00000,0x00000000d5b00000,0x00000000d5c00000)
 ParOldGen       total 134656K, used 134395K [0x0000000080000000, 0x0000000088380000, 0x00000000d5580000)
  object space 134656K, 99% used [0x0000000080000000,0x000000008833ee00,0x0000000088380000)
 Metaspace       used 75665K, committed 77376K, reserved 1179648K
  class space    used 7747K, committed 8448K, reserved 1048576K
}

